<?xml version="1.0" encoding="utf-8" ?>
<!DOCTYPE html PUBLIC "-//W3C//DTD XHTML 1.0 Strict//EN"
        "http://www.w3.org/TR/xhtml1/DTD/xhtml1-strict.dtd">
<html xmlns="http://www.w3.org/1999/xhtml" xml:lang="" lang="">
<head>
  <title>Test Results Report - Selenium - TestNG - Safari on Mac</title>
  <meta http-equiv="Content-Type" content="text/html;charset=utf-8" />
  <meta name="description" content="TestNG unit test results." />
  <link href="reportng.css" rel="stylesheet" type="text/css" />
    <script type="text/javascript" src="reportng.js"></script>
</head>
<body>
<h1>Selenium - TestNG - Safari on Mac</h1>
<p>
  Test duration: 67781.640s
</p>





  <table class="resultsTable">
    <tr><th colspan="4" class="header passed">Passed Tests</th></tr>
          <tr>
        <td colspan="4" class="group">FptShop.FptShopTests</td>
      </tr> 
            
<tr>

  <td class="method">
    <a href="javascript:void(0)" onclick="clickHandler(this);" title="Click to expand/collapse">
                  <span class="description" title="TC 001a: Verify Order An Item By Search Suggestion Successfully">TC001a_Order_By_Search_Suggestion</span>
         </a>
  </td>
  
  <td class="TMDes">TC 001a: Verify Order An Item By Search Suggestion Successfully</td>

  <td class="duration">
    346.280s
  </td>
  <td class="result">
        
            


      </td>
</tr>
<tr>

  <td class="method">
    <a href="javascript:void(0)" onclick="clickHandler(this);" title="Click to expand/collapse">
                  <span class="description" title="TC 001b: Verify ShopBooking An Item By Search Suggestion Successfully">TC001b_Order_By_Search_Suggestion</span>
         </a>
  </td>
  
  <td class="TMDes">TC 001b: Verify ShopBooking An Item By Search Suggestion Successfully</td>

  <td class="duration">
    344.765s
  </td>
  <td class="result">
        
            


      </td>
</tr>
<tr>

  <td class="method">
    <a href="javascript:void(0)" onclick="clickHandler(this);" title="Click to expand/collapse">
                  <span class="description" title="TC 001c: Verify Installment Buying An Item By Search Suggestion Successfully">TC001c_Installment_Buying_By_Search_Suggestion</span>
         </a>
  </td>
  
  <td class="TMDes">TC 001c: Verify Installment Buying An Item By Search Suggestion Successfully</td>

  <td class="duration">
    267.638s
  </td>
  <td class="result">
        
            


      </td>
</tr>
<tr>

  <td class="method">
    <a href="javascript:void(0)" onclick="clickHandler(this);" title="Click to expand/collapse">
                  <span class="description" title="TC 002a: Verify Order An Item By Advanced Searching Successfully">TC002a_Order_By_Advanced_Searching</span>
         </a>
  </td>
  
  <td class="TMDes">TC 002a: Verify Order An Item By Advanced Searching Successfully</td>

  <td class="duration">
    346.294s
  </td>
  <td class="result">
        
            


      </td>
</tr>
<tr>

  <td class="method">
    <a href="javascript:void(0)" onclick="clickHandler(this);" title="Click to expand/collapse">
                  <span class="description" title="TC 002b: Verify Shopbooking An Item By Advanced Searching Successfully">TC002b_Order_By_Advanced_Searching</span>
         </a>
  </td>
  
  <td class="TMDes">TC 002b: Verify Shopbooking An Item By Advanced Searching Successfully</td>

  <td class="duration">
    343.928s
  </td>
  <td class="result">
        
            


      </td>
</tr>
<tr>

  <td class="method">
    <a href="javascript:void(0)" onclick="clickHandler(this);" title="Click to expand/collapse">
                  <span class="description" title="TC 002c: Verify Installment Buying An Item By Advanced Searching Successfully">TC002c_Installment_Buying_By_Advanced_Searching</span>
         </a>
  </td>
  
  <td class="TMDes">TC 002c: Verify Installment Buying An Item By Advanced Searching Successfully</td>

  <td class="duration">
    204.964s
  </td>
  <td class="result">
        
               

     <div id=TC002c_Installment_Buying_By_Advanced_Searching class="testOutput" style="display: none;">
                           &lt;a href=&apos;/Users/ddinnguyeenx/eclipse-fptshop/QTiumFramework/src/Selenium-TestNG/failure-screenshots/25_07_2018 /safari/25_07_2018_04_26_59_TC002c_Installment_Buying_By_Advanced_Searching.png&apos;&gt; &lt;img src=&apos;/Users/ddinnguyeenx/eclipse-fptshop/QTiumFramework/src/Selenium-TestNG/failure-screenshots/25_07_2018 /safari/25_07_2018_04_26_59_TC002c_Installment_Buying_By_Advanced_Searching.png&apos; height=&apos;100&apos; width=&apos;100&apos;/&gt; &lt;/a&gt;<br />
                     </div>
     


        <a href="javascript:toggleElement('exception-5', 'block')" title="Click to expand/collapse"><b>java.lang.AssertionError: expected [true] but found [false]</b></a><br />
    <div class="stackTrace" id="exception-5">
              org.testng.Assert.fail(Assert.java:94)<br />
              org.testng.Assert.failNotEquals(Assert.java:496)<br />
              org.testng.Assert.assertTrue(Assert.java:42)<br />
              org.testng.Assert.assertTrue(Assert.java:52)<br />
              com.logigear.selenium.QTiumAssert.verifyTrue(QTiumAssert.java:14)<br />
              com.logigear.selenium.QTiumAssert.verifyTrue(QTiumAssert.java:27)<br />
              FptShop.InstallmentBuyingPage.checkInstallmentBuyingResult(InstallmentBuyingPage.java:82)<br />
              FptShop.FptShopTests.TC002c_Installment_Buying_By_Advanced_Searching(FptShopTests.java:576)<br />
              sun.reflect.NativeMethodAccessorImpl.invoke0(Native Method)<br />
              sun.reflect.NativeMethodAccessorImpl.invoke(NativeMethodAccessorImpl.java:62)<br />
              sun.reflect.DelegatingMethodAccessorImpl.invoke(DelegatingMethodAccessorImpl.java:43)<br />
              java.lang.reflect.Method.invoke(Method.java:498)<br />
              org.testng.internal.MethodInvocationHelper.invokeMethod(MethodInvocationHelper.java:85)<br />
              org.testng.internal.Invoker.invokeMethod(Invoker.java:639)<br />
              org.testng.internal.Invoker.invokeTestMethod(Invoker.java:816)<br />
              org.testng.internal.Invoker.invokeTestMethods(Invoker.java:1124)<br />
              org.testng.internal.TestMethodWorker.invokeTestMethods(TestMethodWorker.java:125)<br />
              org.testng.internal.TestMethodWorker.run(TestMethodWorker.java:108)<br />
              org.testng.TestRunner.privateRun(TestRunner.java:774)<br />
              org.testng.TestRunner.run(TestRunner.java:624)<br />
              org.testng.SuiteRunner.runTest(SuiteRunner.java:359)<br />
              org.testng.SuiteRunner.runSequentially(SuiteRunner.java:354)<br />
              org.testng.SuiteRunner.privateRun(SuiteRunner.java:312)<br />
              org.testng.SuiteRunner.run(SuiteRunner.java:261)<br />
              org.testng.SuiteRunnerWorker.runSuite(SuiteRunnerWorker.java:52)<br />
              org.testng.SuiteRunnerWorker.run(SuiteRunnerWorker.java:86)<br />
              org.testng.TestNG.runSuitesSequentially(TestNG.java:1215)<br />
              org.testng.TestNG.runSuitesLocally(TestNG.java:1140)<br />
              org.testng.TestNG.run(TestNG.java:1048)<br />
              org.testng.remote.AbstractRemoteTestNG.run(AbstractRemoteTestNG.java:114)<br />
              org.testng.remote.RemoteTestNG.initAndRun(RemoteTestNG.java:251)<br />
              org.testng.remote.RemoteTestNG.main(RemoteTestNG.java:77)<br />
                </div>
      </td>
</tr>
<tr>

  <td class="method">
    <a href="javascript:void(0)" onclick="clickHandler(this);" title="Click to expand/collapse">
                  <span class="description" title="TC 003a: Verify Order An Item By BuyNowButton After Selecting Item At HomePage Successfully">TC003a_Order_By_Selecting_Item_At_HomePage</span>
         </a>
  </td>
  
  <td class="TMDes">TC 003a: Verify Order An Item By BuyNowButton After Selecting Item At HomePage Successfully</td>

  <td class="duration">
    58376.727s
  </td>
  <td class="result">
        
               

     <div id=TC003a_Order_By_Selecting_Item_At_HomePage class="testOutput" style="display: none;">
                           &lt;a href=&apos;/Users/ddinnguyeenx/eclipse-fptshop/QTiumFramework/src/Selenium-TestNG/failure-screenshots/26_07_2018 /safari/26_07_2018_08_39_56_TC003a_Order_By_Selecting_Item_At_HomePage.png&apos;&gt; &lt;img src=&apos;/Users/ddinnguyeenx/eclipse-fptshop/QTiumFramework/src/Selenium-TestNG/failure-screenshots/26_07_2018 /safari/26_07_2018_08_39_56_TC003a_Order_By_Selecting_Item_At_HomePage.png&apos; height=&apos;100&apos; width=&apos;100&apos;/&gt; &lt;/a&gt;<br />
                     </div>
     


        <a href="javascript:toggleElement('exception-6', 'block')" title="Click to expand/collapse"><b>java.lang.AssertionError: expected [true] but found [false]</b></a><br />
    <div class="stackTrace" id="exception-6">
              org.testng.Assert.fail(Assert.java:94)<br />
              org.testng.Assert.failNotEquals(Assert.java:496)<br />
              org.testng.Assert.assertTrue(Assert.java:42)<br />
              org.testng.Assert.assertTrue(Assert.java:52)<br />
              com.logigear.selenium.QTiumAssert.verifyTrue(QTiumAssert.java:14)<br />
              com.logigear.selenium.QTiumAssert.verifyTrue(QTiumAssert.java:27)<br />
              FptShop.OrderResultPage.checkOrderResult(OrderResultPage.java:37)<br />
              FptShop.FptShopTests.TC003a_Order_By_Selecting_Item_At_HomePage(FptShopTests.java:555)<br />
              sun.reflect.NativeMethodAccessorImpl.invoke0(Native Method)<br />
              sun.reflect.NativeMethodAccessorImpl.invoke(NativeMethodAccessorImpl.java:62)<br />
              sun.reflect.DelegatingMethodAccessorImpl.invoke(DelegatingMethodAccessorImpl.java:43)<br />
              java.lang.reflect.Method.invoke(Method.java:498)<br />
              org.testng.internal.MethodInvocationHelper.invokeMethod(MethodInvocationHelper.java:85)<br />
              org.testng.internal.Invoker.invokeMethod(Invoker.java:639)<br />
              org.testng.internal.Invoker.invokeTestMethod(Invoker.java:816)<br />
              org.testng.internal.Invoker.invokeTestMethods(Invoker.java:1124)<br />
              org.testng.internal.TestMethodWorker.invokeTestMethods(TestMethodWorker.java:125)<br />
              org.testng.internal.TestMethodWorker.run(TestMethodWorker.java:108)<br />
              org.testng.TestRunner.privateRun(TestRunner.java:774)<br />
              org.testng.TestRunner.run(TestRunner.java:624)<br />
              org.testng.SuiteRunner.runTest(SuiteRunner.java:359)<br />
              org.testng.SuiteRunner.runSequentially(SuiteRunner.java:354)<br />
              org.testng.SuiteRunner.privateRun(SuiteRunner.java:312)<br />
              org.testng.SuiteRunner.run(SuiteRunner.java:261)<br />
              org.testng.SuiteRunnerWorker.runSuite(SuiteRunnerWorker.java:52)<br />
              org.testng.SuiteRunnerWorker.run(SuiteRunnerWorker.java:86)<br />
              org.testng.TestNG.runSuitesSequentially(TestNG.java:1215)<br />
              org.testng.TestNG.runSuitesLocally(TestNG.java:1140)<br />
              org.testng.TestNG.run(TestNG.java:1048)<br />
              org.testng.remote.AbstractRemoteTestNG.run(AbstractRemoteTestNG.java:114)<br />
              org.testng.remote.RemoteTestNG.initAndRun(RemoteTestNG.java:251)<br />
              org.testng.remote.RemoteTestNG.main(RemoteTestNG.java:77)<br />
                </div>
      </td>
</tr>
<tr>

  <td class="method">
    <a href="javascript:void(0)" onclick="clickHandler(this);" title="Click to expand/collapse">
                  <span class="description" title="TC 003b: Verify Order An Item By ShopBookingLink After Selecting Item At HomePage Successfully">TC003b_Order_By_Selecting_Item_At_HomePage</span>
         </a>
  </td>
  
  <td class="TMDes">TC 003b: Verify Order An Item By ShopBookingLink After Selecting Item At HomePage Successfully</td>

  <td class="duration">
    297.396s
  </td>
  <td class="result">
        
            


      </td>
</tr>
<tr>

  <td class="method">
    <a href="javascript:void(0)" onclick="clickHandler(this);" title="Click to expand/collapse">
                  <span class="description" title="TC 003c: Verify Installment Buying An Item After Selecting Item At HomePage Successfully">TC003c_Instalment_Buying_By_Selecting_Item_At_HomePage</span>
         </a>
  </td>
  
  <td class="TMDes">TC 003c: Verify Installment Buying An Item After Selecting Item At HomePage Successfully</td>

  <td class="duration">
    279.192s
  </td>
  <td class="result">
        
            


      </td>
</tr>
<tr>

  <td class="method">
    <a href="javascript:void(0)" onclick="clickHandler(this);" title="Click to expand/collapse">
                  <span class="description" title="TC 004a: Verify Order An Item By BuyNowButton Through Category Successfully">TC004a_Order_Item_By_Category</span>
         </a>
  </td>
  
  <td class="TMDes">TC 004a: Verify Order An Item By BuyNowButton Through Category Successfully</td>

  <td class="duration">
    352.292s
  </td>
  <td class="result">
        
            


      </td>
</tr>
<tr>

  <td class="method">
    <a href="javascript:void(0)" onclick="clickHandler(this);" title="Click to expand/collapse">
                  <span class="description" title="TC 004b: Verify Order An Item By ShopBookingLink Through Category Successfully">TC004b_Order_Item_By_Category</span>
         </a>
  </td>
  
  <td class="TMDes">TC 004b: Verify Order An Item By ShopBookingLink Through Category Successfully</td>

  <td class="duration">
    319.713s
  </td>
  <td class="result">
        
            


      </td>
</tr>
<tr>

  <td class="method">
    <a href="javascript:void(0)" onclick="clickHandler(this);" title="Click to expand/collapse">
                  <span class="description" title="TC 004c: Verify Installment Buying An Item Through Category Successfully">TC004c_Installment_Buying_By_Category</span>
         </a>
  </td>
  
  <td class="TMDes">TC 004c: Verify Installment Buying An Item Through Category Successfully</td>

  <td class="duration">
    317.820s
  </td>
  <td class="result">
        
            


      </td>
</tr>
<tr>

  <td class="method">
    <a href="javascript:void(0)" onclick="clickHandler(this);" title="Click to expand/collapse">
                  <span class="description" title="TC 005a: Verify Order Best Buy Item By BuyNowButton Through Category Successfully">TC005a_Order_Best_Buy_Item_By_Category</span>
         </a>
  </td>
  
  <td class="TMDes">TC 005a: Verify Order Best Buy Item By BuyNowButton Through Category Successfully</td>

  <td class="duration">
    301.978s
  </td>
  <td class="result">
        
            


      </td>
</tr>
<tr>

  <td class="method">
    <a href="javascript:void(0)" onclick="clickHandler(this);" title="Click to expand/collapse">
                  <span class="description" title="TC 005b: Verify Order Best Buy Item By ShopBookingLink Through Category Successfully">TC005b_Order_Best_Buy_Item_By_Category</span>
         </a>
  </td>
  
  <td class="TMDes">TC 005b: Verify Order Best Buy Item By ShopBookingLink Through Category Successfully</td>

  <td class="duration">
    293.507s
  </td>
  <td class="result">
        
            


      </td>
</tr>
<tr>

  <td class="method">
    <a href="javascript:void(0)" onclick="clickHandler(this);" title="Click to expand/collapse">
                  <span class="description" title="TC 005c: Verify Installment Buying An Item Through Category Successfully">TC005c_Installment_Buying_Item_By_Category</span>
         </a>
  </td>
  
  <td class="TMDes">TC 005c: Verify Installment Buying An Item Through Category Successfully</td>

  <td class="duration">
    223.680s
  </td>
  <td class="result">
        
               

     <div id=TC005c_Installment_Buying_Item_By_Category class="testOutput" style="display: none;">
                           &lt;a href=&apos;/Users/ddinnguyeenx/eclipse-fptshop/QTiumFramework/src/Selenium-TestNG/failure-screenshots/26_07_2018 /safari/26_07_2018_09_19_42_TC005c_Installment_Buying_Item_By_Category.png&apos;&gt; &lt;img src=&apos;/Users/ddinnguyeenx/eclipse-fptshop/QTiumFramework/src/Selenium-TestNG/failure-screenshots/26_07_2018 /safari/26_07_2018_09_19_42_TC005c_Installment_Buying_Item_By_Category.png&apos; height=&apos;100&apos; width=&apos;100&apos;/&gt; &lt;/a&gt;<br />
                     </div>
     


        <a href="javascript:toggleElement('exception-14', 'block')" title="Click to expand/collapse"><b>java.lang.AssertionError: expected [true] but found [false]</b></a><br />
    <div class="stackTrace" id="exception-14">
              org.testng.Assert.fail(Assert.java:94)<br />
              org.testng.Assert.failNotEquals(Assert.java:496)<br />
              org.testng.Assert.assertTrue(Assert.java:42)<br />
              org.testng.Assert.assertTrue(Assert.java:52)<br />
              com.logigear.selenium.QTiumAssert.verifyTrue(QTiumAssert.java:14)<br />
              com.logigear.selenium.QTiumAssert.verifyTrue(QTiumAssert.java:27)<br />
              FptShop.InstallmentBuyingPage.checkInstallmentBuyingResult(InstallmentBuyingPage.java:82)<br />
              FptShop.FptShopTests.TC005c_Installment_Buying_Item_By_Category(FptShopTests.java:397)<br />
              sun.reflect.NativeMethodAccessorImpl.invoke0(Native Method)<br />
              sun.reflect.NativeMethodAccessorImpl.invoke(NativeMethodAccessorImpl.java:62)<br />
              sun.reflect.DelegatingMethodAccessorImpl.invoke(DelegatingMethodAccessorImpl.java:43)<br />
              java.lang.reflect.Method.invoke(Method.java:498)<br />
              org.testng.internal.MethodInvocationHelper.invokeMethod(MethodInvocationHelper.java:85)<br />
              org.testng.internal.Invoker.invokeMethod(Invoker.java:639)<br />
              org.testng.internal.Invoker.invokeTestMethod(Invoker.java:816)<br />
              org.testng.internal.Invoker.invokeTestMethods(Invoker.java:1124)<br />
              org.testng.internal.TestMethodWorker.invokeTestMethods(TestMethodWorker.java:125)<br />
              org.testng.internal.TestMethodWorker.run(TestMethodWorker.java:108)<br />
              org.testng.TestRunner.privateRun(TestRunner.java:774)<br />
              org.testng.TestRunner.run(TestRunner.java:624)<br />
              org.testng.SuiteRunner.runTest(SuiteRunner.java:359)<br />
              org.testng.SuiteRunner.runSequentially(SuiteRunner.java:354)<br />
              org.testng.SuiteRunner.privateRun(SuiteRunner.java:312)<br />
              org.testng.SuiteRunner.run(SuiteRunner.java:261)<br />
              org.testng.SuiteRunnerWorker.runSuite(SuiteRunnerWorker.java:52)<br />
              org.testng.SuiteRunnerWorker.run(SuiteRunnerWorker.java:86)<br />
              org.testng.TestNG.runSuitesSequentially(TestNG.java:1215)<br />
              org.testng.TestNG.runSuitesLocally(TestNG.java:1140)<br />
              org.testng.TestNG.run(TestNG.java:1048)<br />
              org.testng.remote.AbstractRemoteTestNG.run(AbstractRemoteTestNG.java:114)<br />
              org.testng.remote.RemoteTestNG.initAndRun(RemoteTestNG.java:251)<br />
              org.testng.remote.RemoteTestNG.main(RemoteTestNG.java:77)<br />
                </div>
      </td>
</tr>
<tr>

  <td class="method">
    <a href="javascript:void(0)" onclick="clickHandler(this);" title="Click to expand/collapse">
                  <span class="description" title="TC 006a: Verify Order An Item At Ranking Page Successfully">TC006a_Order_Item_Through_Ranking_Page</span>
         </a>
  </td>
  
  <td class="TMDes">TC 006a: Verify Order An Item At Ranking Page Successfully</td>

  <td class="duration">
    159.749s
  </td>
  <td class="result">
        
            


      </td>
</tr>
<tr>

  <td class="method">
    <a href="javascript:void(0)" onclick="clickHandler(this);" title="Click to expand/collapse">
                  <span class="description" title="TC 006b: Verify Order By Select An Item At Ranking Page Successfully">TC006b_Order_Item_Through_Ranking_Page</span>
         </a>
  </td>
  
  <td class="TMDes">TC 006b: Verify Order By Select An Item At Ranking Page Successfully</td>

  <td class="duration">
    386.679s
  </td>
  <td class="result">
        
            


      </td>
</tr>
<tr>

  <td class="method">
    <a href="javascript:void(0)" onclick="clickHandler(this);" title="Click to expand/collapse">
                  <span class="description" title="TC 006c: Verify ShopBooking By Select An Item At Ranking Page Successfully">TC006c_Order_Item_Through_Ranking_Page</span>
         </a>
  </td>
  
  <td class="TMDes">TC 006c: Verify ShopBooking By Select An Item At Ranking Page Successfully</td>

  <td class="duration">
    376.377s
  </td>
  <td class="result">
        
            


      </td>
</tr>
<tr>

  <td class="method">
    <a href="javascript:void(0)" onclick="clickHandler(this);" title="Click to expand/collapse">
                  <span class="description" title="TC 006d: Verify Installment Buying By Select An Item At Ranking Page Successfully">TC006d_Installment_Buying_Through_Ranking_Page</span>
         </a>
  </td>
  
  <td class="TMDes">TC 006d: Verify Installment Buying By Select An Item At Ranking Page Successfully</td>

  <td class="duration">
    300.048s
  </td>
  <td class="result">
        
            


      </td>
</tr>
<tr>

  <td class="method">
    <a href="javascript:void(0)" onclick="clickHandler(this);" title="Click to expand/collapse">
                  <span class="description" title="TC 007a: Verify Order An Item By Select Price Range At Category Page Successfully">TC007a_Order_By_Select_Price_Range_At_Category_Page</span>
         </a>
  </td>
  
  <td class="TMDes">TC 007a: Verify Order An Item By Select Price Range At Category Page Successfully</td>

  <td class="duration">
    297.613s
  </td>
  <td class="result">
        
            


      </td>
</tr>
<tr>

  <td class="method">
    <a href="javascript:void(0)" onclick="clickHandler(this);" title="Click to expand/collapse">
                  <span class="description" title="TC 007b: Verify ShopBooking An Item By Select Price Range At Category Page Successfully">TC007b_Order_By_Select_Price_Range_At_Category_Page</span>
         </a>
  </td>
  
  <td class="TMDes">TC 007b: Verify ShopBooking An Item By Select Price Range At Category Page Successfully</td>

  <td class="duration">
    346.053s
  </td>
  <td class="result">
        
            


      </td>
</tr>
<tr>

  <td class="method">
    <a href="javascript:void(0)" onclick="clickHandler(this);" title="Click to expand/collapse">
                  <span class="description" title="TC 007c: Verify Installment Buying An Item By Select Price Range At Category Page Successfully">TC007c_Installment_Buying_By_Select_Price_Range_At_Category_Page</span>
         </a>
  </td>
  
  <td class="TMDes">TC 007c: Verify Installment Buying An Item By Select Price Range At Category Page Successfully</td>

  <td class="duration">
    335.254s
  </td>
  <td class="result">
        
            


      </td>
</tr>
<tr>

  <td class="method">
    <a href="javascript:void(0)" onclick="clickHandler(this);" title="Click to expand/collapse">
                  <span class="description" title="TC 008a: Verify Order An Item By Select Brand At Category Page Successfully">TC008a_Order_By_Select_Brand_At_Category_Page</span>
         </a>
  </td>
  
  <td class="TMDes">TC 008a: Verify Order An Item By Select Brand At Category Page Successfully</td>

  <td class="duration">
    325.924s
  </td>
  <td class="result">
        
            


      </td>
</tr>
<tr>

  <td class="method">
    <a href="javascript:void(0)" onclick="clickHandler(this);" title="Click to expand/collapse">
                  <span class="description" title="TC 008b: Verify ShopBooking An Item By Select Brand At Category Page Successfully">TC008b_Order_By_Select_Brand_At_Category_Page</span>
         </a>
  </td>
  
  <td class="TMDes">TC 008b: Verify ShopBooking An Item By Select Brand At Category Page Successfully</td>

  <td class="duration">
    313.213s
  </td>
  <td class="result">
        
            


      </td>
</tr>
<tr>

  <td class="method">
    <a href="javascript:void(0)" onclick="clickHandler(this);" title="Click to expand/collapse">
                  <span class="description" title="TC 008c: Verify Installment Buying An Item By Select Brand At Category Page Successfully">TC008c_Installment_Buying_By_Select_Brand_At_Category_Page</span>
         </a>
  </td>
  
  <td class="TMDes">TC 008c: Verify Installment Buying An Item By Select Brand At Category Page Successfully</td>

  <td class="duration">
    329.531s
  </td>
  <td class="result">
        
            


      </td>
</tr>
<tr>

  <td class="method">
    <a href="javascript:void(0)" onclick="clickHandler(this);" title="Click to expand/collapse">
                  <span class="description" title="TC 009a: Verify Order An Item By Select Item At Category Page Successfully">TC009a_Order_By_Select_Item_At_Category_Page</span>
         </a>
  </td>
  
  <td class="TMDes">TC 009a: Verify Order An Item By Select Item At Category Page Successfully</td>

  <td class="duration">
    313.055s
  </td>
  <td class="result">
        
            


      </td>
</tr>
<tr>

  <td class="method">
    <a href="javascript:void(0)" onclick="clickHandler(this);" title="Click to expand/collapse">
                  <span class="description" title="TC 009b: Verify ShopBooking An Item By Select Item At Category Page Successfully">TC009b_Order_By_Select_Item_At_Category_Page</span>
         </a>
  </td>
  
  <td class="TMDes">TC 009b: Verify ShopBooking An Item By Select Item At Category Page Successfully</td>

  <td class="duration">
    295.157s
  </td>
  <td class="result">
        
            


      </td>
</tr>
<tr>

  <td class="method">
    <a href="javascript:void(0)" onclick="clickHandler(this);" title="Click to expand/collapse">
                  <span class="description" title="TC 009c: Verify Installment Buying An Item By Select Item At Category Page Successfully">TC009c_Installment_Buying_By_Select_Item_At_Category_Page</span>
         </a>
  </td>
  
  <td class="TMDes">TC 009c: Verify Installment Buying An Item By Select Item At Category Page Successfully</td>

  <td class="duration">
    253.816s
  </td>
  <td class="result">
        
            


      </td>
</tr>
<tr>

  <td class="method">
    <a href="javascript:void(0)" onclick="clickHandler(this);" title="Click to expand/collapse">
                  <span class="description" title="TC 010a: Verify Installment Buying At Installment Buying Category Page Successfully">TC010a_Installment_Buying_Through_Installment_Buying_Category_Page</span>
         </a>
  </td>
  
  <td class="TMDes">TC 010a: Verify Installment Buying At Installment Buying Category Page Successfully</td>

  <td class="duration">
    231.021s
  </td>
  <td class="result">
        
            


      </td>
</tr>
<tr>

  <td class="method">
    <a href="javascript:void(0)" onclick="clickHandler(this);" title="Click to expand/collapse">
                  <span class="description" title="TC 010b: Verify Installment Buying Through Installment Buying Category Page Successfully">TC010b_Installment_Buying_Through_Installment_Buying_Category_Page</span>
         </a>
  </td>
  
  <td class="TMDes">TC 010b: Verify Installment Buying Through Installment Buying Category Page Successfully</td>

  <td class="duration">
    339.820s
  </td>
  <td class="result">
        
            


      </td>
</tr>
<tr>

  <td class="method">
    <a href="javascript:void(0)" onclick="clickHandler(this);" title="Click to expand/collapse">
                  <span class="description" title="TC 011a: Verify Order An Item At News Page Successfully">TC011a_Order_By_Select_Item_At_News_Page</span>
         </a>
  </td>
  
  <td class="TMDes">TC 011a: Verify Order An Item At News Page Successfully</td>

  <td class="duration">
    303.053s
  </td>
  <td class="result">
        
            


      </td>
</tr>
<tr>

  <td class="method">
    <a href="javascript:void(0)" onclick="clickHandler(this);" title="Click to expand/collapse">
                  <span class="description" title="TC 011b: Verify Installment Buying An Item By Select Item At News Page Successfully">TC011b_Installment_Buying_By_Select_Item_At_News_Page</span>
         </a>
  </td>
  
  <td class="TMDes">TC 011b: Verify Installment Buying An Item By Select Item At News Page Successfully</td>

  <td class="duration">
    256.576s
  </td>
  <td class="result">
        
            


      </td>
</tr>
      </table>
  
</body>
</html>
