<?xml version="1.0" encoding="utf-8" ?>
<!DOCTYPE html PUBLIC "-//W3C//DTD XHTML 1.0 Strict//EN"
        "http://www.w3.org/TR/xhtml1/DTD/xhtml1-strict.dtd">
<html xmlns="http://www.w3.org/1999/xhtml" xml:lang="" lang="">
<head>
  <title>Test Results Report - Selenium - TestNG - Chrome on Mac</title>
  <meta http-equiv="Content-Type" content="text/html;charset=utf-8" />
  <meta name="description" content="TestNG unit test results." />
  <link href="reportng.css" rel="stylesheet" type="text/css" />
    <script type="text/javascript" src="reportng.js"></script>
</head>
<body>
<h1>Selenium - TestNG - Chrome on Mac</h1>
<p>
  Test duration: 7145.452s
</p>





  <table class="resultsTable">
    <tr><th colspan="4" class="header passed">Passed Tests</th></tr>
          <tr>
        <td colspan="4" class="group">FptShop.FptShopTests</td>
      </tr> 
            
<tr>

  <td class="method">
    <a href="javascript:void(0)" onclick="clickHandler(this);" title="Click to expand/collapse">
                  <span class="description" title="TC 001a: Verify Order An Item By Search Suggestion Successfully">TC001a_Order_By_Search_Suggestion</span>
         </a>
  </td>
  
  <td class="TMDes">TC 001a: Verify Order An Item By Search Suggestion Successfully</td>

  <td class="duration">
    314.555s
  </td>
  <td class="result">
        
            


      </td>
</tr>
<tr>

  <td class="method">
    <a href="javascript:void(0)" onclick="clickHandler(this);" title="Click to expand/collapse">
                  <span class="description" title="TC 001b: Verify ShopBooking An Item By Search Suggestion Successfully">TC001b_Order_By_Search_Suggestion</span>
         </a>
  </td>
  
  <td class="TMDes">TC 001b: Verify ShopBooking An Item By Search Suggestion Successfully</td>

  <td class="duration">
    314.022s
  </td>
  <td class="result">
        
            


      </td>
</tr>
<tr>

  <td class="method">
    <a href="javascript:void(0)" onclick="clickHandler(this);" title="Click to expand/collapse">
                  <span class="description" title="TC 001c: Verify Installment Buying An Item By Search Suggestion Successfully">TC001c_Installment_Buying_By_Search_Suggestion</span>
         </a>
  </td>
  
  <td class="TMDes">TC 001c: Verify Installment Buying An Item By Search Suggestion Successfully</td>

  <td class="duration">
    129.515s
  </td>
  <td class="result">
        
            


      </td>
</tr>
<tr>

  <td class="method">
    <a href="javascript:void(0)" onclick="clickHandler(this);" title="Click to expand/collapse">
                  <span class="description" title="TC 002a: Verify Order An Item By Advanced Searching Successfully">TC002a_Order_By_Advanced_Searching</span>
         </a>
  </td>
  
  <td class="TMDes">TC 002a: Verify Order An Item By Advanced Searching Successfully</td>

  <td class="duration">
    254.203s
  </td>
  <td class="result">
        
            


      </td>
</tr>
<tr>

  <td class="method">
    <a href="javascript:void(0)" onclick="clickHandler(this);" title="Click to expand/collapse">
                  <span class="description" title="TC 002b: Verify Shopbooking An Item By Advanced Searching Successfully">TC002b_Order_By_Advanced_Searching</span>
         </a>
  </td>
  
  <td class="TMDes">TC 002b: Verify Shopbooking An Item By Advanced Searching Successfully</td>

  <td class="duration">
    314.171s
  </td>
  <td class="result">
        
            


      </td>
</tr>
<tr>

  <td class="method">
    <a href="javascript:void(0)" onclick="clickHandler(this);" title="Click to expand/collapse">
                  <span class="description" title="TC 002c: Verify Installment Buying An Item By Advanced Searching Successfully">TC002c_Installment_Buying_By_Advanced_Searching</span>
         </a>
  </td>
  
  <td class="TMDes">TC 002c: Verify Installment Buying An Item By Advanced Searching Successfully</td>

  <td class="duration">
    111.458s
  </td>
  <td class="result">
        
            


      </td>
</tr>
<tr>

  <td class="method">
    <a href="javascript:void(0)" onclick="clickHandler(this);" title="Click to expand/collapse">
                  <span class="description" title="TC 003a: Verify Order An Item By BuyNowButton After Selecting Item At HomePage Successfully">TC003a_Order_By_Selecting_Item_At_HomePage</span>
         </a>
  </td>
  
  <td class="TMDes">TC 003a: Verify Order An Item By BuyNowButton After Selecting Item At HomePage Successfully</td>

  <td class="duration">
    321.049s
  </td>
  <td class="result">
        
            


      </td>
</tr>
<tr>

  <td class="method">
    <a href="javascript:void(0)" onclick="clickHandler(this);" title="Click to expand/collapse">
                  <span class="description" title="TC 003b: Verify Order An Item By ShopBookingLink After Selecting Item At HomePage Successfully">TC003b_Order_By_Selecting_Item_At_HomePage</span>
         </a>
  </td>
  
  <td class="TMDes">TC 003b: Verify Order An Item By ShopBookingLink After Selecting Item At HomePage Successfully</td>

  <td class="duration">
    313.045s
  </td>
  <td class="result">
        
            


      </td>
</tr>
<tr>

  <td class="method">
    <a href="javascript:void(0)" onclick="clickHandler(this);" title="Click to expand/collapse">
                  <span class="description" title="TC 003c: Verify Installment Buying An Item After Selecting Item At HomePage Successfully">TC003c_Instalment_Buying_By_Selecting_Item_At_HomePage</span>
         </a>
  </td>
  
  <td class="TMDes">TC 003c: Verify Installment Buying An Item After Selecting Item At HomePage Successfully</td>

  <td class="duration">
    147.556s
  </td>
  <td class="result">
        
               

     <div id=TC003c_Instalment_Buying_By_Selecting_Item_At_HomePage class="testOutput" style="display: none;">
                           &lt;a href=&apos;/Users/ddinnguyeenx/eclipse-fptshop/QTiumFramework/src/Selenium-TestNG/failure-screenshots/07_08_2018 /chrome/07_08_2018_01_40_33_TC003c_Instalment_Buying_By_Selecting_Item_At_HomePage.png&apos;&gt; &lt;img src=&apos;/Users/ddinnguyeenx/eclipse-fptshop/QTiumFramework/src/Selenium-TestNG/failure-screenshots/07_08_2018 /chrome/07_08_2018_01_40_33_TC003c_Instalment_Buying_By_Selecting_Item_At_HomePage.png&apos; height=&apos;100&apos; width=&apos;100&apos;/&gt; &lt;/a&gt;<br />
                     </div>
     


        <a href="javascript:toggleElement('exception-8', 'block')" title="Click to expand/collapse"><b>java.lang.AssertionError: expected [true] but found [false]</b></a><br />
    <div class="stackTrace" id="exception-8">
              org.testng.Assert.fail(Assert.java:94)<br />
              org.testng.Assert.failNotEquals(Assert.java:496)<br />
              org.testng.Assert.assertTrue(Assert.java:42)<br />
              org.testng.Assert.assertTrue(Assert.java:52)<br />
              com.logigear.selenium.QTiumAssert.verifyTrue(QTiumAssert.java:14)<br />
              com.logigear.selenium.QTiumAssert.verifyTrue(QTiumAssert.java:27)<br />
              FptShop.InstallmentBuyingPage.checkInstallmentBuyingResult(InstallmentBuyingPage.java:82)<br />
              FptShop.FptShopTests.TC003c_Instalment_Buying_By_Selecting_Item_At_HomePage(FptShopTests.java:517)<br />
              sun.reflect.NativeMethodAccessorImpl.invoke0(Native Method)<br />
              sun.reflect.NativeMethodAccessorImpl.invoke(NativeMethodAccessorImpl.java:62)<br />
              sun.reflect.DelegatingMethodAccessorImpl.invoke(DelegatingMethodAccessorImpl.java:43)<br />
              java.lang.reflect.Method.invoke(Method.java:498)<br />
              org.testng.internal.MethodInvocationHelper.invokeMethod(MethodInvocationHelper.java:85)<br />
              org.testng.internal.Invoker.invokeMethod(Invoker.java:639)<br />
              org.testng.internal.Invoker.invokeTestMethod(Invoker.java:816)<br />
              org.testng.internal.Invoker.invokeTestMethods(Invoker.java:1124)<br />
              org.testng.internal.TestMethodWorker.invokeTestMethods(TestMethodWorker.java:125)<br />
              org.testng.internal.TestMethodWorker.run(TestMethodWorker.java:108)<br />
              org.testng.TestRunner.privateRun(TestRunner.java:774)<br />
              org.testng.TestRunner.run(TestRunner.java:624)<br />
              org.testng.SuiteRunner.runTest(SuiteRunner.java:359)<br />
              org.testng.SuiteRunner.runSequentially(SuiteRunner.java:354)<br />
              org.testng.SuiteRunner.privateRun(SuiteRunner.java:312)<br />
              org.testng.SuiteRunner.run(SuiteRunner.java:261)<br />
              org.testng.SuiteRunnerWorker.runSuite(SuiteRunnerWorker.java:52)<br />
              org.testng.SuiteRunnerWorker.run(SuiteRunnerWorker.java:86)<br />
              org.testng.TestNG.runSuitesSequentially(TestNG.java:1215)<br />
              org.testng.TestNG.runSuitesLocally(TestNG.java:1140)<br />
              org.testng.TestNG.run(TestNG.java:1048)<br />
              org.testng.remote.AbstractRemoteTestNG.run(AbstractRemoteTestNG.java:114)<br />
              org.testng.remote.RemoteTestNG.initAndRun(RemoteTestNG.java:251)<br />
              org.testng.remote.RemoteTestNG.main(RemoteTestNG.java:77)<br />
                </div>
      </td>
</tr>
<tr>

  <td class="method">
    <a href="javascript:void(0)" onclick="clickHandler(this);" title="Click to expand/collapse">
                  <span class="description" title="TC 004a: Verify Order An Item By BuyNowButton Through Category Successfully">TC004a_Order_Item_By_Category</span>
         </a>
  </td>
  
  <td class="TMDes">TC 004a: Verify Order An Item By BuyNowButton Through Category Successfully</td>

  <td class="duration">
    265.504s
  </td>
  <td class="result">
        
            


      </td>
</tr>
<tr>

  <td class="method">
    <a href="javascript:void(0)" onclick="clickHandler(this);" title="Click to expand/collapse">
                  <span class="description" title="TC 004b: Verify Order An Item By ShopBookingLink Through Category Successfully">TC004b_Order_Item_By_Category</span>
         </a>
  </td>
  
  <td class="TMDes">TC 004b: Verify Order An Item By ShopBookingLink Through Category Successfully</td>

  <td class="duration">
    265.601s
  </td>
  <td class="result">
        
            


      </td>
</tr>
<tr>

  <td class="method">
    <a href="javascript:void(0)" onclick="clickHandler(this);" title="Click to expand/collapse">
                  <span class="description" title="TC 004c: Verify Installment Buying An Item Through Category Successfully">TC004c_Installment_Buying_By_Category</span>
         </a>
  </td>
  
  <td class="TMDes">TC 004c: Verify Installment Buying An Item Through Category Successfully</td>

  <td class="duration">
    83.669s
  </td>
  <td class="result">
        
            


      </td>
</tr>
<tr>

  <td class="method">
    <a href="javascript:void(0)" onclick="clickHandler(this);" title="Click to expand/collapse">
                  <span class="description" title="TC 005a: Verify Order Best Buy Item By BuyNowButton Through Category Successfully">TC005a_Order_Best_Buy_Item_By_Category</span>
         </a>
  </td>
  
  <td class="TMDes">TC 005a: Verify Order Best Buy Item By BuyNowButton Through Category Successfully</td>

  <td class="duration">
    261.545s
  </td>
  <td class="result">
        
            


      </td>
</tr>
<tr>

  <td class="method">
    <a href="javascript:void(0)" onclick="clickHandler(this);" title="Click to expand/collapse">
                  <span class="description" title="TC 005b: Verify Order Best Buy Item By ShopBookingLink Through Category Successfully">TC005b_Order_Best_Buy_Item_By_Category</span>
         </a>
  </td>
  
  <td class="TMDes">TC 005b: Verify Order Best Buy Item By ShopBookingLink Through Category Successfully</td>

  <td class="duration">
    251.773s
  </td>
  <td class="result">
        
            


      </td>
</tr>
<tr>

  <td class="method">
    <a href="javascript:void(0)" onclick="clickHandler(this);" title="Click to expand/collapse">
                  <span class="description" title="TC 005c: Verify Installment Buying An Item Through Category Successfully">TC005c_Installment_Buying_Item_By_Category</span>
         </a>
  </td>
  
  <td class="TMDes">TC 005c: Verify Installment Buying An Item Through Category Successfully</td>

  <td class="duration">
    180.446s
  </td>
  <td class="result">
        
               

     <div id=TC005c_Installment_Buying_Item_By_Category class="testOutput" style="display: none;">
                           &lt;a href=&apos;/Users/ddinnguyeenx/eclipse-fptshop/QTiumFramework/src/Selenium-TestNG/failure-screenshots/07_08_2018 /chrome/07_08_2018_02_02_23_TC005c_Installment_Buying_Item_By_Category.png&apos;&gt; &lt;img src=&apos;/Users/ddinnguyeenx/eclipse-fptshop/QTiumFramework/src/Selenium-TestNG/failure-screenshots/07_08_2018 /chrome/07_08_2018_02_02_23_TC005c_Installment_Buying_Item_By_Category.png&apos; height=&apos;100&apos; width=&apos;100&apos;/&gt; &lt;/a&gt;<br />
                     </div>
     


        <a href="javascript:toggleElement('exception-14', 'block')" title="Click to expand/collapse"><b>java.lang.AssertionError: expected [true] but found [false]</b></a><br />
    <div class="stackTrace" id="exception-14">
              org.testng.Assert.fail(Assert.java:94)<br />
              org.testng.Assert.failNotEquals(Assert.java:496)<br />
              org.testng.Assert.assertTrue(Assert.java:42)<br />
              org.testng.Assert.assertTrue(Assert.java:52)<br />
              com.logigear.selenium.QTiumAssert.verifyTrue(QTiumAssert.java:14)<br />
              com.logigear.selenium.QTiumAssert.verifyTrue(QTiumAssert.java:27)<br />
              FptShop.InstallmentBuyingPage.checkInstallmentBuyingResult(InstallmentBuyingPage.java:82)<br />
              FptShop.FptShopTests.TC005c_Installment_Buying_Item_By_Category(FptShopTests.java:397)<br />
              sun.reflect.NativeMethodAccessorImpl.invoke0(Native Method)<br />
              sun.reflect.NativeMethodAccessorImpl.invoke(NativeMethodAccessorImpl.java:62)<br />
              sun.reflect.DelegatingMethodAccessorImpl.invoke(DelegatingMethodAccessorImpl.java:43)<br />
              java.lang.reflect.Method.invoke(Method.java:498)<br />
              org.testng.internal.MethodInvocationHelper.invokeMethod(MethodInvocationHelper.java:85)<br />
              org.testng.internal.Invoker.invokeMethod(Invoker.java:639)<br />
              org.testng.internal.Invoker.invokeTestMethod(Invoker.java:816)<br />
              org.testng.internal.Invoker.invokeTestMethods(Invoker.java:1124)<br />
              org.testng.internal.TestMethodWorker.invokeTestMethods(TestMethodWorker.java:125)<br />
              org.testng.internal.TestMethodWorker.run(TestMethodWorker.java:108)<br />
              org.testng.TestRunner.privateRun(TestRunner.java:774)<br />
              org.testng.TestRunner.run(TestRunner.java:624)<br />
              org.testng.SuiteRunner.runTest(SuiteRunner.java:359)<br />
              org.testng.SuiteRunner.runSequentially(SuiteRunner.java:354)<br />
              org.testng.SuiteRunner.privateRun(SuiteRunner.java:312)<br />
              org.testng.SuiteRunner.run(SuiteRunner.java:261)<br />
              org.testng.SuiteRunnerWorker.runSuite(SuiteRunnerWorker.java:52)<br />
              org.testng.SuiteRunnerWorker.run(SuiteRunnerWorker.java:86)<br />
              org.testng.TestNG.runSuitesSequentially(TestNG.java:1215)<br />
              org.testng.TestNG.runSuitesLocally(TestNG.java:1140)<br />
              org.testng.TestNG.run(TestNG.java:1048)<br />
              org.testng.remote.AbstractRemoteTestNG.run(AbstractRemoteTestNG.java:114)<br />
              org.testng.remote.RemoteTestNG.initAndRun(RemoteTestNG.java:251)<br />
              org.testng.remote.RemoteTestNG.main(RemoteTestNG.java:77)<br />
                </div>
      </td>
</tr>
<tr>

  <td class="method">
    <a href="javascript:void(0)" onclick="clickHandler(this);" title="Click to expand/collapse">
                  <span class="description" title="TC 006a: Verify Order An Item At Ranking Page Successfully">TC006a_Order_Item_Through_Ranking_Page</span>
         </a>
  </td>
  
  <td class="TMDes">TC 006a: Verify Order An Item At Ranking Page Successfully</td>

  <td class="duration">
    330.778s
  </td>
  <td class="result">
        
               

     <div id=TC006a_Order_Item_Through_Ranking_Page class="testOutput" style="display: none;">
                           &lt;a href=&apos;/Users/ddinnguyeenx/eclipse-fptshop/QTiumFramework/src/Selenium-TestNG/failure-screenshots/07_08_2018 /chrome/07_08_2018_02_08_00_TC006a_Order_Item_Through_Ranking_Page.png&apos;&gt; &lt;img src=&apos;/Users/ddinnguyeenx/eclipse-fptshop/QTiumFramework/src/Selenium-TestNG/failure-screenshots/07_08_2018 /chrome/07_08_2018_02_08_00_TC006a_Order_Item_Through_Ranking_Page.png&apos; height=&apos;100&apos; width=&apos;100&apos;/&gt; &lt;/a&gt;<br />
                     </div>
     


        <a href="javascript:toggleElement('exception-15', 'block')" title="Click to expand/collapse"><b>java.lang.AssertionError: expected [true] but found [false]</b></a><br />
    <div class="stackTrace" id="exception-15">
              org.testng.Assert.fail(Assert.java:94)<br />
              org.testng.Assert.failNotEquals(Assert.java:496)<br />
              org.testng.Assert.assertTrue(Assert.java:42)<br />
              org.testng.Assert.assertTrue(Assert.java:52)<br />
              com.logigear.selenium.QTiumAssert.verifyTrue(QTiumAssert.java:14)<br />
              com.logigear.selenium.QTiumAssert.verifyTrue(QTiumAssert.java:27)<br />
              FptShop.RankingPage.checkOrderResult(RankingPage.java:70)<br />
              FptShop.FptShopTests.TC006a_Order_Item_Through_Ranking_Page(FptShopTests.java:379)<br />
              sun.reflect.NativeMethodAccessorImpl.invoke0(Native Method)<br />
              sun.reflect.NativeMethodAccessorImpl.invoke(NativeMethodAccessorImpl.java:62)<br />
              sun.reflect.DelegatingMethodAccessorImpl.invoke(DelegatingMethodAccessorImpl.java:43)<br />
              java.lang.reflect.Method.invoke(Method.java:498)<br />
              org.testng.internal.MethodInvocationHelper.invokeMethod(MethodInvocationHelper.java:85)<br />
              org.testng.internal.Invoker.invokeMethod(Invoker.java:639)<br />
              org.testng.internal.Invoker.invokeTestMethod(Invoker.java:816)<br />
              org.testng.internal.Invoker.invokeTestMethods(Invoker.java:1124)<br />
              org.testng.internal.TestMethodWorker.invokeTestMethods(TestMethodWorker.java:125)<br />
              org.testng.internal.TestMethodWorker.run(TestMethodWorker.java:108)<br />
              org.testng.TestRunner.privateRun(TestRunner.java:774)<br />
              org.testng.TestRunner.run(TestRunner.java:624)<br />
              org.testng.SuiteRunner.runTest(SuiteRunner.java:359)<br />
              org.testng.SuiteRunner.runSequentially(SuiteRunner.java:354)<br />
              org.testng.SuiteRunner.privateRun(SuiteRunner.java:312)<br />
              org.testng.SuiteRunner.run(SuiteRunner.java:261)<br />
              org.testng.SuiteRunnerWorker.runSuite(SuiteRunnerWorker.java:52)<br />
              org.testng.SuiteRunnerWorker.run(SuiteRunnerWorker.java:86)<br />
              org.testng.TestNG.runSuitesSequentially(TestNG.java:1215)<br />
              org.testng.TestNG.runSuitesLocally(TestNG.java:1140)<br />
              org.testng.TestNG.run(TestNG.java:1048)<br />
              org.testng.remote.AbstractRemoteTestNG.run(AbstractRemoteTestNG.java:114)<br />
              org.testng.remote.RemoteTestNG.initAndRun(RemoteTestNG.java:251)<br />
              org.testng.remote.RemoteTestNG.main(RemoteTestNG.java:77)<br />
                </div>
      </td>
</tr>
<tr>

  <td class="method">
    <a href="javascript:void(0)" onclick="clickHandler(this);" title="Click to expand/collapse">
                  <span class="description" title="TC 006b: Verify Order By Select An Item At Ranking Page Successfully">TC006b_Order_Item_Through_Ranking_Page</span>
         </a>
  </td>
  
  <td class="TMDes">TC 006b: Verify Order By Select An Item At Ranking Page Successfully</td>

  <td class="duration">
    273.530s
  </td>
  <td class="result">
        
            


      </td>
</tr>
<tr>

  <td class="method">
    <a href="javascript:void(0)" onclick="clickHandler(this);" title="Click to expand/collapse">
                  <span class="description" title="TC 006c: Verify ShopBooking By Select An Item At Ranking Page Successfully">TC006c_Order_Item_Through_Ranking_Page</span>
         </a>
  </td>
  
  <td class="TMDes">TC 006c: Verify ShopBooking By Select An Item At Ranking Page Successfully</td>

  <td class="duration">
    315.433s
  </td>
  <td class="result">
        
            


      </td>
</tr>
<tr>

  <td class="method">
    <a href="javascript:void(0)" onclick="clickHandler(this);" title="Click to expand/collapse">
                  <span class="description" title="TC 006d: Verify Installment Buying By Select An Item At Ranking Page Successfully">TC006d_Installment_Buying_Through_Ranking_Page</span>
         </a>
  </td>
  
  <td class="TMDes">TC 006d: Verify Installment Buying By Select An Item At Ranking Page Successfully</td>

  <td class="duration">
    146.638s
  </td>
  <td class="result">
        
               

     <div id=TC006d_Installment_Buying_Through_Ranking_Page class="testOutput" style="display: none;">
                           &lt;a href=&apos;/Users/ddinnguyeenx/eclipse-fptshop/QTiumFramework/src/Selenium-TestNG/failure-screenshots/07_08_2018 /chrome/07_08_2018_02_20_23_TC006d_Installment_Buying_Through_Ranking_Page.png&apos;&gt; &lt;img src=&apos;/Users/ddinnguyeenx/eclipse-fptshop/QTiumFramework/src/Selenium-TestNG/failure-screenshots/07_08_2018 /chrome/07_08_2018_02_20_23_TC006d_Installment_Buying_Through_Ranking_Page.png&apos; height=&apos;100&apos; width=&apos;100&apos;/&gt; &lt;/a&gt;<br />
                     </div>
     


        <a href="javascript:toggleElement('exception-18', 'block')" title="Click to expand/collapse"><b>java.lang.AssertionError: expected [true] but found [false]</b></a><br />
    <div class="stackTrace" id="exception-18">
              org.testng.Assert.fail(Assert.java:94)<br />
              org.testng.Assert.failNotEquals(Assert.java:496)<br />
              org.testng.Assert.assertTrue(Assert.java:42)<br />
              org.testng.Assert.assertTrue(Assert.java:52)<br />
              com.logigear.selenium.QTiumAssert.verifyTrue(QTiumAssert.java:14)<br />
              com.logigear.selenium.QTiumAssert.verifyTrue(QTiumAssert.java:27)<br />
              FptShop.InstallmentBuyingPage.checkInstallmentBuyingResult(InstallmentBuyingPage.java:82)<br />
              FptShop.FptShopTests.TC006d_Installment_Buying_Through_Ranking_Page(FptShopTests.java:324)<br />
              sun.reflect.NativeMethodAccessorImpl.invoke0(Native Method)<br />
              sun.reflect.NativeMethodAccessorImpl.invoke(NativeMethodAccessorImpl.java:62)<br />
              sun.reflect.DelegatingMethodAccessorImpl.invoke(DelegatingMethodAccessorImpl.java:43)<br />
              java.lang.reflect.Method.invoke(Method.java:498)<br />
              org.testng.internal.MethodInvocationHelper.invokeMethod(MethodInvocationHelper.java:85)<br />
              org.testng.internal.Invoker.invokeMethod(Invoker.java:639)<br />
              org.testng.internal.Invoker.invokeTestMethod(Invoker.java:816)<br />
              org.testng.internal.Invoker.invokeTestMethods(Invoker.java:1124)<br />
              org.testng.internal.TestMethodWorker.invokeTestMethods(TestMethodWorker.java:125)<br />
              org.testng.internal.TestMethodWorker.run(TestMethodWorker.java:108)<br />
              org.testng.TestRunner.privateRun(TestRunner.java:774)<br />
              org.testng.TestRunner.run(TestRunner.java:624)<br />
              org.testng.SuiteRunner.runTest(SuiteRunner.java:359)<br />
              org.testng.SuiteRunner.runSequentially(SuiteRunner.java:354)<br />
              org.testng.SuiteRunner.privateRun(SuiteRunner.java:312)<br />
              org.testng.SuiteRunner.run(SuiteRunner.java:261)<br />
              org.testng.SuiteRunnerWorker.runSuite(SuiteRunnerWorker.java:52)<br />
              org.testng.SuiteRunnerWorker.run(SuiteRunnerWorker.java:86)<br />
              org.testng.TestNG.runSuitesSequentially(TestNG.java:1215)<br />
              org.testng.TestNG.runSuitesLocally(TestNG.java:1140)<br />
              org.testng.TestNG.run(TestNG.java:1048)<br />
              org.testng.remote.AbstractRemoteTestNG.run(AbstractRemoteTestNG.java:114)<br />
              org.testng.remote.RemoteTestNG.initAndRun(RemoteTestNG.java:251)<br />
              org.testng.remote.RemoteTestNG.main(RemoteTestNG.java:77)<br />
                </div>
      </td>
</tr>
<tr>

  <td class="method">
    <a href="javascript:void(0)" onclick="clickHandler(this);" title="Click to expand/collapse">
                  <span class="description" title="TC 007a: Verify Order An Item By Select Price Range At Category Page Successfully">TC007a_Order_By_Select_Price_Range_At_Category_Page</span>
         </a>
  </td>
  
  <td class="TMDes">TC 007a: Verify Order An Item By Select Price Range At Category Page Successfully</td>

  <td class="duration">
    326.305s
  </td>
  <td class="result">
        
            


      </td>
</tr>
<tr>

  <td class="method">
    <a href="javascript:void(0)" onclick="clickHandler(this);" title="Click to expand/collapse">
                  <span class="description" title="TC 007b: Verify ShopBooking An Item By Select Price Range At Category Page Successfully">TC007b_Order_By_Select_Price_Range_At_Category_Page</span>
         </a>
  </td>
  
  <td class="TMDes">TC 007b: Verify ShopBooking An Item By Select Price Range At Category Page Successfully</td>

  <td class="duration">
    359.752s
  </td>
  <td class="result">
        
            


      </td>
</tr>
<tr>

  <td class="method">
    <a href="javascript:void(0)" onclick="clickHandler(this);" title="Click to expand/collapse">
                  <span class="description" title="TC 007c: Verify Installment Buying An Item By Select Price Range At Category Page Successfully">TC007c_Installment_Buying_By_Select_Price_Range_At_Category_Page</span>
         </a>
  </td>
  
  <td class="TMDes">TC 007c: Verify Installment Buying An Item By Select Price Range At Category Page Successfully</td>

  <td class="duration">
    211.395s
  </td>
  <td class="result">
        
            


      </td>
</tr>
<tr>

  <td class="method">
    <a href="javascript:void(0)" onclick="clickHandler(this);" title="Click to expand/collapse">
                  <span class="description" title="TC 008a: Verify Order An Item By Select Brand At Category Page Successfully">TC008a_Order_By_Select_Brand_At_Category_Page</span>
         </a>
  </td>
  
  <td class="TMDes">TC 008a: Verify Order An Item By Select Brand At Category Page Successfully</td>

  <td class="duration">
    287.054s
  </td>
  <td class="result">
        
            


      </td>
</tr>
<tr>

  <td class="method">
    <a href="javascript:void(0)" onclick="clickHandler(this);" title="Click to expand/collapse">
                  <span class="description" title="TC 008b: Verify ShopBooking An Item By Select Brand At Category Page Successfully">TC008b_Order_By_Select_Brand_At_Category_Page</span>
         </a>
  </td>
  
  <td class="TMDes">TC 008b: Verify ShopBooking An Item By Select Brand At Category Page Successfully</td>

  <td class="duration">
    256.039s
  </td>
  <td class="result">
        
            


      </td>
</tr>
<tr>

  <td class="method">
    <a href="javascript:void(0)" onclick="clickHandler(this);" title="Click to expand/collapse">
                  <span class="description" title="TC 008c: Verify Installment Buying An Item By Select Brand At Category Page Successfully">TC008c_Installment_Buying_By_Select_Brand_At_Category_Page</span>
         </a>
  </td>
  
  <td class="TMDes">TC 008c: Verify Installment Buying An Item By Select Brand At Category Page Successfully</td>

  <td class="duration">
    123.858s
  </td>
  <td class="result">
        
            


      </td>
</tr>
<tr>

  <td class="method">
    <a href="javascript:void(0)" onclick="clickHandler(this);" title="Click to expand/collapse">
                  <span class="description" title="TC 009a: Verify Order An Item By Select Item At Category Page Successfully">TC009a_Order_By_Select_Item_At_Category_Page</span>
         </a>
  </td>
  
  <td class="TMDes">TC 009a: Verify Order An Item By Select Item At Category Page Successfully</td>

  <td class="duration">
    253.541s
  </td>
  <td class="result">
        
            


      </td>
</tr>
<tr>

  <td class="method">
    <a href="javascript:void(0)" onclick="clickHandler(this);" title="Click to expand/collapse">
                  <span class="description" title="TC 009b: Verify ShopBooking An Item By Select Item At Category Page Successfully">TC009b_Order_By_Select_Item_At_Category_Page</span>
         </a>
  </td>
  
  <td class="TMDes">TC 009b: Verify ShopBooking An Item By Select Item At Category Page Successfully</td>

  <td class="duration">
    72.207s
  </td>
  <td class="result">
        
            


      </td>
</tr>
<tr>

  <td class="method">
    <a href="javascript:void(0)" onclick="clickHandler(this);" title="Click to expand/collapse">
                  <span class="description" title="TC 009c: Verify Installment Buying An Item By Select Item At Category Page Successfully">TC009c_Installment_Buying_By_Select_Item_At_Category_Page</span>
         </a>
  </td>
  
  <td class="TMDes">TC 009c: Verify Installment Buying An Item By Select Item At Category Page Successfully</td>

  <td class="duration">
    217.581s
  </td>
  <td class="result">
        
            


      </td>
</tr>
<tr>

  <td class="method">
    <a href="javascript:void(0)" onclick="clickHandler(this);" title="Click to expand/collapse">
                  <span class="description" title="TC 010a: Verify Installment Buying At Installment Buying Category Page Successfully">TC010a_Installment_Buying_Through_Installment_Buying_Category_Page</span>
         </a>
  </td>
  
  <td class="TMDes">TC 010a: Verify Installment Buying At Installment Buying Category Page Successfully</td>

  <td class="duration">
    101.538s
  </td>
  <td class="result">
        
               

     <div id=TC010a_Installment_Buying_Through_Installment_Buying_Category_Page class="testOutput" style="display: none;">
                           &lt;a href=&apos;/Users/ddinnguyeenx/eclipse-fptshop/QTiumFramework/src/Selenium-TestNG/failure-screenshots/07_08_2018 /chrome/07_08_2018_02_57_13_TC010a_Installment_Buying_Through_Installment_Buying_Category_Page.png&apos;&gt; &lt;img src=&apos;/Users/ddinnguyeenx/eclipse-fptshop/QTiumFramework/src/Selenium-TestNG/failure-screenshots/07_08_2018 /chrome/07_08_2018_02_57_13_TC010a_Installment_Buying_Through_Installment_Buying_Category_Page.png&apos; height=&apos;100&apos; width=&apos;100&apos;/&gt; &lt;/a&gt;<br />
                     </div>
     


        <a href="javascript:toggleElement('exception-28', 'block')" title="Click to expand/collapse"><b>java.lang.AssertionError: expected [true] but found [false]</b></a><br />
    <div class="stackTrace" id="exception-28">
              org.testng.Assert.fail(Assert.java:94)<br />
              org.testng.Assert.failNotEquals(Assert.java:496)<br />
              org.testng.Assert.assertTrue(Assert.java:42)<br />
              org.testng.Assert.assertTrue(Assert.java:52)<br />
              com.logigear.selenium.QTiumAssert.verifyTrue(QTiumAssert.java:14)<br />
              com.logigear.selenium.QTiumAssert.verifyTrue(QTiumAssert.java:27)<br />
              FptShop.InstallmentBuyingPage.checkInstallmentBuyingResult(InstallmentBuyingPage.java:82)<br />
              FptShop.FptShopTests.TC010a_Installment_Buying_Through_Installment_Buying_Category_Page(FptShopTests.java:103)<br />
              sun.reflect.NativeMethodAccessorImpl.invoke0(Native Method)<br />
              sun.reflect.NativeMethodAccessorImpl.invoke(NativeMethodAccessorImpl.java:62)<br />
              sun.reflect.DelegatingMethodAccessorImpl.invoke(DelegatingMethodAccessorImpl.java:43)<br />
              java.lang.reflect.Method.invoke(Method.java:498)<br />
              org.testng.internal.MethodInvocationHelper.invokeMethod(MethodInvocationHelper.java:85)<br />
              org.testng.internal.Invoker.invokeMethod(Invoker.java:639)<br />
              org.testng.internal.Invoker.invokeTestMethod(Invoker.java:816)<br />
              org.testng.internal.Invoker.invokeTestMethods(Invoker.java:1124)<br />
              org.testng.internal.TestMethodWorker.invokeTestMethods(TestMethodWorker.java:125)<br />
              org.testng.internal.TestMethodWorker.run(TestMethodWorker.java:108)<br />
              org.testng.TestRunner.privateRun(TestRunner.java:774)<br />
              org.testng.TestRunner.run(TestRunner.java:624)<br />
              org.testng.SuiteRunner.runTest(SuiteRunner.java:359)<br />
              org.testng.SuiteRunner.runSequentially(SuiteRunner.java:354)<br />
              org.testng.SuiteRunner.privateRun(SuiteRunner.java:312)<br />
              org.testng.SuiteRunner.run(SuiteRunner.java:261)<br />
              org.testng.SuiteRunnerWorker.runSuite(SuiteRunnerWorker.java:52)<br />
              org.testng.SuiteRunnerWorker.run(SuiteRunnerWorker.java:86)<br />
              org.testng.TestNG.runSuitesSequentially(TestNG.java:1215)<br />
              org.testng.TestNG.runSuitesLocally(TestNG.java:1140)<br />
              org.testng.TestNG.run(TestNG.java:1048)<br />
              org.testng.remote.AbstractRemoteTestNG.run(AbstractRemoteTestNG.java:114)<br />
              org.testng.remote.RemoteTestNG.initAndRun(RemoteTestNG.java:251)<br />
              org.testng.remote.RemoteTestNG.main(RemoteTestNG.java:77)<br />
                </div>
      </td>
</tr>
<tr>

  <td class="method">
    <a href="javascript:void(0)" onclick="clickHandler(this);" title="Click to expand/collapse">
                  <span class="description" title="TC 010b: Verify Installment Buying Through Installment Buying Category Page Successfully">TC010b_Installment_Buying_Through_Installment_Buying_Category_Page</span>
         </a>
  </td>
  
  <td class="TMDes">TC 010b: Verify Installment Buying Through Installment Buying Category Page Successfully</td>

  <td class="duration">
    117.624s
  </td>
  <td class="result">
        
            


      </td>
</tr>
<tr>

  <td class="method">
    <a href="javascript:void(0)" onclick="clickHandler(this);" title="Click to expand/collapse">
                  <span class="description" title="TC 011a: Verify Order An Item At News Page Successfully">TC011a_Order_By_Select_Item_At_News_Page</span>
         </a>
  </td>
  
  <td class="TMDes">TC 011a: Verify Order An Item At News Page Successfully</td>

  <td class="duration">
    58.256s
  </td>
  <td class="result">
        
            


      </td>
</tr>
<tr>

  <td class="method">
    <a href="javascript:void(0)" onclick="clickHandler(this);" title="Click to expand/collapse">
                  <span class="description" title="TC 011b: Verify Installment Buying An Item By Select Item At News Page Successfully">TC011b_Installment_Buying_By_Select_Item_At_News_Page</span>
         </a>
  </td>
  
  <td class="TMDes">TC 011b: Verify Installment Buying An Item By Select Item At News Page Successfully</td>

  <td class="duration">
    162.151s
  </td>
  <td class="result">
        
            


      </td>
</tr>
      </table>
  
</body>
</html>
