<?xml version="1.0" encoding="utf-8" ?>
<!DOCTYPE html PUBLIC "-//W3C//DTD XHTML 1.0 Strict//EN"
        "http://www.w3.org/TR/xhtml1/DTD/xhtml1-strict.dtd">
<html xmlns="http://www.w3.org/1999/xhtml" xml:lang="" lang="">
<head>
  <title>Test Results Report - Selenium - TestNG - Safari on Mac</title>
  <meta http-equiv="Content-Type" content="text/html;charset=utf-8" />
  <meta name="description" content="TestNG unit test results." />
  <link href="reportng.css" rel="stylesheet" type="text/css" />
    <script type="text/javascript" src="reportng.js"></script>
</head>
<body>
<h1>Selenium - TestNG - Safari on Mac</h1>
<p>
  Test duration: 13317.240s
</p>



  <table class="resultsTable">
    <tr><th colspan="4" class="header failed">Failed Tests</th></tr>
          <tr>
        <td colspan="4" class="group">FptShop.FptShopTests</td>
      </tr>
            
<tr>

  <td class="method">
    <a href="javascript:void(0)" onclick="clickHandler(this);" title="Click to expand/collapse">
                  <span class="description" title="TC 006b: Verify Order By Select An Item At Ranking Page Successfully">TC006b_Order_Item_Through_Ranking_Page</span>
         </a>
  </td>
  
  <td class="TMDes">TC 006b: Verify Order By Select An Item At Ranking Page Successfully</td>

  <td class="duration">
    60.848s
  </td>
  <td class="result">
        
               

     <div id=TC006b_Order_Item_Through_Ranking_Page class="testOutput" style="display: none;">
                           &lt;a href=&apos;/Users/ddinnguyeenx/eclipse-fptshop/QTiumFramework/src/Selenium-TestNG/failure-screenshots/15_08_2018 /safari/15_08_2018_05_28_33_TC006b_Order_Item_Through_Ranking_Page.png&apos;&gt; &lt;img src=&apos;/Users/ddinnguyeenx/eclipse-fptshop/QTiumFramework/src/Selenium-TestNG/failure-screenshots/15_08_2018 /safari/15_08_2018_05_28_33_TC006b_Order_Item_Through_Ranking_Page.png&apos; height=&apos;100&apos; width=&apos;100&apos;/&gt; &lt;/a&gt;<br />
                     </div>
     


        <a href="javascript:toggleElement('exception-0', 'block')" title="Click to expand/collapse"><b>org.openqa.selenium.TimeoutException: Timed out after 30 seconds waiting for presence of element located by: By.id: sbzon_frame<br/>
Build info: version: &apos;2.53.1&apos;, revision: &apos;a36b8b1&apos;, time: &apos;2016-06-30 17:32:46&apos;<br/>
System info: host: &apos;ddins-MacBook-Air.local&apos;, ip: &apos;192.168.1.36&apos;, os.name: &apos;Mac OS X&apos;, os.arch: &apos;x86_64&apos;, os.version: &apos;10.12&apos;, java.version: &apos;1.8.0_172&apos;<br/>
Driver info: org.openqa.selenium.safari.SafariDriver<br/>
Capabilities [{browserName=safari, takesScreenshot=true, javascriptEnabled=true, version=10.0, cssSelectorsEnabled=true, platform=MAC, secureSsl=true}]<br/>
Session ID: null</b></a><br />
    <div class="stackTrace" id="exception-0">
              org.openqa.selenium.support.ui.WebDriverWait.timeoutException(WebDriverWait.java:80)<br />
              org.openqa.selenium.support.ui.FluentWait.until(FluentWait.java:261)<br />
              com.logigear.selenium.QTiumAutomation.findElement(QTiumAutomation.java:64)<br />
              FptShop.ItemDetailPage.removeChat(ItemDetailPage.java:25)<br />
              FptShop.ItemDetailPage.checkItemStatus(ItemDetailPage.java:52)<br />
              FptShop.FptShopTests.TC006b_Order_Item_Through_Ranking_Page(FptShopTests.java:365)<br />
              sun.reflect.NativeMethodAccessorImpl.invoke0(Native Method)<br />
              sun.reflect.NativeMethodAccessorImpl.invoke(NativeMethodAccessorImpl.java:62)<br />
              sun.reflect.DelegatingMethodAccessorImpl.invoke(DelegatingMethodAccessorImpl.java:43)<br />
              java.lang.reflect.Method.invoke(Method.java:498)<br />
              org.testng.internal.MethodInvocationHelper.invokeMethod(MethodInvocationHelper.java:85)<br />
              org.testng.internal.Invoker.invokeMethod(Invoker.java:639)<br />
              org.testng.internal.Invoker.invokeTestMethod(Invoker.java:816)<br />
              org.testng.internal.Invoker.invokeTestMethods(Invoker.java:1124)<br />
              org.testng.internal.TestMethodWorker.invokeTestMethods(TestMethodWorker.java:125)<br />
              org.testng.internal.TestMethodWorker.run(TestMethodWorker.java:108)<br />
              org.testng.TestRunner.privateRun(TestRunner.java:774)<br />
              org.testng.TestRunner.run(TestRunner.java:624)<br />
              org.testng.SuiteRunner.runTest(SuiteRunner.java:359)<br />
              org.testng.SuiteRunner.runSequentially(SuiteRunner.java:354)<br />
              org.testng.SuiteRunner.privateRun(SuiteRunner.java:312)<br />
              org.testng.SuiteRunner.run(SuiteRunner.java:261)<br />
              org.testng.SuiteRunnerWorker.runSuite(SuiteRunnerWorker.java:52)<br />
              org.testng.SuiteRunnerWorker.run(SuiteRunnerWorker.java:86)<br />
              org.testng.TestNG.runSuitesSequentially(TestNG.java:1215)<br />
              org.testng.TestNG.runSuitesLocally(TestNG.java:1140)<br />
              org.testng.TestNG.run(TestNG.java:1048)<br />
              org.testng.remote.AbstractRemoteTestNG.run(AbstractRemoteTestNG.java:114)<br />
              org.testng.remote.RemoteTestNG.initAndRun(RemoteTestNG.java:251)<br />
              org.testng.remote.RemoteTestNG.main(RemoteTestNG.java:77)<br />
                    <b>Caused by: </b> <a href="javascript:toggleElement('exception-1', 'block')" title="Click to expand/collapse">org.openqa.selenium.NoSuchElementException: Could not find element: {&quot;using&quot;:&quot;id&quot;,&quot;value&quot;:&quot;sbzon_frame&quot;} (WARNING: The server did not provide any stacktrace information)<br/>
Command duration or timeout: 30.02 seconds<br/>
For documentation on this error, please visit: http://seleniumhq.org/exceptions/no_such_element.html<br/>
Build info: version: &apos;2.53.1&apos;, revision: &apos;a36b8b1&apos;, time: &apos;2016-06-30 17:32:46&apos;<br/>
System info: host: &apos;ddins-MacBook-Air.local&apos;, ip: &apos;192.168.1.36&apos;, os.name: &apos;Mac OS X&apos;, os.arch: &apos;x86_64&apos;, os.version: &apos;10.12&apos;, java.version: &apos;1.8.0_172&apos;<br/>
Driver info: org.openqa.selenium.safari.SafariDriver<br/>
Capabilities [{browserName=safari, takesScreenshot=true, javascriptEnabled=true, version=10.0, cssSelectorsEnabled=true, platform=MAC, secureSsl=true}]<br/>
Session ID: null<br/>
*** Element info: {Using=id, value=sbzon_frame}</a><br />
        <div class="stackTrace" id="exception-1">
                      sun.reflect.GeneratedConstructorAccessor4.newInstance(Unknown Source)<br />
                      sun.reflect.DelegatingConstructorAccessorImpl.newInstance(DelegatingConstructorAccessorImpl.java:45)<br />
                      java.lang.reflect.Constructor.newInstance(Constructor.java:423)<br />
                      org.openqa.selenium.remote.ErrorHandler.createThrowable(ErrorHandler.java:206)<br />
                      org.openqa.selenium.remote.ErrorHandler.throwIfResponseFailed(ErrorHandler.java:158)<br />
                      org.openqa.selenium.remote.RemoteWebDriver.execute(RemoteWebDriver.java:678)<br />
                      org.openqa.selenium.remote.RemoteWebDriver.findElement(RemoteWebDriver.java:363)<br />
                      org.openqa.selenium.remote.RemoteWebDriver.findElementById(RemoteWebDriver.java:413)<br />
                      org.openqa.selenium.By$ById.findElement(By.java:218)<br />
                      org.openqa.selenium.remote.RemoteWebDriver.findElement(RemoteWebDriver.java:355)<br />
                      org.openqa.selenium.support.ui.ExpectedConditions.findElement(ExpectedConditions.java:899)<br />
                      org.openqa.selenium.support.ui.ExpectedConditions.access$0(ExpectedConditions.java:897)<br />
                      org.openqa.selenium.support.ui.ExpectedConditions$6.apply(ExpectedConditions.java:181)<br />
                      org.openqa.selenium.support.ui.ExpectedConditions$6.apply(ExpectedConditions.java:1)<br />
                      org.openqa.selenium.support.ui.FluentWait.until(FluentWait.java:238)<br />
                      com.logigear.selenium.QTiumAutomation.findElement(QTiumAutomation.java:64)<br />
                      FptShop.ItemDetailPage.removeChat(ItemDetailPage.java:25)<br />
                      FptShop.ItemDetailPage.checkItemStatus(ItemDetailPage.java:52)<br />
                      FptShop.FptShopTests.TC006b_Order_Item_Through_Ranking_Page(FptShopTests.java:365)<br />
                      sun.reflect.NativeMethodAccessorImpl.invoke0(Native Method)<br />
                      sun.reflect.NativeMethodAccessorImpl.invoke(NativeMethodAccessorImpl.java:62)<br />
                      sun.reflect.DelegatingMethodAccessorImpl.invoke(DelegatingMethodAccessorImpl.java:43)<br />
                      java.lang.reflect.Method.invoke(Method.java:498)<br />
                      org.testng.internal.MethodInvocationHelper.invokeMethod(MethodInvocationHelper.java:85)<br />
                      org.testng.internal.Invoker.invokeMethod(Invoker.java:639)<br />
                      org.testng.internal.Invoker.invokeTestMethod(Invoker.java:816)<br />
                      org.testng.internal.Invoker.invokeTestMethods(Invoker.java:1124)<br />
                      org.testng.internal.TestMethodWorker.invokeTestMethods(TestMethodWorker.java:125)<br />
                      org.testng.internal.TestMethodWorker.run(TestMethodWorker.java:108)<br />
                      org.testng.TestRunner.privateRun(TestRunner.java:774)<br />
                      org.testng.TestRunner.run(TestRunner.java:624)<br />
                      org.testng.SuiteRunner.runTest(SuiteRunner.java:359)<br />
                      org.testng.SuiteRunner.runSequentially(SuiteRunner.java:354)<br />
                      org.testng.SuiteRunner.privateRun(SuiteRunner.java:312)<br />
                      org.testng.SuiteRunner.run(SuiteRunner.java:261)<br />
                      org.testng.SuiteRunnerWorker.runSuite(SuiteRunnerWorker.java:52)<br />
                      org.testng.SuiteRunnerWorker.run(SuiteRunnerWorker.java:86)<br />
                      org.testng.TestNG.runSuitesSequentially(TestNG.java:1215)<br />
                      org.testng.TestNG.runSuitesLocally(TestNG.java:1140)<br />
                      org.testng.TestNG.run(TestNG.java:1048)<br />
                      org.testng.remote.AbstractRemoteTestNG.run(AbstractRemoteTestNG.java:114)<br />
                      org.testng.remote.RemoteTestNG.initAndRun(RemoteTestNG.java:251)<br />
                      org.testng.remote.RemoteTestNG.main(RemoteTestNG.java:77)<br />
                  </div>
          </div>
      </td>
</tr>
<tr>

  <td class="method">
    <a href="javascript:void(0)" onclick="clickHandler(this);" title="Click to expand/collapse">
                  <span class="description" title="TC 007c: Verify Installment Buying An Item By Select Price Range At Category Page Successfully">TC007c_Installment_Buying_By_Select_Price_Range_At_Category_Page</span>
         </a>
  </td>
  
  <td class="TMDes">TC 007c: Verify Installment Buying An Item By Select Price Range At Category Page Successfully</td>

  <td class="duration">
    30.482s
  </td>
  <td class="result">
        
               

     <div id=TC007c_Installment_Buying_By_Select_Price_Range_At_Category_Page class="testOutput" style="display: none;">
                           &lt;a href=&apos;/Users/ddinnguyeenx/eclipse-fptshop/QTiumFramework/src/Selenium-TestNG/failure-screenshots/15_08_2018 /safari/15_08_2018_05_46_38_TC007c_Installment_Buying_By_Select_Price_Range_At_Category_Page.png&apos;&gt; &lt;img src=&apos;/Users/ddinnguyeenx/eclipse-fptshop/QTiumFramework/src/Selenium-TestNG/failure-screenshots/15_08_2018 /safari/15_08_2018_05_46_38_TC007c_Installment_Buying_By_Select_Price_Range_At_Category_Page.png&apos; height=&apos;100&apos; width=&apos;100&apos;/&gt; &lt;/a&gt;<br />
                     </div>
     


        <a href="javascript:toggleElement('exception-2', 'block')" title="Click to expand/collapse"><b>org.openqa.selenium.TimeoutException: Timed out awaiting response to command &quot;executeScript&quot; after 30003 ms (WARNING: The server did not provide any stacktrace information)<br/>
Command duration or timeout: 30.01 seconds<br/>
Build info: version: &apos;2.53.1&apos;, revision: &apos;a36b8b1&apos;, time: &apos;2016-06-30 17:32:46&apos;<br/>
System info: host: &apos;ddins-MacBook-Air.local&apos;, ip: &apos;192.168.1.36&apos;, os.name: &apos;Mac OS X&apos;, os.arch: &apos;x86_64&apos;, os.version: &apos;10.12&apos;, java.version: &apos;1.8.0_172&apos;<br/>
Driver info: org.openqa.selenium.safari.SafariDriver<br/>
Capabilities [{browserName=safari, takesScreenshot=true, javascriptEnabled=true, version=10.0, cssSelectorsEnabled=true, platform=MAC, secureSsl=true}]<br/>
Session ID: null</b></a><br />
    <div class="stackTrace" id="exception-2">
              sun.reflect.NativeConstructorAccessorImpl.newInstance0(Native Method)<br />
              sun.reflect.NativeConstructorAccessorImpl.newInstance(NativeConstructorAccessorImpl.java:62)<br />
              sun.reflect.DelegatingConstructorAccessorImpl.newInstance(DelegatingConstructorAccessorImpl.java:45)<br />
              java.lang.reflect.Constructor.newInstance(Constructor.java:423)<br />
              org.openqa.selenium.remote.ErrorHandler.createThrowable(ErrorHandler.java:206)<br />
              org.openqa.selenium.remote.ErrorHandler.throwIfResponseFailed(ErrorHandler.java:158)<br />
              org.openqa.selenium.remote.RemoteWebDriver.execute(RemoteWebDriver.java:678)<br />
              org.openqa.selenium.remote.RemoteWebDriver.executeScript(RemoteWebDriver.java:577)<br />
              com.logigear.selenium.QTiumAutomation$2.apply(QTiumAutomation.java:242)<br />
              com.logigear.selenium.QTiumAutomation$2.apply(QTiumAutomation.java:1)<br />
              org.openqa.selenium.support.ui.FluentWait.until(FluentWait.java:238)<br />
              com.logigear.selenium.QTiumAutomation.waitForPageToBeReady(QTiumAutomation.java:237)<br />
              com.logigear.selenium.QTiumAutomation.waitForElement(QTiumAutomation.java:250)<br />
              com.logigear.selenium.QTiumAutomation.clickRandomItem(QTiumAutomation.java:109)<br />
              FptShop.BrandPage.selectItem(BrandPage.java:26)<br />
              FptShop.FptShopTests.TC007c_Installment_Buying_By_Select_Price_Range_At_Category_Page(FptShopTests.java:254)<br />
              sun.reflect.NativeMethodAccessorImpl.invoke0(Native Method)<br />
              sun.reflect.NativeMethodAccessorImpl.invoke(NativeMethodAccessorImpl.java:62)<br />
              sun.reflect.DelegatingMethodAccessorImpl.invoke(DelegatingMethodAccessorImpl.java:43)<br />
              java.lang.reflect.Method.invoke(Method.java:498)<br />
              org.testng.internal.MethodInvocationHelper.invokeMethod(MethodInvocationHelper.java:85)<br />
              org.testng.internal.Invoker.invokeMethod(Invoker.java:639)<br />
              org.testng.internal.Invoker.invokeTestMethod(Invoker.java:816)<br />
              org.testng.internal.Invoker.invokeTestMethods(Invoker.java:1124)<br />
              org.testng.internal.TestMethodWorker.invokeTestMethods(TestMethodWorker.java:125)<br />
              org.testng.internal.TestMethodWorker.run(TestMethodWorker.java:108)<br />
              org.testng.TestRunner.privateRun(TestRunner.java:774)<br />
              org.testng.TestRunner.run(TestRunner.java:624)<br />
              org.testng.SuiteRunner.runTest(SuiteRunner.java:359)<br />
              org.testng.SuiteRunner.runSequentially(SuiteRunner.java:354)<br />
              org.testng.SuiteRunner.privateRun(SuiteRunner.java:312)<br />
              org.testng.SuiteRunner.run(SuiteRunner.java:261)<br />
              org.testng.SuiteRunnerWorker.runSuite(SuiteRunnerWorker.java:52)<br />
              org.testng.SuiteRunnerWorker.run(SuiteRunnerWorker.java:86)<br />
              org.testng.TestNG.runSuitesSequentially(TestNG.java:1215)<br />
              org.testng.TestNG.runSuitesLocally(TestNG.java:1140)<br />
              org.testng.TestNG.run(TestNG.java:1048)<br />
              org.testng.remote.AbstractRemoteTestNG.run(AbstractRemoteTestNG.java:114)<br />
              org.testng.remote.RemoteTestNG.initAndRun(RemoteTestNG.java:251)<br />
              org.testng.remote.RemoteTestNG.main(RemoteTestNG.java:77)<br />
                </div>
      </td>
</tr>
<tr>

  <td class="method">
    <a href="javascript:void(0)" onclick="clickHandler(this);" title="Click to expand/collapse">
                  <span class="description" title="TC 010a: Verify Installment Buying At Installment Buying Category Page Successfully">TC010a_Installment_Buying_Through_Installment_Buying_Category_Page</span>
         </a>
  </td>
  
  <td class="TMDes">TC 010a: Verify Installment Buying At Installment Buying Category Page Successfully</td>

  <td class="duration">
    0.052s
  </td>
  <td class="result">
        
               

     <div id=TC010a_Installment_Buying_Through_Installment_Buying_Category_Page class="testOutput" style="display: none;">
                           &lt;a href=&apos;/Users/ddinnguyeenx/eclipse-fptshop/QTiumFramework/src/Selenium-TestNG/failure-screenshots/15_08_2018 /safari/15_08_2018_06_09_22_TC010a_Installment_Buying_Through_Installment_Buying_Category_Page.png&apos;&gt; &lt;img src=&apos;/Users/ddinnguyeenx/eclipse-fptshop/QTiumFramework/src/Selenium-TestNG/failure-screenshots/15_08_2018 /safari/15_08_2018_06_09_22_TC010a_Installment_Buying_Through_Installment_Buying_Category_Page.png&apos; height=&apos;100&apos; width=&apos;100&apos;/&gt; &lt;/a&gt;<br />
                     </div>
     


        <a href="javascript:toggleElement('exception-3', 'block')" title="Click to expand/collapse"><b>org.openqa.selenium.WebDriverException: undefined is not an object (evaluating &apos;document.getElementsByClassName(&apos;fs-tgmenu&apos;)[0].remove&apos;) (WARNING: The server did not provide any stacktrace information)<br/>
Command duration or timeout: 5 milliseconds<br/>
Build info: version: &apos;2.53.1&apos;, revision: &apos;a36b8b1&apos;, time: &apos;2016-06-30 17:32:46&apos;<br/>
System info: host: &apos;ddins-MacBook-Air.local&apos;, ip: &apos;192.168.1.36&apos;, os.name: &apos;Mac OS X&apos;, os.arch: &apos;x86_64&apos;, os.version: &apos;10.12&apos;, java.version: &apos;1.8.0_172&apos;<br/>
Driver info: org.openqa.selenium.safari.SafariDriver<br/>
Capabilities [{browserName=safari, takesScreenshot=true, javascriptEnabled=true, version=10.0, cssSelectorsEnabled=true, platform=MAC, secureSsl=true}]<br/>
Session ID: null</b></a><br />
    <div class="stackTrace" id="exception-3">
              sun.reflect.GeneratedConstructorAccessor6.newInstance(Unknown Source)<br />
              sun.reflect.DelegatingConstructorAccessorImpl.newInstance(DelegatingConstructorAccessorImpl.java:45)<br />
              java.lang.reflect.Constructor.newInstance(Constructor.java:423)<br />
              org.openqa.selenium.remote.ErrorHandler.createThrowable(ErrorHandler.java:206)<br />
              org.openqa.selenium.remote.ErrorHandler.throwIfResponseFailed(ErrorHandler.java:158)<br />
              org.openqa.selenium.remote.RemoteWebDriver.execute(RemoteWebDriver.java:678)<br />
              org.openqa.selenium.remote.RemoteWebDriver.executeScript(RemoteWebDriver.java:577)<br />
              FptShop.InstallmentBuyingCategoryPage.installmentBuying(InstallmentBuyingCategoryPage.java:19)<br />
              FptShop.FptShopTests.TC010a_Installment_Buying_Through_Installment_Buying_Category_Page(FptShopTests.java:106)<br />
              sun.reflect.NativeMethodAccessorImpl.invoke0(Native Method)<br />
              sun.reflect.NativeMethodAccessorImpl.invoke(NativeMethodAccessorImpl.java:62)<br />
              sun.reflect.DelegatingMethodAccessorImpl.invoke(DelegatingMethodAccessorImpl.java:43)<br />
              java.lang.reflect.Method.invoke(Method.java:498)<br />
              org.testng.internal.MethodInvocationHelper.invokeMethod(MethodInvocationHelper.java:85)<br />
              org.testng.internal.Invoker.invokeMethod(Invoker.java:639)<br />
              org.testng.internal.Invoker.invokeTestMethod(Invoker.java:816)<br />
              org.testng.internal.Invoker.invokeTestMethods(Invoker.java:1124)<br />
              org.testng.internal.TestMethodWorker.invokeTestMethods(TestMethodWorker.java:125)<br />
              org.testng.internal.TestMethodWorker.run(TestMethodWorker.java:108)<br />
              org.testng.TestRunner.privateRun(TestRunner.java:774)<br />
              org.testng.TestRunner.run(TestRunner.java:624)<br />
              org.testng.SuiteRunner.runTest(SuiteRunner.java:359)<br />
              org.testng.SuiteRunner.runSequentially(SuiteRunner.java:354)<br />
              org.testng.SuiteRunner.privateRun(SuiteRunner.java:312)<br />
              org.testng.SuiteRunner.run(SuiteRunner.java:261)<br />
              org.testng.SuiteRunnerWorker.runSuite(SuiteRunnerWorker.java:52)<br />
              org.testng.SuiteRunnerWorker.run(SuiteRunnerWorker.java:86)<br />
              org.testng.TestNG.runSuitesSequentially(TestNG.java:1215)<br />
              org.testng.TestNG.runSuitesLocally(TestNG.java:1140)<br />
              org.testng.TestNG.run(TestNG.java:1048)<br />
              org.testng.remote.AbstractRemoteTestNG.run(AbstractRemoteTestNG.java:114)<br />
              org.testng.remote.RemoteTestNG.initAndRun(RemoteTestNG.java:251)<br />
              org.testng.remote.RemoteTestNG.main(RemoteTestNG.java:77)<br />
                </div>
      </td>
</tr>
      </table>


  <table class="resultsTable">
    <tr><th colspan="4" class="header passed">Passed Tests</th></tr>
          <tr>
        <td colspan="4" class="group">FptShop.FptShopTests</td>
      </tr> 
            
<tr>

  <td class="method">
    <a href="javascript:void(0)" onclick="clickHandler(this);" title="Click to expand/collapse">
                  <span class="description" title="TC 001a: Verify Order An Item By Search Suggestion Successfully">TC001a_Order_By_Search_Suggestion</span>
         </a>
  </td>
  
  <td class="TMDes">TC 001a: Verify Order An Item By Search Suggestion Successfully</td>

  <td class="duration">
    251.988s
  </td>
  <td class="result">
        
            


      </td>
</tr>
<tr>

  <td class="method">
    <a href="javascript:void(0)" onclick="clickHandler(this);" title="Click to expand/collapse">
                  <span class="description" title="TC 001b: Verify ShopBooking An Item By Search Suggestion Successfully">TC001b_Order_By_Search_Suggestion</span>
         </a>
  </td>
  
  <td class="TMDes">TC 001b: Verify ShopBooking An Item By Search Suggestion Successfully</td>

  <td class="duration">
    195.416s
  </td>
  <td class="result">
        
            


      </td>
</tr>
<tr>

  <td class="method">
    <a href="javascript:void(0)" onclick="clickHandler(this);" title="Click to expand/collapse">
                  <span class="description" title="TC 001c: Verify Installment Buying An Item By Search Suggestion Successfully">TC001c_Installment_Buying_By_Search_Suggestion</span>
         </a>
  </td>
  
  <td class="TMDes">TC 001c: Verify Installment Buying An Item By Search Suggestion Successfully</td>

  <td class="duration">
    114.365s
  </td>
  <td class="result">
        
            


      </td>
</tr>
<tr>

  <td class="method">
    <a href="javascript:void(0)" onclick="clickHandler(this);" title="Click to expand/collapse">
                  <span class="description" title="TC 002a: Verify Order An Item By Advanced Searching Successfully">TC002a_Order_By_Advanced_Searching</span>
         </a>
  </td>
  
  <td class="TMDes">TC 002a: Verify Order An Item By Advanced Searching Successfully</td>

  <td class="duration">
    253.106s
  </td>
  <td class="result">
        
            


      </td>
</tr>
<tr>

  <td class="method">
    <a href="javascript:void(0)" onclick="clickHandler(this);" title="Click to expand/collapse">
                  <span class="description" title="TC 002b: Verify Shopbooking An Item By Advanced Searching Successfully">TC002b_Order_By_Advanced_Searching</span>
         </a>
  </td>
  
  <td class="TMDes">TC 002b: Verify Shopbooking An Item By Advanced Searching Successfully</td>

  <td class="duration">
    256.917s
  </td>
  <td class="result">
        
            


      </td>
</tr>
<tr>

  <td class="method">
    <a href="javascript:void(0)" onclick="clickHandler(this);" title="Click to expand/collapse">
                  <span class="description" title="TC 002c: Verify Installment Buying An Item By Advanced Searching Successfully">TC002c_Installment_Buying_By_Advanced_Searching</span>
         </a>
  </td>
  
  <td class="TMDes">TC 002c: Verify Installment Buying An Item By Advanced Searching Successfully</td>

  <td class="duration">
    95.667s
  </td>
  <td class="result">
        
            


      </td>
</tr>
<tr>

  <td class="method">
    <a href="javascript:void(0)" onclick="clickHandler(this);" title="Click to expand/collapse">
                  <span class="description" title="TC 003a: Verify Order An Item By BuyNowButton After Selecting Item At HomePage Successfully">TC003a_Order_By_Selecting_Item_At_HomePage</span>
         </a>
  </td>
  
  <td class="TMDes">TC 003a: Verify Order An Item By BuyNowButton After Selecting Item At HomePage Successfully</td>

  <td class="duration">
    200.390s
  </td>
  <td class="result">
        
            


      </td>
</tr>
<tr>

  <td class="method">
    <a href="javascript:void(0)" onclick="clickHandler(this);" title="Click to expand/collapse">
                  <span class="description" title="TC 003b: Verify Order An Item By ShopBookingLink After Selecting Item At HomePage Successfully">TC003b_Order_By_Selecting_Item_At_HomePage</span>
         </a>
  </td>
  
  <td class="TMDes">TC 003b: Verify Order An Item By ShopBookingLink After Selecting Item At HomePage Successfully</td>

  <td class="duration">
    205.405s
  </td>
  <td class="result">
        
            


      </td>
</tr>
<tr>

  <td class="method">
    <a href="javascript:void(0)" onclick="clickHandler(this);" title="Click to expand/collapse">
                  <span class="description" title="TC 003c: Verify Installment Buying An Item After Selecting Item At HomePage Successfully">TC003c_Installment_Buying_By_Selecting_Item_At_HomePage</span>
         </a>
  </td>
  
  <td class="TMDes">TC 003c: Verify Installment Buying An Item After Selecting Item At HomePage Successfully</td>

  <td class="duration">
    113.076s
  </td>
  <td class="result">
        
            


      </td>
</tr>
<tr>

  <td class="method">
    <a href="javascript:void(0)" onclick="clickHandler(this);" title="Click to expand/collapse">
                  <span class="description" title="TC 004a: Verify Order An Item By BuyNowButton Through Category Successfully">TC004a_Order_Item_By_Category</span>
         </a>
  </td>
  
  <td class="TMDes">TC 004a: Verify Order An Item By BuyNowButton Through Category Successfully</td>

  <td class="duration">
    249.986s
  </td>
  <td class="result">
        
            


      </td>
</tr>
<tr>

  <td class="method">
    <a href="javascript:void(0)" onclick="clickHandler(this);" title="Click to expand/collapse">
                  <span class="description" title="TC 004b: Verify Order An Item By ShopBookingLink Through Category Successfully">TC004b_Order_Item_By_Category</span>
         </a>
  </td>
  
  <td class="TMDes">TC 004b: Verify Order An Item By ShopBookingLink Through Category Successfully</td>

  <td class="duration">
    224.828s
  </td>
  <td class="result">
        
            


      </td>
</tr>
<tr>

  <td class="method">
    <a href="javascript:void(0)" onclick="clickHandler(this);" title="Click to expand/collapse">
                  <span class="description" title="TC 004c: Verify Installment Buying An Item Through Category Successfully">TC004c_Installment_Buying_By_Category</span>
         </a>
  </td>
  
  <td class="TMDes">TC 004c: Verify Installment Buying An Item Through Category Successfully</td>

  <td class="duration">
    159.650s
  </td>
  <td class="result">
        
            


      </td>
</tr>
<tr>

  <td class="method">
    <a href="javascript:void(0)" onclick="clickHandler(this);" title="Click to expand/collapse">
                  <span class="description" title="TC 005a: Verify Order Best Buy Item By BuyNowButton Through Category Successfully">TC005a_Order_Best_Buy_Item_By_Category</span>
         </a>
  </td>
  
  <td class="TMDes">TC 005a: Verify Order Best Buy Item By BuyNowButton Through Category Successfully</td>

  <td class="duration">
    199.375s
  </td>
  <td class="result">
        
            


      </td>
</tr>
<tr>

  <td class="method">
    <a href="javascript:void(0)" onclick="clickHandler(this);" title="Click to expand/collapse">
                  <span class="description" title="TC 005b: Verify Order Best Buy Item By ShopBookingLink Through Category Successfully">TC005b_Order_Best_Buy_Item_By_Category</span>
         </a>
  </td>
  
  <td class="TMDes">TC 005b: Verify Order Best Buy Item By ShopBookingLink Through Category Successfully</td>

  <td class="duration">
    202.280s
  </td>
  <td class="result">
        
            


      </td>
</tr>
<tr>

  <td class="method">
    <a href="javascript:void(0)" onclick="clickHandler(this);" title="Click to expand/collapse">
                  <span class="description" title="TC 005c: Verify Installment Buying An Item Through Category Successfully">TC005c_Installment_Buying_Item_By_Category</span>
         </a>
  </td>
  
  <td class="TMDes">TC 005c: Verify Installment Buying An Item Through Category Successfully</td>

  <td class="duration">
    105.506s
  </td>
  <td class="result">
        
            


      </td>
</tr>
<tr>

  <td class="method">
    <a href="javascript:void(0)" onclick="clickHandler(this);" title="Click to expand/collapse">
                  <span class="description" title="TC 006a: Verify Order An Item At Ranking Page Successfully">TC006a_Order_Item_Through_Ranking_Page</span>
         </a>
  </td>
  
  <td class="TMDes">TC 006a: Verify Order An Item At Ranking Page Successfully</td>

  <td class="duration">
    221.447s
  </td>
  <td class="result">
        
               

     <div id=TC006a_Order_Item_Through_Ranking_Page class="testOutput" style="display: none;">
                           &lt;a href=&apos;/Users/ddinnguyeenx/eclipse-fptshop/QTiumFramework/src/Selenium-TestNG/failure-screenshots/15_08_2018 /safari/15_08_2018_05_26_32_TC006a_Order_Item_Through_Ranking_Page.png&apos;&gt; &lt;img src=&apos;/Users/ddinnguyeenx/eclipse-fptshop/QTiumFramework/src/Selenium-TestNG/failure-screenshots/15_08_2018 /safari/15_08_2018_05_26_32_TC006a_Order_Item_Through_Ranking_Page.png&apos; height=&apos;100&apos; width=&apos;100&apos;/&gt; &lt;/a&gt;<br />
                     </div>
     


        <a href="javascript:toggleElement('exception-19', 'block')" title="Click to expand/collapse"><b>java.lang.AssertionError: expected [true] but found [false]</b></a><br />
    <div class="stackTrace" id="exception-19">
              org.testng.Assert.fail(Assert.java:94)<br />
              org.testng.Assert.failNotEquals(Assert.java:496)<br />
              org.testng.Assert.assertTrue(Assert.java:42)<br />
              org.testng.Assert.assertTrue(Assert.java:52)<br />
              com.logigear.selenium.QTiumAssert.verifyTrue(QTiumAssert.java:14)<br />
              com.logigear.selenium.QTiumAssert.verifyTrue(QTiumAssert.java:27)<br />
              FptShop.RankingPage.checkOrderResult(RankingPage.java:70)<br />
              FptShop.FptShopTests.TC006a_Order_Item_Through_Ranking_Page(FptShopTests.java:386)<br />
              sun.reflect.NativeMethodAccessorImpl.invoke0(Native Method)<br />
              sun.reflect.NativeMethodAccessorImpl.invoke(NativeMethodAccessorImpl.java:62)<br />
              sun.reflect.DelegatingMethodAccessorImpl.invoke(DelegatingMethodAccessorImpl.java:43)<br />
              java.lang.reflect.Method.invoke(Method.java:498)<br />
              org.testng.internal.MethodInvocationHelper.invokeMethod(MethodInvocationHelper.java:85)<br />
              org.testng.internal.Invoker.invokeMethod(Invoker.java:639)<br />
              org.testng.internal.Invoker.invokeTestMethod(Invoker.java:816)<br />
              org.testng.internal.Invoker.invokeTestMethods(Invoker.java:1124)<br />
              org.testng.internal.TestMethodWorker.invokeTestMethods(TestMethodWorker.java:125)<br />
              org.testng.internal.TestMethodWorker.run(TestMethodWorker.java:108)<br />
              org.testng.TestRunner.privateRun(TestRunner.java:774)<br />
              org.testng.TestRunner.run(TestRunner.java:624)<br />
              org.testng.SuiteRunner.runTest(SuiteRunner.java:359)<br />
              org.testng.SuiteRunner.runSequentially(SuiteRunner.java:354)<br />
              org.testng.SuiteRunner.privateRun(SuiteRunner.java:312)<br />
              org.testng.SuiteRunner.run(SuiteRunner.java:261)<br />
              org.testng.SuiteRunnerWorker.runSuite(SuiteRunnerWorker.java:52)<br />
              org.testng.SuiteRunnerWorker.run(SuiteRunnerWorker.java:86)<br />
              org.testng.TestNG.runSuitesSequentially(TestNG.java:1215)<br />
              org.testng.TestNG.runSuitesLocally(TestNG.java:1140)<br />
              org.testng.TestNG.run(TestNG.java:1048)<br />
              org.testng.remote.AbstractRemoteTestNG.run(AbstractRemoteTestNG.java:114)<br />
              org.testng.remote.RemoteTestNG.initAndRun(RemoteTestNG.java:251)<br />
              org.testng.remote.RemoteTestNG.main(RemoteTestNG.java:77)<br />
                </div>
      </td>
</tr>
<tr>

  <td class="method">
    <a href="javascript:void(0)" onclick="clickHandler(this);" title="Click to expand/collapse">
                  <span class="description" title="TC 006c: Verify ShopBooking By Select An Item At Ranking Page Successfully">TC006c_Order_Item_Through_Ranking_Page</span>
         </a>
  </td>
  
  <td class="TMDes">TC 006c: Verify ShopBooking By Select An Item At Ranking Page Successfully</td>

  <td class="duration">
    215.613s
  </td>
  <td class="result">
        
            


      </td>
</tr>
<tr>

  <td class="method">
    <a href="javascript:void(0)" onclick="clickHandler(this);" title="Click to expand/collapse">
                  <span class="description" title="TC 006d: Verify Installment Buying By Select An Item At Ranking Page Successfully">TC006d_Installment_Buying_Through_Ranking_Page</span>
         </a>
  </td>
  
  <td class="TMDes">TC 006d: Verify Installment Buying By Select An Item At Ranking Page Successfully</td>

  <td class="duration">
    150.273s
  </td>
  <td class="result">
        
               

     <div id=TC006d_Installment_Buying_Through_Ranking_Page class="testOutput" style="display: none;">
                           &lt;a href=&apos;/Users/ddinnguyeenx/eclipse-fptshop/QTiumFramework/src/Selenium-TestNG/failure-screenshots/15_08_2018 /safari/15_08_2018_05_35_55_TC006d_Installment_Buying_Through_Ranking_Page.png&apos;&gt; &lt;img src=&apos;/Users/ddinnguyeenx/eclipse-fptshop/QTiumFramework/src/Selenium-TestNG/failure-screenshots/15_08_2018 /safari/15_08_2018_05_35_55_TC006d_Installment_Buying_Through_Ranking_Page.png&apos; height=&apos;100&apos; width=&apos;100&apos;/&gt; &lt;/a&gt;<br />
                     </div>
     


        <a href="javascript:toggleElement('exception-21', 'block')" title="Click to expand/collapse"><b>java.lang.AssertionError: expected [true] but found [false]</b></a><br />
    <div class="stackTrace" id="exception-21">
              org.testng.Assert.fail(Assert.java:94)<br />
              org.testng.Assert.failNotEquals(Assert.java:496)<br />
              org.testng.Assert.assertTrue(Assert.java:42)<br />
              org.testng.Assert.assertTrue(Assert.java:52)<br />
              com.logigear.selenium.QTiumAssert.verifyTrue(QTiumAssert.java:14)<br />
              com.logigear.selenium.QTiumAssert.verifyTrue(QTiumAssert.java:27)<br />
              FptShop.InstallmentBuyingPage.checkInstallmentBuyingResult(InstallmentBuyingPage.java:82)<br />
              FptShop.FptShopTests.TC006d_Installment_Buying_Through_Ranking_Page(FptShopTests.java:331)<br />
              sun.reflect.NativeMethodAccessorImpl.invoke0(Native Method)<br />
              sun.reflect.NativeMethodAccessorImpl.invoke(NativeMethodAccessorImpl.java:62)<br />
              sun.reflect.DelegatingMethodAccessorImpl.invoke(DelegatingMethodAccessorImpl.java:43)<br />
              java.lang.reflect.Method.invoke(Method.java:498)<br />
              org.testng.internal.MethodInvocationHelper.invokeMethod(MethodInvocationHelper.java:85)<br />
              org.testng.internal.Invoker.invokeMethod(Invoker.java:639)<br />
              org.testng.internal.Invoker.invokeTestMethod(Invoker.java:816)<br />
              org.testng.internal.Invoker.invokeTestMethods(Invoker.java:1124)<br />
              org.testng.internal.TestMethodWorker.invokeTestMethods(TestMethodWorker.java:125)<br />
              org.testng.internal.TestMethodWorker.run(TestMethodWorker.java:108)<br />
              org.testng.TestRunner.privateRun(TestRunner.java:774)<br />
              org.testng.TestRunner.run(TestRunner.java:624)<br />
              org.testng.SuiteRunner.runTest(SuiteRunner.java:359)<br />
              org.testng.SuiteRunner.runSequentially(SuiteRunner.java:354)<br />
              org.testng.SuiteRunner.privateRun(SuiteRunner.java:312)<br />
              org.testng.SuiteRunner.run(SuiteRunner.java:261)<br />
              org.testng.SuiteRunnerWorker.runSuite(SuiteRunnerWorker.java:52)<br />
              org.testng.SuiteRunnerWorker.run(SuiteRunnerWorker.java:86)<br />
              org.testng.TestNG.runSuitesSequentially(TestNG.java:1215)<br />
              org.testng.TestNG.runSuitesLocally(TestNG.java:1140)<br />
              org.testng.TestNG.run(TestNG.java:1048)<br />
              org.testng.remote.AbstractRemoteTestNG.run(AbstractRemoteTestNG.java:114)<br />
              org.testng.remote.RemoteTestNG.initAndRun(RemoteTestNG.java:251)<br />
              org.testng.remote.RemoteTestNG.main(RemoteTestNG.java:77)<br />
                </div>
      </td>
</tr>
<tr>

  <td class="method">
    <a href="javascript:void(0)" onclick="clickHandler(this);" title="Click to expand/collapse">
                  <span class="description" title="TC 007a: Verify Order An Item By Select Price Range At Category Page Successfully">TC007a_Order_By_Select_Price_Range_At_Category_Page</span>
         </a>
  </td>
  
  <td class="TMDes">TC 007a: Verify Order An Item By Select Price Range At Category Page Successfully</td>

  <td class="duration">
    286.966s
  </td>
  <td class="result">
        
            


      </td>
</tr>
<tr>

  <td class="method">
    <a href="javascript:void(0)" onclick="clickHandler(this);" title="Click to expand/collapse">
                  <span class="description" title="TC 007b: Verify ShopBooking An Item By Select Price Range At Category Page Successfully">TC007b_Order_By_Select_Price_Range_At_Category_Page</span>
         </a>
  </td>
  
  <td class="TMDes">TC 007b: Verify ShopBooking An Item By Select Price Range At Category Page Successfully</td>

  <td class="duration">
    203.143s
  </td>
  <td class="result">
        
            


      </td>
</tr>
<tr>

  <td class="method">
    <a href="javascript:void(0)" onclick="clickHandler(this);" title="Click to expand/collapse">
                  <span class="description" title="TC 008a: Verify Order An Item By Select Brand At Category Page Successfully">TC008a_Order_By_Select_Brand_At_Category_Page</span>
         </a>
  </td>
  
  <td class="TMDes">TC 008a: Verify Order An Item By Select Brand At Category Page Successfully</td>

  <td class="duration">
    214.683s
  </td>
  <td class="result">
        
            


      </td>
</tr>
<tr>

  <td class="method">
    <a href="javascript:void(0)" onclick="clickHandler(this);" title="Click to expand/collapse">
                  <span class="description" title="TC 008b: Verify ShopBooking An Item By Select Brand At Category Page Successfully">TC008b_Order_By_Select_Brand_At_Category_Page</span>
         </a>
  </td>
  
  <td class="TMDes">TC 008b: Verify ShopBooking An Item By Select Brand At Category Page Successfully</td>

  <td class="duration">
    215.985s
  </td>
  <td class="result">
        
            


      </td>
</tr>
<tr>

  <td class="method">
    <a href="javascript:void(0)" onclick="clickHandler(this);" title="Click to expand/collapse">
                  <span class="description" title="TC 008c: Verify Installment Buying An Item By Select Brand At Category Page Successfully">TC008c_Installment_Buying_By_Select_Brand_At_Category_Page</span>
         </a>
  </td>
  
  <td class="TMDes">TC 008c: Verify Installment Buying An Item By Select Brand At Category Page Successfully</td>

  <td class="duration">
    120.791s
  </td>
  <td class="result">
        
            


      </td>
</tr>
<tr>

  <td class="method">
    <a href="javascript:void(0)" onclick="clickHandler(this);" title="Click to expand/collapse">
                  <span class="description" title="TC 009a: Verify Order An Item By Select Item At Category Page Successfully">TC009a_Order_By_Select_Item_At_Category_Page</span>
         </a>
  </td>
  
  <td class="TMDes">TC 009a: Verify Order An Item By Select Item At Category Page Successfully</td>

  <td class="duration">
    229.671s
  </td>
  <td class="result">
        
            


      </td>
</tr>
<tr>

  <td class="method">
    <a href="javascript:void(0)" onclick="clickHandler(this);" title="Click to expand/collapse">
                  <span class="description" title="TC 009b: Verify ShopBooking An Item By Select Item At Category Page Successfully">TC009b_Order_By_Select_Item_At_Category_Page</span>
         </a>
  </td>
  
  <td class="TMDes">TC 009b: Verify ShopBooking An Item By Select Item At Category Page Successfully</td>

  <td class="duration">
    203.132s
  </td>
  <td class="result">
        
            


      </td>
</tr>
<tr>

  <td class="method">
    <a href="javascript:void(0)" onclick="clickHandler(this);" title="Click to expand/collapse">
                  <span class="description" title="TC 009c: Verify Installment Buying An Item By Select Item At Category Page Successfully">TC009c_Installment_Buying_By_Select_Item_At_Category_Page</span>
         </a>
  </td>
  
  <td class="TMDes">TC 009c: Verify Installment Buying An Item By Select Item At Category Page Successfully</td>

  <td class="duration">
    109.430s
  </td>
  <td class="result">
        
            


      </td>
</tr>
<tr>

  <td class="method">
    <a href="javascript:void(0)" onclick="clickHandler(this);" title="Click to expand/collapse">
                  <span class="description" title="TC 010b: Verify Installment Buying Through Installment Buying Category Page Successfully">TC010b_Installment_Buying_Through_Installment_Buying_Category_Page</span>
         </a>
  </td>
  
  <td class="TMDes">TC 010b: Verify Installment Buying Through Installment Buying Category Page Successfully</td>

  <td class="duration">
    144.063s
  </td>
  <td class="result">
        
               

     <div id=TC010b_Installment_Buying_Through_Installment_Buying_Category_Page class="testOutput" style="display: none;">
                           &lt;a href=&apos;/Users/ddinnguyeenx/eclipse-fptshop/QTiumFramework/src/Selenium-TestNG/failure-screenshots/15_08_2018 /safari/15_08_2018_06_12_23_TC010b_Installment_Buying_Through_Installment_Buying_Category_Page.png&apos;&gt; &lt;img src=&apos;/Users/ddinnguyeenx/eclipse-fptshop/QTiumFramework/src/Selenium-TestNG/failure-screenshots/15_08_2018 /safari/15_08_2018_06_12_23_TC010b_Installment_Buying_Through_Installment_Buying_Category_Page.png&apos; height=&apos;100&apos; width=&apos;100&apos;/&gt; &lt;/a&gt;<br />
                     </div>
     


        <a href="javascript:toggleElement('exception-30', 'block')" title="Click to expand/collapse"><b>java.lang.AssertionError: expected [true] but found [false]</b></a><br />
    <div class="stackTrace" id="exception-30">
              org.testng.Assert.fail(Assert.java:94)<br />
              org.testng.Assert.failNotEquals(Assert.java:496)<br />
              org.testng.Assert.assertTrue(Assert.java:42)<br />
              org.testng.Assert.assertTrue(Assert.java:52)<br />
              com.logigear.selenium.QTiumAssert.verifyTrue(QTiumAssert.java:14)<br />
              com.logigear.selenium.QTiumAssert.verifyTrue(QTiumAssert.java:27)<br />
              FptShop.InstallmentBuyingPage.checkInstallmentBuyingResult(InstallmentBuyingPage.java:82)<br />
              FptShop.FptShopTests.TC010b_Installment_Buying_Through_Installment_Buying_Category_Page(FptShopTests.java:95)<br />
              sun.reflect.NativeMethodAccessorImpl.invoke0(Native Method)<br />
              sun.reflect.NativeMethodAccessorImpl.invoke(NativeMethodAccessorImpl.java:62)<br />
              sun.reflect.DelegatingMethodAccessorImpl.invoke(DelegatingMethodAccessorImpl.java:43)<br />
              java.lang.reflect.Method.invoke(Method.java:498)<br />
              org.testng.internal.MethodInvocationHelper.invokeMethod(MethodInvocationHelper.java:85)<br />
              org.testng.internal.Invoker.invokeMethod(Invoker.java:639)<br />
              org.testng.internal.Invoker.invokeTestMethod(Invoker.java:816)<br />
              org.testng.internal.Invoker.invokeTestMethods(Invoker.java:1124)<br />
              org.testng.internal.TestMethodWorker.invokeTestMethods(TestMethodWorker.java:125)<br />
              org.testng.internal.TestMethodWorker.run(TestMethodWorker.java:108)<br />
              org.testng.TestRunner.privateRun(TestRunner.java:774)<br />
              org.testng.TestRunner.run(TestRunner.java:624)<br />
              org.testng.SuiteRunner.runTest(SuiteRunner.java:359)<br />
              org.testng.SuiteRunner.runSequentially(SuiteRunner.java:354)<br />
              org.testng.SuiteRunner.privateRun(SuiteRunner.java:312)<br />
              org.testng.SuiteRunner.run(SuiteRunner.java:261)<br />
              org.testng.SuiteRunnerWorker.runSuite(SuiteRunnerWorker.java:52)<br />
              org.testng.SuiteRunnerWorker.run(SuiteRunnerWorker.java:86)<br />
              org.testng.TestNG.runSuitesSequentially(TestNG.java:1215)<br />
              org.testng.TestNG.runSuitesLocally(TestNG.java:1140)<br />
              org.testng.TestNG.run(TestNG.java:1048)<br />
              org.testng.remote.AbstractRemoteTestNG.run(AbstractRemoteTestNG.java:114)<br />
              org.testng.remote.RemoteTestNG.initAndRun(RemoteTestNG.java:251)<br />
              org.testng.remote.RemoteTestNG.main(RemoteTestNG.java:77)<br />
                </div>
      </td>
</tr>
<tr>

  <td class="method">
    <a href="javascript:void(0)" onclick="clickHandler(this);" title="Click to expand/collapse">
                  <span class="description" title="TC 011a: Verify Order An Item At News Page Successfully">TC011a_Order_By_Select_Item_At_News_Page</span>
         </a>
  </td>
  
  <td class="TMDes">TC 011a: Verify Order An Item At News Page Successfully</td>

  <td class="duration">
    6761.808s
  </td>
  <td class="result">
        
            


      </td>
</tr>
<tr>

  <td class="method">
    <a href="javascript:void(0)" onclick="clickHandler(this);" title="Click to expand/collapse">
                  <span class="description" title="TC 011b: Verify Installment Buying An Item By Select Item At News Page Successfully">TC011b_Installment_Buying_By_Select_Item_At_News_Page</span>
         </a>
  </td>
  
  <td class="TMDes">TC 011b: Verify Installment Buying An Item By Select Item At News Page Successfully</td>

  <td class="duration">
    116.964s
  </td>
  <td class="result">
        
            


      </td>
</tr>
      </table>
  
</body>
</html>
