<?xml version="1.0" encoding="utf-8" ?>
<!DOCTYPE html PUBLIC "-//W3C//DTD XHTML 1.0 Strict//EN"
        "http://www.w3.org/TR/xhtml1/DTD/xhtml1-strict.dtd">
<html xmlns="http://www.w3.org/1999/xhtml" xml:lang="" lang="">
<head>
  <title>Test Results Report - Selenium - TestNG - Chrome on Mac</title>
  <meta http-equiv="Content-Type" content="text/html;charset=utf-8" />
  <meta name="description" content="TestNG unit test results." />
  <link href="reportng.css" rel="stylesheet" type="text/css" />
    <script type="text/javascript" src="reportng.js"></script>
</head>
<body>
<h1>Selenium - TestNG - Chrome on Mac</h1>
<p>
  Test duration: 81.489s
</p>



  <table class="resultsTable">
    <tr><th colspan="4" class="header failed">Failed Tests</th></tr>
          <tr>
        <td colspan="4" class="group">FptShop.FptShopTests</td>
      </tr>
            
<tr>

  <td class="method">
    <a href="javascript:void(0)" onclick="clickHandler(this);" title="Click to expand/collapse">
                  <span class="description" title="TC 010a: Verify Installment Buying At Installment Buying Category Page Successfully">TC010a_Installment_Buying_Through_Installment_Buying_Category_Page</span>
         </a>
  </td>
  
  <td class="TMDes">TC 010a: Verify Installment Buying At Installment Buying Category Page Successfully</td>

  <td class="duration">
    41.865s
  </td>
  <td class="result">
        
               

     <div id=TC010a_Installment_Buying_Through_Installment_Buying_Category_Page class="testOutput" style="display: none;">
                           &lt;a href=&apos;/Users/ddinnguyeenx/eclipse-fptshop/QTiumFramework/src/Selenium-TestNG/failure-screenshots/23_08_2018 /chrome/23_08_2018_11_06_11_TC010a_Installment_Buying_Through_Installment_Buying_Category_Page.png&apos;&gt; &lt;img src=&apos;/Users/ddinnguyeenx/eclipse-fptshop/QTiumFramework/src/Selenium-TestNG/failure-screenshots/23_08_2018 /chrome/23_08_2018_11_06_11_TC010a_Installment_Buying_Through_Installment_Buying_Category_Page.png&apos; height=&apos;100&apos; width=&apos;100&apos;/&gt; &lt;/a&gt;<br />
                     </div>
     


        <a href="javascript:toggleElement('exception-0', 'block')" title="Click to expand/collapse"><b>org.openqa.selenium.TimeoutException: Timed out after 30 seconds waiting for presence of element located by: By.xpath: //div[@class=&apos;ins-item-left-container&apos;]<br/>
Build info: version: &apos;2.53.1&apos;, revision: &apos;a36b8b1&apos;, time: &apos;2016-06-30 17:32:46&apos;<br/>
System info: host: &apos;ddins-MacBook-Air.local&apos;, ip: &apos;192.168.0.108&apos;, os.name: &apos;Mac OS X&apos;, os.arch: &apos;x86_64&apos;, os.version: &apos;10.12&apos;, java.version: &apos;1.8.0_172&apos;<br/>
Driver info: org.openqa.selenium.chrome.ChromeDriver<br/>
Capabilities [{applicationCacheEnabled=false, rotatable=false, mobileEmulationEnabled=false, networkConnectionEnabled=false, chrome={chromedriverVersion=2.40.565386 (45a059dc425e08165f9a10324bd1380cc13ca363), userDataDir=/var/folders/hg/dpbzdcdj0hvbhf6nn6c2f0_w0000gn/T/.org.chromium.Chromium.Zh8ahq}, takesHeapSnapshot=true, pageLoadStrategy=normal, databaseEnabled=false, handlesAlerts=true, hasTouchScreen=false, version=68.0.3440.106, platform=MAC, browserConnectionEnabled=false, nativeEvents=true, acceptSslCerts=false, acceptInsecureCerts=false, locationContextEnabled=true, webStorageEnabled=true, browserName=chrome, takesScreenshot=true, javascriptEnabled=true, cssSelectorsEnabled=true, setWindowRect=true, unexpectedAlertBehaviour=}]<br/>
Session ID: 16afa9f9c87b1fccb91d97f42d6adc3f</b></a><br />
    <div class="stackTrace" id="exception-0">
              org.openqa.selenium.support.ui.WebDriverWait.timeoutException(WebDriverWait.java:80)<br />
              org.openqa.selenium.support.ui.FluentWait.until(FluentWait.java:261)<br />
              com.logigear.selenium.QTiumAutomation.findElement(QTiumAutomation.java:243)<br />
              com.logigear.selenium.QTiumAutomation.executeJavaScript(QTiumAutomation.java:434)<br />
              FptShop.AbstractPage.removeCartPopup(AbstractPage.java:62)<br />
              FptShop.AbstractPage.selectInstallmentBuyingCategory(AbstractPage.java:68)<br />
              FptShop.FptShopTests.TC010a_Installment_Buying_Through_Installment_Buying_Category_Page(FptShopTests.java:103)<br />
              sun.reflect.NativeMethodAccessorImpl.invoke0(Native Method)<br />
              sun.reflect.NativeMethodAccessorImpl.invoke(NativeMethodAccessorImpl.java:62)<br />
              sun.reflect.DelegatingMethodAccessorImpl.invoke(DelegatingMethodAccessorImpl.java:43)<br />
              java.lang.reflect.Method.invoke(Method.java:498)<br />
              org.testng.internal.MethodInvocationHelper.invokeMethod(MethodInvocationHelper.java:85)<br />
              org.testng.internal.Invoker.invokeMethod(Invoker.java:639)<br />
              org.testng.internal.Invoker.invokeTestMethod(Invoker.java:816)<br />
              org.testng.internal.Invoker.invokeTestMethods(Invoker.java:1124)<br />
              org.testng.internal.TestMethodWorker.invokeTestMethods(TestMethodWorker.java:125)<br />
              org.testng.internal.TestMethodWorker.run(TestMethodWorker.java:108)<br />
              org.testng.TestRunner.privateRun(TestRunner.java:774)<br />
              org.testng.TestRunner.run(TestRunner.java:624)<br />
              org.testng.SuiteRunner.runTest(SuiteRunner.java:359)<br />
              org.testng.SuiteRunner.runSequentially(SuiteRunner.java:354)<br />
              org.testng.SuiteRunner.privateRun(SuiteRunner.java:312)<br />
              org.testng.SuiteRunner.run(SuiteRunner.java:261)<br />
              org.testng.SuiteRunnerWorker.runSuite(SuiteRunnerWorker.java:52)<br />
              org.testng.SuiteRunnerWorker.run(SuiteRunnerWorker.java:86)<br />
              org.testng.TestNG.runSuitesSequentially(TestNG.java:1215)<br />
              org.testng.TestNG.runSuitesLocally(TestNG.java:1140)<br />
              org.testng.TestNG.run(TestNG.java:1048)<br />
              org.testng.remote.AbstractRemoteTestNG.run(AbstractRemoteTestNG.java:114)<br />
              org.testng.remote.RemoteTestNG.initAndRun(RemoteTestNG.java:251)<br />
              org.testng.remote.RemoteTestNG.main(RemoteTestNG.java:77)<br />
                    <b>Caused by: </b> <a href="javascript:toggleElement('exception-1', 'block')" title="Click to expand/collapse">org.openqa.selenium.NoSuchElementException: no such element: Unable to locate element: {&quot;method&quot;:&quot;xpath&quot;,&quot;selector&quot;:&quot;//div[@class=&apos;ins-item-left-container&apos;]&quot;}<br/>
&nbsp; (Session info: chrome=68.0.3440.106)<br/>
&nbsp; (Driver info: chromedriver=2.40.565386 (45a059dc425e08165f9a10324bd1380cc13ca363),platform=Mac OS X 10.12.0 x86_64) (WARNING: The server did not provide any stacktrace information)<br/>
Command duration or timeout: 30.06 seconds<br/>
For documentation on this error, please visit: http://seleniumhq.org/exceptions/no_such_element.html<br/>
Build info: version: &apos;2.53.1&apos;, revision: &apos;a36b8b1&apos;, time: &apos;2016-06-30 17:32:46&apos;<br/>
System info: host: &apos;ddins-MacBook-Air.local&apos;, ip: &apos;192.168.0.108&apos;, os.name: &apos;Mac OS X&apos;, os.arch: &apos;x86_64&apos;, os.version: &apos;10.12&apos;, java.version: &apos;1.8.0_172&apos;<br/>
Driver info: org.openqa.selenium.chrome.ChromeDriver<br/>
Capabilities [{applicationCacheEnabled=false, rotatable=false, mobileEmulationEnabled=false, networkConnectionEnabled=false, chrome={chromedriverVersion=2.40.565386 (45a059dc425e08165f9a10324bd1380cc13ca363), userDataDir=/var/folders/hg/dpbzdcdj0hvbhf6nn6c2f0_w0000gn/T/.org.chromium.Chromium.Zh8ahq}, takesHeapSnapshot=true, pageLoadStrategy=normal, databaseEnabled=false, handlesAlerts=true, hasTouchScreen=false, version=68.0.3440.106, platform=MAC, browserConnectionEnabled=false, nativeEvents=true, acceptSslCerts=false, acceptInsecureCerts=false, locationContextEnabled=true, webStorageEnabled=true, browserName=chrome, takesScreenshot=true, javascriptEnabled=true, cssSelectorsEnabled=true, setWindowRect=true, unexpectedAlertBehaviour=}]<br/>
Session ID: 16afa9f9c87b1fccb91d97f42d6adc3f<br/>
*** Element info: {Using=xpath, value=//div[@class=&apos;ins-item-left-container&apos;]}</a><br />
        <div class="stackTrace" id="exception-1">
                      sun.reflect.NativeConstructorAccessorImpl.newInstance0(Native Method)<br />
                      sun.reflect.NativeConstructorAccessorImpl.newInstance(NativeConstructorAccessorImpl.java:62)<br />
                      sun.reflect.DelegatingConstructorAccessorImpl.newInstance(DelegatingConstructorAccessorImpl.java:45)<br />
                      java.lang.reflect.Constructor.newInstance(Constructor.java:423)<br />
                      org.openqa.selenium.remote.ErrorHandler.createThrowable(ErrorHandler.java:206)<br />
                      org.openqa.selenium.remote.ErrorHandler.throwIfResponseFailed(ErrorHandler.java:158)<br />
                      org.openqa.selenium.remote.RemoteWebDriver.execute(RemoteWebDriver.java:678)<br />
                      org.openqa.selenium.remote.RemoteWebDriver.findElement(RemoteWebDriver.java:363)<br />
                      org.openqa.selenium.remote.RemoteWebDriver.findElementByXPath(RemoteWebDriver.java:500)<br />
                      org.openqa.selenium.By$ByXPath.findElement(By.java:361)<br />
                      org.openqa.selenium.remote.RemoteWebDriver.findElement(RemoteWebDriver.java:355)<br />
                      org.openqa.selenium.support.ui.ExpectedConditions.findElement(ExpectedConditions.java:899)<br />
                      org.openqa.selenium.support.ui.ExpectedConditions.access$0(ExpectedConditions.java:897)<br />
                      org.openqa.selenium.support.ui.ExpectedConditions$6.apply(ExpectedConditions.java:181)<br />
                      org.openqa.selenium.support.ui.ExpectedConditions$6.apply(ExpectedConditions.java:1)<br />
                      org.openqa.selenium.support.ui.FluentWait.until(FluentWait.java:238)<br />
                      com.logigear.selenium.QTiumAutomation.findElement(QTiumAutomation.java:243)<br />
                      com.logigear.selenium.QTiumAutomation.executeJavaScript(QTiumAutomation.java:434)<br />
                      FptShop.AbstractPage.removeCartPopup(AbstractPage.java:62)<br />
                      FptShop.AbstractPage.selectInstallmentBuyingCategory(AbstractPage.java:68)<br />
                      FptShop.FptShopTests.TC010a_Installment_Buying_Through_Installment_Buying_Category_Page(FptShopTests.java:103)<br />
                      sun.reflect.NativeMethodAccessorImpl.invoke0(Native Method)<br />
                      sun.reflect.NativeMethodAccessorImpl.invoke(NativeMethodAccessorImpl.java:62)<br />
                      sun.reflect.DelegatingMethodAccessorImpl.invoke(DelegatingMethodAccessorImpl.java:43)<br />
                      java.lang.reflect.Method.invoke(Method.java:498)<br />
                      org.testng.internal.MethodInvocationHelper.invokeMethod(MethodInvocationHelper.java:85)<br />
                      org.testng.internal.Invoker.invokeMethod(Invoker.java:639)<br />
                      org.testng.internal.Invoker.invokeTestMethod(Invoker.java:816)<br />
                      org.testng.internal.Invoker.invokeTestMethods(Invoker.java:1124)<br />
                      org.testng.internal.TestMethodWorker.invokeTestMethods(TestMethodWorker.java:125)<br />
                      org.testng.internal.TestMethodWorker.run(TestMethodWorker.java:108)<br />
                      org.testng.TestRunner.privateRun(TestRunner.java:774)<br />
                      org.testng.TestRunner.run(TestRunner.java:624)<br />
                      org.testng.SuiteRunner.runTest(SuiteRunner.java:359)<br />
                      org.testng.SuiteRunner.runSequentially(SuiteRunner.java:354)<br />
                      org.testng.SuiteRunner.privateRun(SuiteRunner.java:312)<br />
                      org.testng.SuiteRunner.run(SuiteRunner.java:261)<br />
                      org.testng.SuiteRunnerWorker.runSuite(SuiteRunnerWorker.java:52)<br />
                      org.testng.SuiteRunnerWorker.run(SuiteRunnerWorker.java:86)<br />
                      org.testng.TestNG.runSuitesSequentially(TestNG.java:1215)<br />
                      org.testng.TestNG.runSuitesLocally(TestNG.java:1140)<br />
                      org.testng.TestNG.run(TestNG.java:1048)<br />
                      org.testng.remote.AbstractRemoteTestNG.run(AbstractRemoteTestNG.java:114)<br />
                      org.testng.remote.RemoteTestNG.initAndRun(RemoteTestNG.java:251)<br />
                      org.testng.remote.RemoteTestNG.main(RemoteTestNG.java:77)<br />
                  </div>
          </div>
      </td>
</tr>
<tr>

  <td class="method">
    <a href="javascript:void(0)" onclick="clickHandler(this);" title="Click to expand/collapse">
                  <span class="description" title="TC 010b: Verify Installment Buying Through Installment Buying Category Page Successfully">TC010b_Installment_Buying_Through_Installment_Buying_Category_Page</span>
         </a>
  </td>
  
  <td class="TMDes">TC 010b: Verify Installment Buying Through Installment Buying Category Page Successfully</td>

  <td class="duration">
    39.383s
  </td>
  <td class="result">
        
               

     <div id=TC010b_Installment_Buying_Through_Installment_Buying_Category_Page class="testOutput" style="display: none;">
                           &lt;a href=&apos;/Users/ddinnguyeenx/eclipse-fptshop/QTiumFramework/src/Selenium-TestNG/failure-screenshots/23_08_2018 /chrome/23_08_2018_11_07_11_TC010b_Installment_Buying_Through_Installment_Buying_Category_Page.png&apos;&gt; &lt;img src=&apos;/Users/ddinnguyeenx/eclipse-fptshop/QTiumFramework/src/Selenium-TestNG/failure-screenshots/23_08_2018 /chrome/23_08_2018_11_07_11_TC010b_Installment_Buying_Through_Installment_Buying_Category_Page.png&apos; height=&apos;100&apos; width=&apos;100&apos;/&gt; &lt;/a&gt;<br />
                     </div>
     


        <a href="javascript:toggleElement('exception-2', 'block')" title="Click to expand/collapse"><b>org.openqa.selenium.TimeoutException: Timed out after 30 seconds waiting for presence of element located by: By.xpath: //div[@class=&apos;ins-item-left-container&apos;]<br/>
Build info: version: &apos;2.53.1&apos;, revision: &apos;a36b8b1&apos;, time: &apos;2016-06-30 17:32:46&apos;<br/>
System info: host: &apos;ddins-MacBook-Air.local&apos;, ip: &apos;192.168.0.108&apos;, os.name: &apos;Mac OS X&apos;, os.arch: &apos;x86_64&apos;, os.version: &apos;10.12&apos;, java.version: &apos;1.8.0_172&apos;<br/>
Driver info: org.openqa.selenium.chrome.ChromeDriver<br/>
Capabilities [{applicationCacheEnabled=false, rotatable=false, mobileEmulationEnabled=false, networkConnectionEnabled=false, chrome={chromedriverVersion=2.40.565386 (45a059dc425e08165f9a10324bd1380cc13ca363), userDataDir=/var/folders/hg/dpbzdcdj0hvbhf6nn6c2f0_w0000gn/T/.org.chromium.Chromium.P2sYiz}, takesHeapSnapshot=true, pageLoadStrategy=normal, databaseEnabled=false, handlesAlerts=true, hasTouchScreen=false, version=68.0.3440.106, platform=MAC, browserConnectionEnabled=false, nativeEvents=true, acceptSslCerts=false, acceptInsecureCerts=false, locationContextEnabled=true, webStorageEnabled=true, browserName=chrome, takesScreenshot=true, javascriptEnabled=true, cssSelectorsEnabled=true, setWindowRect=true, unexpectedAlertBehaviour=}]<br/>
Session ID: a2891c39d6bff2f4294cf5650fad5d11</b></a><br />
    <div class="stackTrace" id="exception-2">
              org.openqa.selenium.support.ui.WebDriverWait.timeoutException(WebDriverWait.java:80)<br />
              org.openqa.selenium.support.ui.FluentWait.until(FluentWait.java:261)<br />
              com.logigear.selenium.QTiumAutomation.findElement(QTiumAutomation.java:243)<br />
              com.logigear.selenium.QTiumAutomation.executeJavaScript(QTiumAutomation.java:434)<br />
              FptShop.AbstractPage.removeCartPopup(AbstractPage.java:62)<br />
              FptShop.AbstractPage.selectInstallmentBuyingCategory(AbstractPage.java:68)<br />
              FptShop.FptShopTests.TC010b_Installment_Buying_Through_Installment_Buying_Category_Page(FptShopTests.java:82)<br />
              sun.reflect.NativeMethodAccessorImpl.invoke0(Native Method)<br />
              sun.reflect.NativeMethodAccessorImpl.invoke(NativeMethodAccessorImpl.java:62)<br />
              sun.reflect.DelegatingMethodAccessorImpl.invoke(DelegatingMethodAccessorImpl.java:43)<br />
              java.lang.reflect.Method.invoke(Method.java:498)<br />
              org.testng.internal.MethodInvocationHelper.invokeMethod(MethodInvocationHelper.java:85)<br />
              org.testng.internal.Invoker.invokeMethod(Invoker.java:639)<br />
              org.testng.internal.Invoker.invokeTestMethod(Invoker.java:816)<br />
              org.testng.internal.Invoker.invokeTestMethods(Invoker.java:1124)<br />
              org.testng.internal.TestMethodWorker.invokeTestMethods(TestMethodWorker.java:125)<br />
              org.testng.internal.TestMethodWorker.run(TestMethodWorker.java:108)<br />
              org.testng.TestRunner.privateRun(TestRunner.java:774)<br />
              org.testng.TestRunner.run(TestRunner.java:624)<br />
              org.testng.SuiteRunner.runTest(SuiteRunner.java:359)<br />
              org.testng.SuiteRunner.runSequentially(SuiteRunner.java:354)<br />
              org.testng.SuiteRunner.privateRun(SuiteRunner.java:312)<br />
              org.testng.SuiteRunner.run(SuiteRunner.java:261)<br />
              org.testng.SuiteRunnerWorker.runSuite(SuiteRunnerWorker.java:52)<br />
              org.testng.SuiteRunnerWorker.run(SuiteRunnerWorker.java:86)<br />
              org.testng.TestNG.runSuitesSequentially(TestNG.java:1215)<br />
              org.testng.TestNG.runSuitesLocally(TestNG.java:1140)<br />
              org.testng.TestNG.run(TestNG.java:1048)<br />
              org.testng.remote.AbstractRemoteTestNG.run(AbstractRemoteTestNG.java:114)<br />
              org.testng.remote.RemoteTestNG.initAndRun(RemoteTestNG.java:251)<br />
              org.testng.remote.RemoteTestNG.main(RemoteTestNG.java:77)<br />
                    <b>Caused by: </b> <a href="javascript:toggleElement('exception-3', 'block')" title="Click to expand/collapse">org.openqa.selenium.NoSuchElementException: no such element: Unable to locate element: {&quot;method&quot;:&quot;xpath&quot;,&quot;selector&quot;:&quot;//div[@class=&apos;ins-item-left-container&apos;]&quot;}<br/>
&nbsp; (Session info: chrome=68.0.3440.106)<br/>
&nbsp; (Driver info: chromedriver=2.40.565386 (45a059dc425e08165f9a10324bd1380cc13ca363),platform=Mac OS X 10.12.0 x86_64) (WARNING: The server did not provide any stacktrace information)<br/>
Command duration or timeout: 30.06 seconds<br/>
For documentation on this error, please visit: http://seleniumhq.org/exceptions/no_such_element.html<br/>
Build info: version: &apos;2.53.1&apos;, revision: &apos;a36b8b1&apos;, time: &apos;2016-06-30 17:32:46&apos;<br/>
System info: host: &apos;ddins-MacBook-Air.local&apos;, ip: &apos;192.168.0.108&apos;, os.name: &apos;Mac OS X&apos;, os.arch: &apos;x86_64&apos;, os.version: &apos;10.12&apos;, java.version: &apos;1.8.0_172&apos;<br/>
Driver info: org.openqa.selenium.chrome.ChromeDriver<br/>
Capabilities [{applicationCacheEnabled=false, rotatable=false, mobileEmulationEnabled=false, networkConnectionEnabled=false, chrome={chromedriverVersion=2.40.565386 (45a059dc425e08165f9a10324bd1380cc13ca363), userDataDir=/var/folders/hg/dpbzdcdj0hvbhf6nn6c2f0_w0000gn/T/.org.chromium.Chromium.P2sYiz}, takesHeapSnapshot=true, pageLoadStrategy=normal, databaseEnabled=false, handlesAlerts=true, hasTouchScreen=false, version=68.0.3440.106, platform=MAC, browserConnectionEnabled=false, nativeEvents=true, acceptSslCerts=false, acceptInsecureCerts=false, locationContextEnabled=true, webStorageEnabled=true, browserName=chrome, takesScreenshot=true, javascriptEnabled=true, cssSelectorsEnabled=true, setWindowRect=true, unexpectedAlertBehaviour=}]<br/>
Session ID: a2891c39d6bff2f4294cf5650fad5d11<br/>
*** Element info: {Using=xpath, value=//div[@class=&apos;ins-item-left-container&apos;]}</a><br />
        <div class="stackTrace" id="exception-3">
                      sun.reflect.NativeConstructorAccessorImpl.newInstance0(Native Method)<br />
                      sun.reflect.NativeConstructorAccessorImpl.newInstance(NativeConstructorAccessorImpl.java:62)<br />
                      sun.reflect.DelegatingConstructorAccessorImpl.newInstance(DelegatingConstructorAccessorImpl.java:45)<br />
                      java.lang.reflect.Constructor.newInstance(Constructor.java:423)<br />
                      org.openqa.selenium.remote.ErrorHandler.createThrowable(ErrorHandler.java:206)<br />
                      org.openqa.selenium.remote.ErrorHandler.throwIfResponseFailed(ErrorHandler.java:158)<br />
                      org.openqa.selenium.remote.RemoteWebDriver.execute(RemoteWebDriver.java:678)<br />
                      org.openqa.selenium.remote.RemoteWebDriver.findElement(RemoteWebDriver.java:363)<br />
                      org.openqa.selenium.remote.RemoteWebDriver.findElementByXPath(RemoteWebDriver.java:500)<br />
                      org.openqa.selenium.By$ByXPath.findElement(By.java:361)<br />
                      org.openqa.selenium.remote.RemoteWebDriver.findElement(RemoteWebDriver.java:355)<br />
                      org.openqa.selenium.support.ui.ExpectedConditions.findElement(ExpectedConditions.java:899)<br />
                      org.openqa.selenium.support.ui.ExpectedConditions.access$0(ExpectedConditions.java:897)<br />
                      org.openqa.selenium.support.ui.ExpectedConditions$6.apply(ExpectedConditions.java:181)<br />
                      org.openqa.selenium.support.ui.ExpectedConditions$6.apply(ExpectedConditions.java:1)<br />
                      org.openqa.selenium.support.ui.FluentWait.until(FluentWait.java:238)<br />
                      com.logigear.selenium.QTiumAutomation.findElement(QTiumAutomation.java:243)<br />
                      com.logigear.selenium.QTiumAutomation.executeJavaScript(QTiumAutomation.java:434)<br />
                      FptShop.AbstractPage.removeCartPopup(AbstractPage.java:62)<br />
                      FptShop.AbstractPage.selectInstallmentBuyingCategory(AbstractPage.java:68)<br />
                      FptShop.FptShopTests.TC010b_Installment_Buying_Through_Installment_Buying_Category_Page(FptShopTests.java:82)<br />
                      sun.reflect.NativeMethodAccessorImpl.invoke0(Native Method)<br />
                      sun.reflect.NativeMethodAccessorImpl.invoke(NativeMethodAccessorImpl.java:62)<br />
                      sun.reflect.DelegatingMethodAccessorImpl.invoke(DelegatingMethodAccessorImpl.java:43)<br />
                      java.lang.reflect.Method.invoke(Method.java:498)<br />
                      org.testng.internal.MethodInvocationHelper.invokeMethod(MethodInvocationHelper.java:85)<br />
                      org.testng.internal.Invoker.invokeMethod(Invoker.java:639)<br />
                      org.testng.internal.Invoker.invokeTestMethod(Invoker.java:816)<br />
                      org.testng.internal.Invoker.invokeTestMethods(Invoker.java:1124)<br />
                      org.testng.internal.TestMethodWorker.invokeTestMethods(TestMethodWorker.java:125)<br />
                      org.testng.internal.TestMethodWorker.run(TestMethodWorker.java:108)<br />
                      org.testng.TestRunner.privateRun(TestRunner.java:774)<br />
                      org.testng.TestRunner.run(TestRunner.java:624)<br />
                      org.testng.SuiteRunner.runTest(SuiteRunner.java:359)<br />
                      org.testng.SuiteRunner.runSequentially(SuiteRunner.java:354)<br />
                      org.testng.SuiteRunner.privateRun(SuiteRunner.java:312)<br />
                      org.testng.SuiteRunner.run(SuiteRunner.java:261)<br />
                      org.testng.SuiteRunnerWorker.runSuite(SuiteRunnerWorker.java:52)<br />
                      org.testng.SuiteRunnerWorker.run(SuiteRunnerWorker.java:86)<br />
                      org.testng.TestNG.runSuitesSequentially(TestNG.java:1215)<br />
                      org.testng.TestNG.runSuitesLocally(TestNG.java:1140)<br />
                      org.testng.TestNG.run(TestNG.java:1048)<br />
                      org.testng.remote.AbstractRemoteTestNG.run(AbstractRemoteTestNG.java:114)<br />
                      org.testng.remote.RemoteTestNG.initAndRun(RemoteTestNG.java:251)<br />
                      org.testng.remote.RemoteTestNG.main(RemoteTestNG.java:77)<br />
                  </div>
          </div>
      </td>
</tr>
      </table>


  
</body>
</html>
