<?xml version="1.0" encoding="utf-8" ?>
<!DOCTYPE html PUBLIC "-//W3C//DTD XHTML 1.0 Strict//EN"
        "http://www.w3.org/TR/xhtml1/DTD/xhtml1-strict.dtd">
<html xmlns="http://www.w3.org/1999/xhtml" xml:lang="" lang="">
<head>
  <title>Test Results Report - Selenium - TestNG - Safari on Mac</title>
  <meta http-equiv="Content-Type" content="text/html;charset=utf-8" />
  <meta name="description" content="TestNG unit test results." />
  <link href="reportng.css" rel="stylesheet" type="text/css" />
    <script type="text/javascript" src="reportng.js"></script>
</head>
<body>
<h1>Selenium - TestNG - Safari on Mac</h1>
<p>
  Test duration: 7464.393s
</p>



  <table class="resultsTable">
    <tr><th colspan="4" class="header failed">Failed Tests</th></tr>
          <tr>
        <td colspan="4" class="group">FptShop.FptShopTests</td>
      </tr>
            
<tr>

  <td class="method">
    <a href="javascript:void(0)" onclick="clickHandler(this);" title="Click to expand/collapse">
                  <span class="description" title="TC 001a: Verify Order An Item By Search Suggestion Successfully">TC001a_Order_By_Search_Suggestion</span>
         </a>
  </td>
  
  <td class="TMDes">TC 001a: Verify Order An Item By Search Suggestion Successfully</td>

  <td class="duration">
    422.524s
  </td>
  <td class="result">
        
               

     <div id=TC001a_Order_By_Search_Suggestion class="testOutput" style="display: none;">
                           &lt;a href=&apos;/Users/ddinnguyeenx/eclipse-fptshop/QTiumFramework/src/Selenium-TestNG/failure-screenshots/06_08_2018 /safari/06_08_2018_09_06_19_TC001a_Order_By_Search_Suggestion.png&apos;&gt; &lt;img src=&apos;/Users/ddinnguyeenx/eclipse-fptshop/QTiumFramework/src/Selenium-TestNG/failure-screenshots/06_08_2018 /safari/06_08_2018_09_06_19_TC001a_Order_By_Search_Suggestion.png&apos; height=&apos;100&apos; width=&apos;100&apos;/&gt; &lt;/a&gt;<br />
                     </div>
     


        <a href="javascript:toggleElement('exception-0', 'block')" title="Click to expand/collapse"><b>org.openqa.selenium.NoSuchElementException: Could not find element: {&quot;using&quot;:&quot;id&quot;,&quot;value&quot;:&quot;CityIDHome&quot;} (WARNING: The server did not provide any stacktrace information)<br/>
Command duration or timeout: 30.01 seconds<br/>
For documentation on this error, please visit: http://seleniumhq.org/exceptions/no_such_element.html<br/>
Build info: version: &apos;2.53.1&apos;, revision: &apos;a36b8b1&apos;, time: &apos;2016-06-30 17:32:46&apos;<br/>
System info: host: &apos;ddins-MacBook-Air.local&apos;, ip: &apos;192.168.0.105&apos;, os.name: &apos;Mac OS X&apos;, os.arch: &apos;x86_64&apos;, os.version: &apos;10.12&apos;, java.version: &apos;1.8.0_172&apos;<br/>
Driver info: org.openqa.selenium.safari.SafariDriver<br/>
Capabilities [{browserName=safari, takesScreenshot=true, javascriptEnabled=true, version=10.0, cssSelectorsEnabled=true, platform=MAC, secureSsl=true}]<br/>
Session ID: null<br/>
*** Element info: {Using=id, value=CityIDHome}</b></a><br />
    <div class="stackTrace" id="exception-0">
              sun.reflect.NativeConstructorAccessorImpl.newInstance0(Native Method)<br />
              sun.reflect.NativeConstructorAccessorImpl.newInstance(NativeConstructorAccessorImpl.java:62)<br />
              sun.reflect.DelegatingConstructorAccessorImpl.newInstance(DelegatingConstructorAccessorImpl.java:45)<br />
              java.lang.reflect.Constructor.newInstance(Constructor.java:423)<br />
              org.openqa.selenium.remote.ErrorHandler.createThrowable(ErrorHandler.java:206)<br />
              org.openqa.selenium.remote.ErrorHandler.throwIfResponseFailed(ErrorHandler.java:158)<br />
              org.openqa.selenium.remote.RemoteWebDriver.execute(RemoteWebDriver.java:678)<br />
              org.openqa.selenium.remote.RemoteWebDriver.findElement(RemoteWebDriver.java:363)<br />
              org.openqa.selenium.remote.RemoteWebDriver.findElementById(RemoteWebDriver.java:413)<br />
              org.openqa.selenium.By$ById.findElement(By.java:218)<br />
              org.openqa.selenium.remote.RemoteWebDriver.findElement(RemoteWebDriver.java:355)<br />
              com.logigear.selenium.QTiumAutomation.selectByIndex(QTiumAutomation.java:484)<br />
              FptShop.CartPage.receiveAtHome(CartPage.java:62)<br />
              FptShop.CartPage.selectPlaceToReceive(CartPage.java:29)<br />
              FptShop.CartPage.checkOut(CartPage.java:81)<br />
              FptShop.FptShopTests.TC001a_Order_By_Search_Suggestion(FptShopTests.java:673)<br />
              sun.reflect.NativeMethodAccessorImpl.invoke0(Native Method)<br />
              sun.reflect.NativeMethodAccessorImpl.invoke(NativeMethodAccessorImpl.java:62)<br />
              sun.reflect.DelegatingMethodAccessorImpl.invoke(DelegatingMethodAccessorImpl.java:43)<br />
              java.lang.reflect.Method.invoke(Method.java:498)<br />
              org.testng.internal.MethodInvocationHelper.invokeMethod(MethodInvocationHelper.java:85)<br />
              org.testng.internal.Invoker.invokeMethod(Invoker.java:639)<br />
              org.testng.internal.Invoker.invokeTestMethod(Invoker.java:816)<br />
              org.testng.internal.Invoker.invokeTestMethods(Invoker.java:1124)<br />
              org.testng.internal.TestMethodWorker.invokeTestMethods(TestMethodWorker.java:125)<br />
              org.testng.internal.TestMethodWorker.run(TestMethodWorker.java:108)<br />
              org.testng.TestRunner.privateRun(TestRunner.java:774)<br />
              org.testng.TestRunner.run(TestRunner.java:624)<br />
              org.testng.SuiteRunner.runTest(SuiteRunner.java:359)<br />
              org.testng.SuiteRunner.runSequentially(SuiteRunner.java:354)<br />
              org.testng.SuiteRunner.privateRun(SuiteRunner.java:312)<br />
              org.testng.SuiteRunner.run(SuiteRunner.java:261)<br />
              org.testng.SuiteRunnerWorker.runSuite(SuiteRunnerWorker.java:52)<br />
              org.testng.SuiteRunnerWorker.run(SuiteRunnerWorker.java:86)<br />
              org.testng.TestNG.runSuitesSequentially(TestNG.java:1215)<br />
              org.testng.TestNG.runSuitesLocally(TestNG.java:1140)<br />
              org.testng.TestNG.run(TestNG.java:1048)<br />
              org.testng.remote.AbstractRemoteTestNG.run(AbstractRemoteTestNG.java:114)<br />
              org.testng.remote.RemoteTestNG.initAndRun(RemoteTestNG.java:251)<br />
              org.testng.remote.RemoteTestNG.main(RemoteTestNG.java:77)<br />
                </div>
      </td>
</tr>
<tr>

  <td class="method">
    <a href="javascript:void(0)" onclick="clickHandler(this);" title="Click to expand/collapse">
                  <span class="description" title="TC 002b: Verify Shopbooking An Item By Advanced Searching Successfully">TC002b_Order_By_Advanced_Searching</span>
         </a>
  </td>
  
  <td class="TMDes">TC 002b: Verify Shopbooking An Item By Advanced Searching Successfully</td>

  <td class="duration">
    198.702s
  </td>
  <td class="result">
        
               

     <div id=TC002b_Order_By_Advanced_Searching class="testOutput" style="display: none;">
                           &lt;a href=&apos;/Users/ddinnguyeenx/eclipse-fptshop/QTiumFramework/src/Selenium-TestNG/failure-screenshots/06_08_2018 /safari/06_08_2018_09_21_34_TC002b_Order_By_Advanced_Searching.png&apos;&gt; &lt;img src=&apos;/Users/ddinnguyeenx/eclipse-fptshop/QTiumFramework/src/Selenium-TestNG/failure-screenshots/06_08_2018 /safari/06_08_2018_09_21_34_TC002b_Order_By_Advanced_Searching.png&apos; height=&apos;100&apos; width=&apos;100&apos;/&gt; &lt;/a&gt;<br />
                     </div>
     


        <a href="javascript:toggleElement('exception-1', 'block')" title="Click to expand/collapse"><b>org.openqa.selenium.StaleElementReferenceException: Element does not exist in cache (WARNING: The server did not provide any stacktrace information)<br/>
Command duration or timeout: 196 milliseconds<br/>
For documentation on this error, please visit: http://seleniumhq.org/exceptions/stale_element_reference.html<br/>
Build info: version: &apos;2.53.1&apos;, revision: &apos;a36b8b1&apos;, time: &apos;2016-06-30 17:32:46&apos;<br/>
System info: host: &apos;ddins-MacBook-Air.local&apos;, ip: &apos;192.168.0.105&apos;, os.name: &apos;Mac OS X&apos;, os.arch: &apos;x86_64&apos;, os.version: &apos;10.12&apos;, java.version: &apos;1.8.0_172&apos;<br/>
Driver info: org.openqa.selenium.safari.SafariDriver<br/>
Capabilities [{browserName=safari, takesScreenshot=true, javascriptEnabled=true, version=10.0, cssSelectorsEnabled=true, platform=MAC, secureSsl=true}]<br/>
Session ID: null</b></a><br />
    <div class="stackTrace" id="exception-1">
              sun.reflect.NativeConstructorAccessorImpl.newInstance0(Native Method)<br />
              sun.reflect.NativeConstructorAccessorImpl.newInstance(NativeConstructorAccessorImpl.java:62)<br />
              sun.reflect.DelegatingConstructorAccessorImpl.newInstance(DelegatingConstructorAccessorImpl.java:45)<br />
              java.lang.reflect.Constructor.newInstance(Constructor.java:423)<br />
              org.openqa.selenium.remote.ErrorHandler.createThrowable(ErrorHandler.java:206)<br />
              org.openqa.selenium.remote.ErrorHandler.throwIfResponseFailed(ErrorHandler.java:158)<br />
              org.openqa.selenium.remote.RemoteWebDriver.execute(RemoteWebDriver.java:678)<br />
              org.openqa.selenium.remote.RemoteWebElement.execute(RemoteWebElement.java:327)<br />
              org.openqa.selenium.remote.RemoteWebElement.getAttribute(RemoteWebElement.java:150)<br />
              org.openqa.selenium.support.ui.Select.selectByIndex(Select.java:177)<br />
              com.logigear.selenium.QTiumAutomation.selectByIndex(QTiumAutomation.java:489)<br />
              FptShop.CartPage.receiveAtShop(CartPage.java:42)<br />
              FptShop.CartPage.selectPlaceToReceive(CartPage.java:25)<br />
              FptShop.CartPage.checkOut(CartPage.java:81)<br />
              FptShop.FptShopTests.TC002b_Order_By_Advanced_Searching(FptShopTests.java:595)<br />
              sun.reflect.NativeMethodAccessorImpl.invoke0(Native Method)<br />
              sun.reflect.NativeMethodAccessorImpl.invoke(NativeMethodAccessorImpl.java:62)<br />
              sun.reflect.DelegatingMethodAccessorImpl.invoke(DelegatingMethodAccessorImpl.java:43)<br />
              java.lang.reflect.Method.invoke(Method.java:498)<br />
              org.testng.internal.MethodInvocationHelper.invokeMethod(MethodInvocationHelper.java:85)<br />
              org.testng.internal.Invoker.invokeMethod(Invoker.java:639)<br />
              org.testng.internal.Invoker.invokeTestMethod(Invoker.java:816)<br />
              org.testng.internal.Invoker.invokeTestMethods(Invoker.java:1124)<br />
              org.testng.internal.TestMethodWorker.invokeTestMethods(TestMethodWorker.java:125)<br />
              org.testng.internal.TestMethodWorker.run(TestMethodWorker.java:108)<br />
              org.testng.TestRunner.privateRun(TestRunner.java:774)<br />
              org.testng.TestRunner.run(TestRunner.java:624)<br />
              org.testng.SuiteRunner.runTest(SuiteRunner.java:359)<br />
              org.testng.SuiteRunner.runSequentially(SuiteRunner.java:354)<br />
              org.testng.SuiteRunner.privateRun(SuiteRunner.java:312)<br />
              org.testng.SuiteRunner.run(SuiteRunner.java:261)<br />
              org.testng.SuiteRunnerWorker.runSuite(SuiteRunnerWorker.java:52)<br />
              org.testng.SuiteRunnerWorker.run(SuiteRunnerWorker.java:86)<br />
              org.testng.TestNG.runSuitesSequentially(TestNG.java:1215)<br />
              org.testng.TestNG.runSuitesLocally(TestNG.java:1140)<br />
              org.testng.TestNG.run(TestNG.java:1048)<br />
              org.testng.remote.AbstractRemoteTestNG.run(AbstractRemoteTestNG.java:114)<br />
              org.testng.remote.RemoteTestNG.initAndRun(RemoteTestNG.java:251)<br />
              org.testng.remote.RemoteTestNG.main(RemoteTestNG.java:77)<br />
                </div>
      </td>
</tr>
<tr>

  <td class="method">
    <a href="javascript:void(0)" onclick="clickHandler(this);" title="Click to expand/collapse">
                  <span class="description" title="TC 006a: Verify Order An Item At Ranking Page Successfully">TC006a_Order_Item_Through_Ranking_Page</span>
         </a>
  </td>
  
  <td class="TMDes">TC 006a: Verify Order An Item At Ranking Page Successfully</td>

  <td class="duration">
    87.750s
  </td>
  <td class="result">
        
               

     <div id=TC006a_Order_Item_Through_Ranking_Page class="testOutput" style="display: none;">
                           &lt;a href=&apos;/Users/ddinnguyeenx/eclipse-fptshop/QTiumFramework/src/Selenium-TestNG/failure-screenshots/06_08_2018 /safari/06_08_2018_10_05_23_TC006a_Order_Item_Through_Ranking_Page.png&apos;&gt; &lt;img src=&apos;/Users/ddinnguyeenx/eclipse-fptshop/QTiumFramework/src/Selenium-TestNG/failure-screenshots/06_08_2018 /safari/06_08_2018_10_05_23_TC006a_Order_Item_Through_Ranking_Page.png&apos; height=&apos;100&apos; width=&apos;100&apos;/&gt; &lt;/a&gt;<br />
                     </div>
     


        <a href="javascript:toggleElement('exception-2', 'block')" title="Click to expand/collapse"><b>org.openqa.selenium.InvalidElementStateException: Element is not currently interactable and may not be manipulated (WARNING: The server did not provide any stacktrace information)<br/>
Command duration or timeout: 3 milliseconds<br/>
Build info: version: &apos;2.53.1&apos;, revision: &apos;a36b8b1&apos;, time: &apos;2016-06-30 17:32:46&apos;<br/>
System info: host: &apos;ddins-MacBook-Air.local&apos;, ip: &apos;192.168.0.105&apos;, os.name: &apos;Mac OS X&apos;, os.arch: &apos;x86_64&apos;, os.version: &apos;10.12&apos;, java.version: &apos;1.8.0_172&apos;<br/>
Driver info: org.openqa.selenium.safari.SafariDriver<br/>
Capabilities [{browserName=safari, takesScreenshot=true, javascriptEnabled=true, version=10.0, cssSelectorsEnabled=true, platform=MAC, secureSsl=true}]<br/>
Session ID: null</b></a><br />
    <div class="stackTrace" id="exception-2">
              sun.reflect.NativeConstructorAccessorImpl.newInstance0(Native Method)<br />
              sun.reflect.NativeConstructorAccessorImpl.newInstance(NativeConstructorAccessorImpl.java:62)<br />
              sun.reflect.DelegatingConstructorAccessorImpl.newInstance(DelegatingConstructorAccessorImpl.java:45)<br />
              java.lang.reflect.Constructor.newInstance(Constructor.java:423)<br />
              org.openqa.selenium.remote.ErrorHandler.createThrowable(ErrorHandler.java:206)<br />
              org.openqa.selenium.remote.ErrorHandler.throwIfResponseFailed(ErrorHandler.java:158)<br />
              org.openqa.selenium.remote.RemoteWebDriver.execute(RemoteWebDriver.java:678)<br />
              org.openqa.selenium.remote.RemoteWebElement.execute(RemoteWebElement.java:327)<br />
              org.openqa.selenium.remote.RemoteWebElement.clear(RemoteWebElement.java:140)<br />
              com.logigear.selenium.QTiumAutomation.enter(QTiumAutomation.java:375)<br />
              FptShop.RankingPage.orderNow(RankingPage.java:43)<br />
              FptShop.FptShopTests.TC006a_Order_Item_Through_Ranking_Page(FptShopTests.java:377)<br />
              sun.reflect.NativeMethodAccessorImpl.invoke0(Native Method)<br />
              sun.reflect.NativeMethodAccessorImpl.invoke(NativeMethodAccessorImpl.java:62)<br />
              sun.reflect.DelegatingMethodAccessorImpl.invoke(DelegatingMethodAccessorImpl.java:43)<br />
              java.lang.reflect.Method.invoke(Method.java:498)<br />
              org.testng.internal.MethodInvocationHelper.invokeMethod(MethodInvocationHelper.java:85)<br />
              org.testng.internal.Invoker.invokeMethod(Invoker.java:639)<br />
              org.testng.internal.Invoker.invokeTestMethod(Invoker.java:816)<br />
              org.testng.internal.Invoker.invokeTestMethods(Invoker.java:1124)<br />
              org.testng.internal.TestMethodWorker.invokeTestMethods(TestMethodWorker.java:125)<br />
              org.testng.internal.TestMethodWorker.run(TestMethodWorker.java:108)<br />
              org.testng.TestRunner.privateRun(TestRunner.java:774)<br />
              org.testng.TestRunner.run(TestRunner.java:624)<br />
              org.testng.SuiteRunner.runTest(SuiteRunner.java:359)<br />
              org.testng.SuiteRunner.runSequentially(SuiteRunner.java:354)<br />
              org.testng.SuiteRunner.privateRun(SuiteRunner.java:312)<br />
              org.testng.SuiteRunner.run(SuiteRunner.java:261)<br />
              org.testng.SuiteRunnerWorker.runSuite(SuiteRunnerWorker.java:52)<br />
              org.testng.SuiteRunnerWorker.run(SuiteRunnerWorker.java:86)<br />
              org.testng.TestNG.runSuitesSequentially(TestNG.java:1215)<br />
              org.testng.TestNG.runSuitesLocally(TestNG.java:1140)<br />
              org.testng.TestNG.run(TestNG.java:1048)<br />
              org.testng.remote.AbstractRemoteTestNG.run(AbstractRemoteTestNG.java:114)<br />
              org.testng.remote.RemoteTestNG.initAndRun(RemoteTestNG.java:251)<br />
              org.testng.remote.RemoteTestNG.main(RemoteTestNG.java:77)<br />
                </div>
      </td>
</tr>
<tr>

  <td class="method">
    <a href="javascript:void(0)" onclick="clickHandler(this);" title="Click to expand/collapse">
                  <span class="description" title="TC 006c: Verify ShopBooking By Select An Item At Ranking Page Successfully">TC006c_Order_Item_Through_Ranking_Page</span>
         </a>
  </td>
  
  <td class="TMDes">TC 006c: Verify ShopBooking By Select An Item At Ranking Page Successfully</td>

  <td class="duration">
    253.222s
  </td>
  <td class="result">
        
               

     <div id=TC006c_Order_Item_Through_Ranking_Page class="testOutput" style="display: none;">
                           &lt;a href=&apos;/Users/ddinnguyeenx/eclipse-fptshop/QTiumFramework/src/Selenium-TestNG/failure-screenshots/06_08_2018 /safari/06_08_2018_10_14_38_TC006c_Order_Item_Through_Ranking_Page.png&apos;&gt; &lt;img src=&apos;/Users/ddinnguyeenx/eclipse-fptshop/QTiumFramework/src/Selenium-TestNG/failure-screenshots/06_08_2018 /safari/06_08_2018_10_14_38_TC006c_Order_Item_Through_Ranking_Page.png&apos; height=&apos;100&apos; width=&apos;100&apos;/&gt; &lt;/a&gt;<br />
                     </div>
     


        <a href="javascript:toggleElement('exception-3', 'block')" title="Click to expand/collapse"><b>org.openqa.selenium.TimeoutException: Timed out awaiting response to command &quot;isElementSelected&quot; after 30002 ms (WARNING: The server did not provide any stacktrace information)<br/>
Command duration or timeout: 30.00 seconds<br/>
Build info: version: &apos;2.53.1&apos;, revision: &apos;a36b8b1&apos;, time: &apos;2016-06-30 17:32:46&apos;<br/>
System info: host: &apos;ddins-MacBook-Air.local&apos;, ip: &apos;192.168.0.105&apos;, os.name: &apos;Mac OS X&apos;, os.arch: &apos;x86_64&apos;, os.version: &apos;10.12&apos;, java.version: &apos;1.8.0_172&apos;<br/>
Driver info: org.openqa.selenium.safari.SafariDriver<br/>
Capabilities [{browserName=safari, takesScreenshot=true, javascriptEnabled=true, version=10.0, cssSelectorsEnabled=true, platform=MAC, secureSsl=true}]<br/>
Session ID: null</b></a><br />
    <div class="stackTrace" id="exception-3">
              sun.reflect.NativeConstructorAccessorImpl.newInstance0(Native Method)<br />
              sun.reflect.NativeConstructorAccessorImpl.newInstance(NativeConstructorAccessorImpl.java:62)<br />
              sun.reflect.DelegatingConstructorAccessorImpl.newInstance(DelegatingConstructorAccessorImpl.java:45)<br />
              java.lang.reflect.Constructor.newInstance(Constructor.java:423)<br />
              org.openqa.selenium.remote.ErrorHandler.createThrowable(ErrorHandler.java:206)<br />
              org.openqa.selenium.remote.ErrorHandler.throwIfResponseFailed(ErrorHandler.java:158)<br />
              org.openqa.selenium.remote.RemoteWebDriver.execute(RemoteWebDriver.java:678)<br />
              org.openqa.selenium.remote.RemoteWebElement.execute(RemoteWebElement.java:327)<br />
              org.openqa.selenium.remote.RemoteWebElement.isSelected(RemoteWebElement.java:159)<br />
              org.openqa.selenium.support.ui.Select.getFirstSelectedOption(Select.java:95)<br />
              com.logigear.selenium.QTiumAutomation.selectByIndex(QTiumAutomation.java:490)<br />
              FptShop.CartPage.receiveAtShop(CartPage.java:42)<br />
              FptShop.CartPage.selectPlaceToReceive(CartPage.java:25)<br />
              FptShop.CartPage.checkOut(CartPage.java:81)<br />
              FptShop.FptShopTests.TC006c_Order_Item_Through_Ranking_Page(FptShopTests.java:343)<br />
              sun.reflect.NativeMethodAccessorImpl.invoke0(Native Method)<br />
              sun.reflect.NativeMethodAccessorImpl.invoke(NativeMethodAccessorImpl.java:62)<br />
              sun.reflect.DelegatingMethodAccessorImpl.invoke(DelegatingMethodAccessorImpl.java:43)<br />
              java.lang.reflect.Method.invoke(Method.java:498)<br />
              org.testng.internal.MethodInvocationHelper.invokeMethod(MethodInvocationHelper.java:85)<br />
              org.testng.internal.Invoker.invokeMethod(Invoker.java:639)<br />
              org.testng.internal.Invoker.invokeTestMethod(Invoker.java:816)<br />
              org.testng.internal.Invoker.invokeTestMethods(Invoker.java:1124)<br />
              org.testng.internal.TestMethodWorker.invokeTestMethods(TestMethodWorker.java:125)<br />
              org.testng.internal.TestMethodWorker.run(TestMethodWorker.java:108)<br />
              org.testng.TestRunner.privateRun(TestRunner.java:774)<br />
              org.testng.TestRunner.run(TestRunner.java:624)<br />
              org.testng.SuiteRunner.runTest(SuiteRunner.java:359)<br />
              org.testng.SuiteRunner.runSequentially(SuiteRunner.java:354)<br />
              org.testng.SuiteRunner.privateRun(SuiteRunner.java:312)<br />
              org.testng.SuiteRunner.run(SuiteRunner.java:261)<br />
              org.testng.SuiteRunnerWorker.runSuite(SuiteRunnerWorker.java:52)<br />
              org.testng.SuiteRunnerWorker.run(SuiteRunnerWorker.java:86)<br />
              org.testng.TestNG.runSuitesSequentially(TestNG.java:1215)<br />
              org.testng.TestNG.runSuitesLocally(TestNG.java:1140)<br />
              org.testng.TestNG.run(TestNG.java:1048)<br />
              org.testng.remote.AbstractRemoteTestNG.run(AbstractRemoteTestNG.java:114)<br />
              org.testng.remote.RemoteTestNG.initAndRun(RemoteTestNG.java:251)<br />
              org.testng.remote.RemoteTestNG.main(RemoteTestNG.java:77)<br />
                </div>
      </td>
</tr>
<tr>

  <td class="method">
    <a href="javascript:void(0)" onclick="clickHandler(this);" title="Click to expand/collapse">
                  <span class="description" title="TC 007b: Verify ShopBooking An Item By Select Price Range At Category Page Successfully">TC007b_Order_By_Select_Price_Range_At_Category_Page</span>
         </a>
  </td>
  
  <td class="TMDes">TC 007b: Verify ShopBooking An Item By Select Price Range At Category Page Successfully</td>

  <td class="duration">
    434.882s
  </td>
  <td class="result">
        
               

     <div id=TC007b_Order_By_Select_Price_Range_At_Category_Page class="testOutput" style="display: none;">
                           &lt;a href=&apos;/Users/ddinnguyeenx/eclipse-fptshop/QTiumFramework/src/Selenium-TestNG/failure-screenshots/06_08_2018 /safari/06_08_2018_10_29_40_TC007b_Order_By_Select_Price_Range_At_Category_Page.png&apos;&gt; &lt;img src=&apos;/Users/ddinnguyeenx/eclipse-fptshop/QTiumFramework/src/Selenium-TestNG/failure-screenshots/06_08_2018 /safari/06_08_2018_10_29_40_TC007b_Order_By_Select_Price_Range_At_Category_Page.png&apos; height=&apos;100&apos; width=&apos;100&apos;/&gt; &lt;/a&gt;<br />
                     </div>
     


        <a href="javascript:toggleElement('exception-4', 'block')" title="Click to expand/collapse"><b>org.openqa.selenium.NoSuchElementException: Could not find element: {&quot;using&quot;:&quot;id&quot;,&quot;value&quot;:&quot;CityIDShop&quot;} (WARNING: The server did not provide any stacktrace information)<br/>
Command duration or timeout: 30.08 seconds<br/>
For documentation on this error, please visit: http://seleniumhq.org/exceptions/no_such_element.html<br/>
Build info: version: &apos;2.53.1&apos;, revision: &apos;a36b8b1&apos;, time: &apos;2016-06-30 17:32:46&apos;<br/>
System info: host: &apos;ddins-MacBook-Air.local&apos;, ip: &apos;192.168.0.105&apos;, os.name: &apos;Mac OS X&apos;, os.arch: &apos;x86_64&apos;, os.version: &apos;10.12&apos;, java.version: &apos;1.8.0_172&apos;<br/>
Driver info: org.openqa.selenium.safari.SafariDriver<br/>
Capabilities [{browserName=safari, takesScreenshot=true, javascriptEnabled=true, version=10.0, cssSelectorsEnabled=true, platform=MAC, secureSsl=true}]<br/>
Session ID: null<br/>
*** Element info: {Using=id, value=CityIDShop}</b></a><br />
    <div class="stackTrace" id="exception-4">
              sun.reflect.GeneratedConstructorAccessor4.newInstance(Unknown Source)<br />
              sun.reflect.DelegatingConstructorAccessorImpl.newInstance(DelegatingConstructorAccessorImpl.java:45)<br />
              java.lang.reflect.Constructor.newInstance(Constructor.java:423)<br />
              org.openqa.selenium.remote.ErrorHandler.createThrowable(ErrorHandler.java:206)<br />
              org.openqa.selenium.remote.ErrorHandler.throwIfResponseFailed(ErrorHandler.java:158)<br />
              org.openqa.selenium.remote.RemoteWebDriver.execute(RemoteWebDriver.java:678)<br />
              org.openqa.selenium.remote.RemoteWebDriver.findElement(RemoteWebDriver.java:363)<br />
              org.openqa.selenium.remote.RemoteWebDriver.findElementById(RemoteWebDriver.java:413)<br />
              org.openqa.selenium.By$ById.findElement(By.java:218)<br />
              org.openqa.selenium.remote.RemoteWebDriver.findElement(RemoteWebDriver.java:355)<br />
              com.logigear.selenium.QTiumAutomation.selectByIndex(QTiumAutomation.java:484)<br />
              FptShop.CartPage.receiveAtShop(CartPage.java:42)<br />
              FptShop.CartPage.selectPlaceToReceive(CartPage.java:25)<br />
              FptShop.CartPage.checkOut(CartPage.java:81)<br />
              FptShop.FptShopTests.TC007b_Order_By_Select_Price_Range_At_Category_Page(FptShopTests.java:278)<br />
              sun.reflect.NativeMethodAccessorImpl.invoke0(Native Method)<br />
              sun.reflect.NativeMethodAccessorImpl.invoke(NativeMethodAccessorImpl.java:62)<br />
              sun.reflect.DelegatingMethodAccessorImpl.invoke(DelegatingMethodAccessorImpl.java:43)<br />
              java.lang.reflect.Method.invoke(Method.java:498)<br />
              org.testng.internal.MethodInvocationHelper.invokeMethod(MethodInvocationHelper.java:85)<br />
              org.testng.internal.Invoker.invokeMethod(Invoker.java:639)<br />
              org.testng.internal.Invoker.invokeTestMethod(Invoker.java:816)<br />
              org.testng.internal.Invoker.invokeTestMethods(Invoker.java:1124)<br />
              org.testng.internal.TestMethodWorker.invokeTestMethods(TestMethodWorker.java:125)<br />
              org.testng.internal.TestMethodWorker.run(TestMethodWorker.java:108)<br />
              org.testng.TestRunner.privateRun(TestRunner.java:774)<br />
              org.testng.TestRunner.run(TestRunner.java:624)<br />
              org.testng.SuiteRunner.runTest(SuiteRunner.java:359)<br />
              org.testng.SuiteRunner.runSequentially(SuiteRunner.java:354)<br />
              org.testng.SuiteRunner.privateRun(SuiteRunner.java:312)<br />
              org.testng.SuiteRunner.run(SuiteRunner.java:261)<br />
              org.testng.SuiteRunnerWorker.runSuite(SuiteRunnerWorker.java:52)<br />
              org.testng.SuiteRunnerWorker.run(SuiteRunnerWorker.java:86)<br />
              org.testng.TestNG.runSuitesSequentially(TestNG.java:1215)<br />
              org.testng.TestNG.runSuitesLocally(TestNG.java:1140)<br />
              org.testng.TestNG.run(TestNG.java:1048)<br />
              org.testng.remote.AbstractRemoteTestNG.run(AbstractRemoteTestNG.java:114)<br />
              org.testng.remote.RemoteTestNG.initAndRun(RemoteTestNG.java:251)<br />
              org.testng.remote.RemoteTestNG.main(RemoteTestNG.java:77)<br />
                </div>
      </td>
</tr>
<tr>

  <td class="method">
    <a href="javascript:void(0)" onclick="clickHandler(this);" title="Click to expand/collapse">
                  <span class="description" title="TC 008a: Verify Order An Item By Select Brand At Category Page Successfully">TC008a_Order_By_Select_Brand_At_Category_Page</span>
         </a>
  </td>
  
  <td class="TMDes">TC 008a: Verify Order An Item By Select Brand At Category Page Successfully</td>

  <td class="duration">
    446.130s
  </td>
  <td class="result">
        
               

     <div id=TC008a_Order_By_Select_Brand_At_Category_Page class="testOutput" style="display: none;">
                           &lt;a href=&apos;/Users/ddinnguyeenx/eclipse-fptshop/QTiumFramework/src/Selenium-TestNG/failure-screenshots/06_08_2018 /safari/06_08_2018_10_40_25_TC008a_Order_By_Select_Brand_At_Category_Page.png&apos;&gt; &lt;img src=&apos;/Users/ddinnguyeenx/eclipse-fptshop/QTiumFramework/src/Selenium-TestNG/failure-screenshots/06_08_2018 /safari/06_08_2018_10_40_25_TC008a_Order_By_Select_Brand_At_Category_Page.png&apos; height=&apos;100&apos; width=&apos;100&apos;/&gt; &lt;/a&gt;<br />
                     </div>
     


        <a href="javascript:toggleElement('exception-5', 'block')" title="Click to expand/collapse"><b>org.openqa.selenium.NoSuchElementException: Could not find element: {&quot;using&quot;:&quot;id&quot;,&quot;value&quot;:&quot;CityIDHome&quot;} (WARNING: The server did not provide any stacktrace information)<br/>
Command duration or timeout: 30.06 seconds<br/>
For documentation on this error, please visit: http://seleniumhq.org/exceptions/no_such_element.html<br/>
Build info: version: &apos;2.53.1&apos;, revision: &apos;a36b8b1&apos;, time: &apos;2016-06-30 17:32:46&apos;<br/>
System info: host: &apos;ddins-MacBook-Air.local&apos;, ip: &apos;192.168.0.105&apos;, os.name: &apos;Mac OS X&apos;, os.arch: &apos;x86_64&apos;, os.version: &apos;10.12&apos;, java.version: &apos;1.8.0_172&apos;<br/>
Driver info: org.openqa.selenium.safari.SafariDriver<br/>
Capabilities [{browserName=safari, takesScreenshot=true, javascriptEnabled=true, version=10.0, cssSelectorsEnabled=true, platform=MAC, secureSsl=true}]<br/>
Session ID: null<br/>
*** Element info: {Using=id, value=CityIDHome}</b></a><br />
    <div class="stackTrace" id="exception-5">
              sun.reflect.GeneratedConstructorAccessor4.newInstance(Unknown Source)<br />
              sun.reflect.DelegatingConstructorAccessorImpl.newInstance(DelegatingConstructorAccessorImpl.java:45)<br />
              java.lang.reflect.Constructor.newInstance(Constructor.java:423)<br />
              org.openqa.selenium.remote.ErrorHandler.createThrowable(ErrorHandler.java:206)<br />
              org.openqa.selenium.remote.ErrorHandler.throwIfResponseFailed(ErrorHandler.java:158)<br />
              org.openqa.selenium.remote.RemoteWebDriver.execute(RemoteWebDriver.java:678)<br />
              org.openqa.selenium.remote.RemoteWebDriver.findElement(RemoteWebDriver.java:363)<br />
              org.openqa.selenium.remote.RemoteWebDriver.findElementById(RemoteWebDriver.java:413)<br />
              org.openqa.selenium.By$ById.findElement(By.java:218)<br />
              org.openqa.selenium.remote.RemoteWebDriver.findElement(RemoteWebDriver.java:355)<br />
              com.logigear.selenium.QTiumAutomation.selectByIndex(QTiumAutomation.java:484)<br />
              FptShop.CartPage.receiveAtHome(CartPage.java:62)<br />
              FptShop.CartPage.selectPlaceToReceive(CartPage.java:29)<br />
              FptShop.CartPage.checkOut(CartPage.java:81)<br />
              FptShop.FptShopTests.TC008a_Order_By_Select_Brand_At_Category_Page(FptShopTests.java:232)<br />
              sun.reflect.NativeMethodAccessorImpl.invoke0(Native Method)<br />
              sun.reflect.NativeMethodAccessorImpl.invoke(NativeMethodAccessorImpl.java:62)<br />
              sun.reflect.DelegatingMethodAccessorImpl.invoke(DelegatingMethodAccessorImpl.java:43)<br />
              java.lang.reflect.Method.invoke(Method.java:498)<br />
              org.testng.internal.MethodInvocationHelper.invokeMethod(MethodInvocationHelper.java:85)<br />
              org.testng.internal.Invoker.invokeMethod(Invoker.java:639)<br />
              org.testng.internal.Invoker.invokeTestMethod(Invoker.java:816)<br />
              org.testng.internal.Invoker.invokeTestMethods(Invoker.java:1124)<br />
              org.testng.internal.TestMethodWorker.invokeTestMethods(TestMethodWorker.java:125)<br />
              org.testng.internal.TestMethodWorker.run(TestMethodWorker.java:108)<br />
              org.testng.TestRunner.privateRun(TestRunner.java:774)<br />
              org.testng.TestRunner.run(TestRunner.java:624)<br />
              org.testng.SuiteRunner.runTest(SuiteRunner.java:359)<br />
              org.testng.SuiteRunner.runSequentially(SuiteRunner.java:354)<br />
              org.testng.SuiteRunner.privateRun(SuiteRunner.java:312)<br />
              org.testng.SuiteRunner.run(SuiteRunner.java:261)<br />
              org.testng.SuiteRunnerWorker.runSuite(SuiteRunnerWorker.java:52)<br />
              org.testng.SuiteRunnerWorker.run(SuiteRunnerWorker.java:86)<br />
              org.testng.TestNG.runSuitesSequentially(TestNG.java:1215)<br />
              org.testng.TestNG.runSuitesLocally(TestNG.java:1140)<br />
              org.testng.TestNG.run(TestNG.java:1048)<br />
              org.testng.remote.AbstractRemoteTestNG.run(AbstractRemoteTestNG.java:114)<br />
              org.testng.remote.RemoteTestNG.initAndRun(RemoteTestNG.java:251)<br />
              org.testng.remote.RemoteTestNG.main(RemoteTestNG.java:77)<br />
                </div>
      </td>
</tr>
<tr>

  <td class="method">
    <a href="javascript:void(0)" onclick="clickHandler(this);" title="Click to expand/collapse">
                  <span class="description" title="TC 008b: Verify ShopBooking An Item By Select Brand At Category Page Successfully">TC008b_Order_By_Select_Brand_At_Category_Page</span>
         </a>
  </td>
  
  <td class="TMDes">TC 008b: Verify ShopBooking An Item By Select Brand At Category Page Successfully</td>

  <td class="duration">
    281.563s
  </td>
  <td class="result">
        
               

     <div id=TC008b_Order_By_Select_Brand_At_Category_Page class="testOutput" style="display: none;">
                           &lt;a href=&apos;/Users/ddinnguyeenx/eclipse-fptshop/QTiumFramework/src/Selenium-TestNG/failure-screenshots/06_08_2018 /safari/06_08_2018_10_45_16_TC008b_Order_By_Select_Brand_At_Category_Page.png&apos;&gt; &lt;img src=&apos;/Users/ddinnguyeenx/eclipse-fptshop/QTiumFramework/src/Selenium-TestNG/failure-screenshots/06_08_2018 /safari/06_08_2018_10_45_16_TC008b_Order_By_Select_Brand_At_Category_Page.png&apos; height=&apos;100&apos; width=&apos;100&apos;/&gt; &lt;/a&gt;<br />
                     </div>
     


        <a href="javascript:toggleElement('exception-6', 'block')" title="Click to expand/collapse"><b>org.openqa.selenium.TimeoutException: Timed out awaiting response to command &quot;isElementSelected&quot; after 30002 ms (WARNING: The server did not provide any stacktrace information)<br/>
Command duration or timeout: 30.00 seconds<br/>
Build info: version: &apos;2.53.1&apos;, revision: &apos;a36b8b1&apos;, time: &apos;2016-06-30 17:32:46&apos;<br/>
System info: host: &apos;ddins-MacBook-Air.local&apos;, ip: &apos;192.168.0.105&apos;, os.name: &apos;Mac OS X&apos;, os.arch: &apos;x86_64&apos;, os.version: &apos;10.12&apos;, java.version: &apos;1.8.0_172&apos;<br/>
Driver info: org.openqa.selenium.safari.SafariDriver<br/>
Capabilities [{browserName=safari, takesScreenshot=true, javascriptEnabled=true, version=10.0, cssSelectorsEnabled=true, platform=MAC, secureSsl=true}]<br/>
Session ID: null</b></a><br />
    <div class="stackTrace" id="exception-6">
              sun.reflect.NativeConstructorAccessorImpl.newInstance0(Native Method)<br />
              sun.reflect.NativeConstructorAccessorImpl.newInstance(NativeConstructorAccessorImpl.java:62)<br />
              sun.reflect.DelegatingConstructorAccessorImpl.newInstance(DelegatingConstructorAccessorImpl.java:45)<br />
              java.lang.reflect.Constructor.newInstance(Constructor.java:423)<br />
              org.openqa.selenium.remote.ErrorHandler.createThrowable(ErrorHandler.java:206)<br />
              org.openqa.selenium.remote.ErrorHandler.throwIfResponseFailed(ErrorHandler.java:158)<br />
              org.openqa.selenium.remote.RemoteWebDriver.execute(RemoteWebDriver.java:678)<br />
              org.openqa.selenium.remote.RemoteWebElement.execute(RemoteWebElement.java:327)<br />
              org.openqa.selenium.remote.RemoteWebElement.isSelected(RemoteWebElement.java:159)<br />
              org.openqa.selenium.support.ui.Select.getFirstSelectedOption(Select.java:95)<br />
              com.logigear.selenium.QTiumAutomation.selectByIndex(QTiumAutomation.java:485)<br />
              FptShop.CartPage.receiveAtShop(CartPage.java:42)<br />
              FptShop.CartPage.selectPlaceToReceive(CartPage.java:25)<br />
              FptShop.CartPage.checkOut(CartPage.java:81)<br />
              FptShop.FptShopTests.TC008b_Order_By_Select_Brand_At_Category_Page(FptShopTests.java:209)<br />
              sun.reflect.NativeMethodAccessorImpl.invoke0(Native Method)<br />
              sun.reflect.NativeMethodAccessorImpl.invoke(NativeMethodAccessorImpl.java:62)<br />
              sun.reflect.DelegatingMethodAccessorImpl.invoke(DelegatingMethodAccessorImpl.java:43)<br />
              java.lang.reflect.Method.invoke(Method.java:498)<br />
              org.testng.internal.MethodInvocationHelper.invokeMethod(MethodInvocationHelper.java:85)<br />
              org.testng.internal.Invoker.invokeMethod(Invoker.java:639)<br />
              org.testng.internal.Invoker.invokeTestMethod(Invoker.java:816)<br />
              org.testng.internal.Invoker.invokeTestMethods(Invoker.java:1124)<br />
              org.testng.internal.TestMethodWorker.invokeTestMethods(TestMethodWorker.java:125)<br />
              org.testng.internal.TestMethodWorker.run(TestMethodWorker.java:108)<br />
              org.testng.TestRunner.privateRun(TestRunner.java:774)<br />
              org.testng.TestRunner.run(TestRunner.java:624)<br />
              org.testng.SuiteRunner.runTest(SuiteRunner.java:359)<br />
              org.testng.SuiteRunner.runSequentially(SuiteRunner.java:354)<br />
              org.testng.SuiteRunner.privateRun(SuiteRunner.java:312)<br />
              org.testng.SuiteRunner.run(SuiteRunner.java:261)<br />
              org.testng.SuiteRunnerWorker.runSuite(SuiteRunnerWorker.java:52)<br />
              org.testng.SuiteRunnerWorker.run(SuiteRunnerWorker.java:86)<br />
              org.testng.TestNG.runSuitesSequentially(TestNG.java:1215)<br />
              org.testng.TestNG.runSuitesLocally(TestNG.java:1140)<br />
              org.testng.TestNG.run(TestNG.java:1048)<br />
              org.testng.remote.AbstractRemoteTestNG.run(AbstractRemoteTestNG.java:114)<br />
              org.testng.remote.RemoteTestNG.initAndRun(RemoteTestNG.java:251)<br />
              org.testng.remote.RemoteTestNG.main(RemoteTestNG.java:77)<br />
                </div>
      </td>
</tr>
<tr>

  <td class="method">
    <a href="javascript:void(0)" onclick="clickHandler(this);" title="Click to expand/collapse">
                  <span class="description" title="TC 009c: Verify Installment Buying An Item By Select Item At Category Page Successfully">TC009c_Installment_Buying_By_Select_Item_At_Category_Page</span>
         </a>
  </td>
  
  <td class="TMDes">TC 009c: Verify Installment Buying An Item By Select Item At Category Page Successfully</td>

  <td class="duration">
    20.218s
  </td>
  <td class="result">
        
            


        <a href="javascript:toggleElement('exception-7', 'block')" title="Click to expand/collapse"><b>org.openqa.selenium.remote.UnreachableBrowserException: Error communicating with the remote browser. It may have died.<br/>
Build info: version: &apos;2.53.1&apos;, revision: &apos;a36b8b1&apos;, time: &apos;2016-06-30 17:32:46&apos;<br/>
System info: host: &apos;ddins-MacBook-Air.local&apos;, ip: &apos;192.168.0.105&apos;, os.name: &apos;Mac OS X&apos;, os.arch: &apos;x86_64&apos;, os.version: &apos;10.12&apos;, java.version: &apos;1.8.0_172&apos;<br/>
Driver info: driver.version: RemoteWebDriver<br/>
Capabilities [{browserName=safari, takesScreenshot=true, javascriptEnabled=true, version=10.0, cssSelectorsEnabled=true, platform=MAC, secureSsl=true}]</b></a><br />
    <div class="stackTrace" id="exception-7">
              org.openqa.selenium.remote.RemoteWebDriver.execute(RemoteWebDriver.java:665)<br />
              org.openqa.selenium.remote.RemoteWebDriver$RemoteWebDriverOptions$RemoteWindow.maximize(RemoteWebDriver.java:945)<br />
              com.logigear.qtium.QTiumNavigator.open(QTiumNavigator.java:23)<br />
              com.logigear.selenium.QTiumAutomation.openURL(QTiumAutomation.java:201)<br />
              FptShop.HomePage.open(HomePage.java:27)<br />
              FptShop.FptShopTests.TC009c_Installment_Buying_By_Select_Item_At_Category_Page(FptShopTests.java:109)<br />
              sun.reflect.NativeMethodAccessorImpl.invoke0(Native Method)<br />
              sun.reflect.NativeMethodAccessorImpl.invoke(NativeMethodAccessorImpl.java:62)<br />
              sun.reflect.DelegatingMethodAccessorImpl.invoke(DelegatingMethodAccessorImpl.java:43)<br />
              java.lang.reflect.Method.invoke(Method.java:498)<br />
              org.testng.internal.MethodInvocationHelper.invokeMethod(MethodInvocationHelper.java:85)<br />
              org.testng.internal.Invoker.invokeMethod(Invoker.java:639)<br />
              org.testng.internal.Invoker.invokeTestMethod(Invoker.java:816)<br />
              org.testng.internal.Invoker.invokeTestMethods(Invoker.java:1124)<br />
              org.testng.internal.TestMethodWorker.invokeTestMethods(TestMethodWorker.java:125)<br />
              org.testng.internal.TestMethodWorker.run(TestMethodWorker.java:108)<br />
              org.testng.TestRunner.privateRun(TestRunner.java:774)<br />
              org.testng.TestRunner.run(TestRunner.java:624)<br />
              org.testng.SuiteRunner.runTest(SuiteRunner.java:359)<br />
              org.testng.SuiteRunner.runSequentially(SuiteRunner.java:354)<br />
              org.testng.SuiteRunner.privateRun(SuiteRunner.java:312)<br />
              org.testng.SuiteRunner.run(SuiteRunner.java:261)<br />
              org.testng.SuiteRunnerWorker.runSuite(SuiteRunnerWorker.java:52)<br />
              org.testng.SuiteRunnerWorker.run(SuiteRunnerWorker.java:86)<br />
              org.testng.TestNG.runSuitesSequentially(TestNG.java:1215)<br />
              org.testng.TestNG.runSuitesLocally(TestNG.java:1140)<br />
              org.testng.TestNG.run(TestNG.java:1048)<br />
              org.testng.remote.AbstractRemoteTestNG.run(AbstractRemoteTestNG.java:114)<br />
              org.testng.remote.RemoteTestNG.initAndRun(RemoteTestNG.java:251)<br />
              org.testng.remote.RemoteTestNG.main(RemoteTestNG.java:77)<br />
                    <b>Caused by: </b> <a href="javascript:toggleElement('exception-8', 'block')" title="Click to expand/collapse">java.lang.IllegalStateException: Executor has not been started yet</a><br />
        <div class="stackTrace" id="exception-8">
                      com.google.common.base.Preconditions.checkState(Preconditions.java:174)<br />
                      org.openqa.selenium.safari.SafariDriverCommandExecutor.execute(SafariDriverCommandExecutor.java:172)<br />
                      org.openqa.selenium.remote.RemoteWebDriver.execute(RemoteWebDriver.java:644)<br />
                      org.openqa.selenium.remote.RemoteWebDriver$RemoteWebDriverOptions$RemoteWindow.maximize(RemoteWebDriver.java:945)<br />
                      com.logigear.qtium.QTiumNavigator.open(QTiumNavigator.java:23)<br />
                      com.logigear.selenium.QTiumAutomation.openURL(QTiumAutomation.java:201)<br />
                      FptShop.HomePage.open(HomePage.java:27)<br />
                      FptShop.FptShopTests.TC009c_Installment_Buying_By_Select_Item_At_Category_Page(FptShopTests.java:109)<br />
                      sun.reflect.NativeMethodAccessorImpl.invoke0(Native Method)<br />
                      sun.reflect.NativeMethodAccessorImpl.invoke(NativeMethodAccessorImpl.java:62)<br />
                      sun.reflect.DelegatingMethodAccessorImpl.invoke(DelegatingMethodAccessorImpl.java:43)<br />
                      java.lang.reflect.Method.invoke(Method.java:498)<br />
                      org.testng.internal.MethodInvocationHelper.invokeMethod(MethodInvocationHelper.java:85)<br />
                      org.testng.internal.Invoker.invokeMethod(Invoker.java:639)<br />
                      org.testng.internal.Invoker.invokeTestMethod(Invoker.java:816)<br />
                      org.testng.internal.Invoker.invokeTestMethods(Invoker.java:1124)<br />
                      org.testng.internal.TestMethodWorker.invokeTestMethods(TestMethodWorker.java:125)<br />
                      org.testng.internal.TestMethodWorker.run(TestMethodWorker.java:108)<br />
                      org.testng.TestRunner.privateRun(TestRunner.java:774)<br />
                      org.testng.TestRunner.run(TestRunner.java:624)<br />
                      org.testng.SuiteRunner.runTest(SuiteRunner.java:359)<br />
                      org.testng.SuiteRunner.runSequentially(SuiteRunner.java:354)<br />
                      org.testng.SuiteRunner.privateRun(SuiteRunner.java:312)<br />
                      org.testng.SuiteRunner.run(SuiteRunner.java:261)<br />
                      org.testng.SuiteRunnerWorker.runSuite(SuiteRunnerWorker.java:52)<br />
                      org.testng.SuiteRunnerWorker.run(SuiteRunnerWorker.java:86)<br />
                      org.testng.TestNG.runSuitesSequentially(TestNG.java:1215)<br />
                      org.testng.TestNG.runSuitesLocally(TestNG.java:1140)<br />
                      org.testng.TestNG.run(TestNG.java:1048)<br />
                      org.testng.remote.AbstractRemoteTestNG.run(AbstractRemoteTestNG.java:114)<br />
                      org.testng.remote.RemoteTestNG.initAndRun(RemoteTestNG.java:251)<br />
                      org.testng.remote.RemoteTestNG.main(RemoteTestNG.java:77)<br />
                  </div>
          </div>
      </td>
</tr>
<tr>

  <td class="method">
    <a href="javascript:void(0)" onclick="clickHandler(this);" title="Click to expand/collapse">
                  <span class="description" title="TC 010a: Verify Installment Buying At Installment Buying Category Page Successfully">TC010a_Installment_Buying_Through_Installment_Buying_Category_Page</span>
         </a>
  </td>
  
  <td class="TMDes">TC 010a: Verify Installment Buying At Installment Buying Category Page Successfully</td>

  <td class="duration">
    39.884s
  </td>
  <td class="result">
        
               

     <div id=TC010a_Installment_Buying_Through_Installment_Buying_Category_Page class="testOutput" style="display: none;">
                           &lt;a href=&apos;/Users/ddinnguyeenx/eclipse-fptshop/QTiumFramework/src/Selenium-TestNG/failure-screenshots/06_08_2018 /safari/06_08_2018_10_59_11_TC010a_Installment_Buying_Through_Installment_Buying_Category_Page.png&apos;&gt; &lt;img src=&apos;/Users/ddinnguyeenx/eclipse-fptshop/QTiumFramework/src/Selenium-TestNG/failure-screenshots/06_08_2018 /safari/06_08_2018_10_59_11_TC010a_Installment_Buying_Through_Installment_Buying_Category_Page.png&apos; height=&apos;100&apos; width=&apos;100&apos;/&gt; &lt;/a&gt;<br />
                     </div>
     


        <a href="javascript:toggleElement('exception-9', 'block')" title="Click to expand/collapse"><b>org.openqa.selenium.WebDriverException: undefined is not an object (evaluating &apos;document.getElementsByClassName(&apos;fs-tgmenu&apos;)[0].remove&apos;) (WARNING: The server did not provide any stacktrace information)<br/>
Command duration or timeout: 9 milliseconds<br/>
Build info: version: &apos;2.53.1&apos;, revision: &apos;a36b8b1&apos;, time: &apos;2016-06-30 17:32:46&apos;<br/>
System info: host: &apos;ddins-MacBook-Air.local&apos;, ip: &apos;192.168.0.105&apos;, os.name: &apos;Mac OS X&apos;, os.arch: &apos;x86_64&apos;, os.version: &apos;10.12&apos;, java.version: &apos;1.8.0_172&apos;<br/>
Driver info: org.openqa.selenium.safari.SafariDriver<br/>
Capabilities [{browserName=safari, takesScreenshot=true, javascriptEnabled=true, version=10.0, cssSelectorsEnabled=true, platform=MAC, secureSsl=true}]<br/>
Session ID: null</b></a><br />
    <div class="stackTrace" id="exception-9">
              sun.reflect.GeneratedConstructorAccessor5.newInstance(Unknown Source)<br />
              sun.reflect.DelegatingConstructorAccessorImpl.newInstance(DelegatingConstructorAccessorImpl.java:45)<br />
              java.lang.reflect.Constructor.newInstance(Constructor.java:423)<br />
              org.openqa.selenium.remote.ErrorHandler.createThrowable(ErrorHandler.java:206)<br />
              org.openqa.selenium.remote.ErrorHandler.throwIfResponseFailed(ErrorHandler.java:158)<br />
              org.openqa.selenium.remote.RemoteWebDriver.execute(RemoteWebDriver.java:678)<br />
              org.openqa.selenium.remote.RemoteWebDriver.executeScript(RemoteWebDriver.java:577)<br />
              FptShop.InstallmentBuyingCategoryPage.installmentBuying(InstallmentBuyingCategoryPage.java:19)<br />
              FptShop.FptShopTests.TC010a_Installment_Buying_Through_Installment_Buying_Category_Page(FptShopTests.java:99)<br />
              sun.reflect.NativeMethodAccessorImpl.invoke0(Native Method)<br />
              sun.reflect.NativeMethodAccessorImpl.invoke(NativeMethodAccessorImpl.java:62)<br />
              sun.reflect.DelegatingMethodAccessorImpl.invoke(DelegatingMethodAccessorImpl.java:43)<br />
              java.lang.reflect.Method.invoke(Method.java:498)<br />
              org.testng.internal.MethodInvocationHelper.invokeMethod(MethodInvocationHelper.java:85)<br />
              org.testng.internal.Invoker.invokeMethod(Invoker.java:639)<br />
              org.testng.internal.Invoker.invokeTestMethod(Invoker.java:816)<br />
              org.testng.internal.Invoker.invokeTestMethods(Invoker.java:1124)<br />
              org.testng.internal.TestMethodWorker.invokeTestMethods(TestMethodWorker.java:125)<br />
              org.testng.internal.TestMethodWorker.run(TestMethodWorker.java:108)<br />
              org.testng.TestRunner.privateRun(TestRunner.java:774)<br />
              org.testng.TestRunner.run(TestRunner.java:624)<br />
              org.testng.SuiteRunner.runTest(SuiteRunner.java:359)<br />
              org.testng.SuiteRunner.runSequentially(SuiteRunner.java:354)<br />
              org.testng.SuiteRunner.privateRun(SuiteRunner.java:312)<br />
              org.testng.SuiteRunner.run(SuiteRunner.java:261)<br />
              org.testng.SuiteRunnerWorker.runSuite(SuiteRunnerWorker.java:52)<br />
              org.testng.SuiteRunnerWorker.run(SuiteRunnerWorker.java:86)<br />
              org.testng.TestNG.runSuitesSequentially(TestNG.java:1215)<br />
              org.testng.TestNG.runSuitesLocally(TestNG.java:1140)<br />
              org.testng.TestNG.run(TestNG.java:1048)<br />
              org.testng.remote.AbstractRemoteTestNG.run(AbstractRemoteTestNG.java:114)<br />
              org.testng.remote.RemoteTestNG.initAndRun(RemoteTestNG.java:251)<br />
              org.testng.remote.RemoteTestNG.main(RemoteTestNG.java:77)<br />
                </div>
      </td>
</tr>
<tr>

  <td class="method">
    <a href="javascript:void(0)" onclick="clickHandler(this);" title="Click to expand/collapse">
                  <span class="description" title="TC 010b: Verify Installment Buying Through Installment Buying Category Page Successfully">TC010b_Installment_Buying_Through_Installment_Buying_Category_Page</span>
         </a>
  </td>
  
  <td class="TMDes">TC 010b: Verify Installment Buying Through Installment Buying Category Page Successfully</td>

  <td class="duration">
    208.088s
  </td>
  <td class="result">
        
               

     <div id=TC010b_Installment_Buying_Through_Installment_Buying_Category_Page class="testOutput" style="display: none;">
                           &lt;a href=&apos;/Users/ddinnguyeenx/eclipse-fptshop/QTiumFramework/src/Selenium-TestNG/failure-screenshots/06_08_2018 /safari/06_08_2018_11_02_49_TC010b_Installment_Buying_Through_Installment_Buying_Category_Page.png&apos;&gt; &lt;img src=&apos;/Users/ddinnguyeenx/eclipse-fptshop/QTiumFramework/src/Selenium-TestNG/failure-screenshots/06_08_2018 /safari/06_08_2018_11_02_49_TC010b_Installment_Buying_Through_Installment_Buying_Category_Page.png&apos; height=&apos;100&apos; width=&apos;100&apos;/&gt; &lt;/a&gt;<br />
                     </div>
     


        <a href="javascript:toggleElement('exception-10', 'block')" title="Click to expand/collapse"><b>org.openqa.selenium.TimeoutException: Timed out awaiting response to command &quot;executeScript&quot; after 30003 ms (WARNING: The server did not provide any stacktrace information)<br/>
Command duration or timeout: 30.01 seconds<br/>
Build info: version: &apos;2.53.1&apos;, revision: &apos;a36b8b1&apos;, time: &apos;2016-06-30 17:32:46&apos;<br/>
System info: host: &apos;ddins-MacBook-Air.local&apos;, ip: &apos;192.168.0.105&apos;, os.name: &apos;Mac OS X&apos;, os.arch: &apos;x86_64&apos;, os.version: &apos;10.12&apos;, java.version: &apos;1.8.0_172&apos;<br/>
Driver info: org.openqa.selenium.safari.SafariDriver<br/>
Capabilities [{browserName=safari, takesScreenshot=true, javascriptEnabled=true, version=10.0, cssSelectorsEnabled=true, platform=MAC, secureSsl=true}]<br/>
Session ID: null</b></a><br />
    <div class="stackTrace" id="exception-10">
              sun.reflect.NativeConstructorAccessorImpl.newInstance0(Native Method)<br />
              sun.reflect.NativeConstructorAccessorImpl.newInstance(NativeConstructorAccessorImpl.java:62)<br />
              sun.reflect.DelegatingConstructorAccessorImpl.newInstance(DelegatingConstructorAccessorImpl.java:45)<br />
              java.lang.reflect.Constructor.newInstance(Constructor.java:423)<br />
              org.openqa.selenium.remote.ErrorHandler.createThrowable(ErrorHandler.java:206)<br />
              org.openqa.selenium.remote.ErrorHandler.throwIfResponseFailed(ErrorHandler.java:158)<br />
              org.openqa.selenium.remote.RemoteWebDriver.execute(RemoteWebDriver.java:678)<br />
              org.openqa.selenium.remote.RemoteWebDriver.executeScript(RemoteWebDriver.java:577)<br />
              com.logigear.selenium.QTiumAutomation$2.apply(QTiumAutomation.java:242)<br />
              com.logigear.selenium.QTiumAutomation$2.apply(QTiumAutomation.java:1)<br />
              org.openqa.selenium.support.ui.FluentWait.until(FluentWait.java:238)<br />
              com.logigear.selenium.QTiumAutomation.waitForPageToBeReady(QTiumAutomation.java:237)<br />
              com.logigear.selenium.QTiumAutomation.isElementDisplayed(QTiumAutomation.java:351)<br />
              FptShop.InstallmentBuyingPage.checkInstallmentBuyingResult(InstallmentBuyingPage.java:81)<br />
              FptShop.FptShopTests.TC010b_Installment_Buying_Through_Installment_Buying_Category_Page(FptShopTests.java:88)<br />
              sun.reflect.NativeMethodAccessorImpl.invoke0(Native Method)<br />
              sun.reflect.NativeMethodAccessorImpl.invoke(NativeMethodAccessorImpl.java:62)<br />
              sun.reflect.DelegatingMethodAccessorImpl.invoke(DelegatingMethodAccessorImpl.java:43)<br />
              java.lang.reflect.Method.invoke(Method.java:498)<br />
              org.testng.internal.MethodInvocationHelper.invokeMethod(MethodInvocationHelper.java:85)<br />
              org.testng.internal.Invoker.invokeMethod(Invoker.java:639)<br />
              org.testng.internal.Invoker.invokeTestMethod(Invoker.java:816)<br />
              org.testng.internal.Invoker.invokeTestMethods(Invoker.java:1124)<br />
              org.testng.internal.TestMethodWorker.invokeTestMethods(TestMethodWorker.java:125)<br />
              org.testng.internal.TestMethodWorker.run(TestMethodWorker.java:108)<br />
              org.testng.TestRunner.privateRun(TestRunner.java:774)<br />
              org.testng.TestRunner.run(TestRunner.java:624)<br />
              org.testng.SuiteRunner.runTest(SuiteRunner.java:359)<br />
              org.testng.SuiteRunner.runSequentially(SuiteRunner.java:354)<br />
              org.testng.SuiteRunner.privateRun(SuiteRunner.java:312)<br />
              org.testng.SuiteRunner.run(SuiteRunner.java:261)<br />
              org.testng.SuiteRunnerWorker.runSuite(SuiteRunnerWorker.java:52)<br />
              org.testng.SuiteRunnerWorker.run(SuiteRunnerWorker.java:86)<br />
              org.testng.TestNG.runSuitesSequentially(TestNG.java:1215)<br />
              org.testng.TestNG.runSuitesLocally(TestNG.java:1140)<br />
              org.testng.TestNG.run(TestNG.java:1048)<br />
              org.testng.remote.AbstractRemoteTestNG.run(AbstractRemoteTestNG.java:114)<br />
              org.testng.remote.RemoteTestNG.initAndRun(RemoteTestNG.java:251)<br />
              org.testng.remote.RemoteTestNG.main(RemoteTestNG.java:77)<br />
                </div>
      </td>
</tr>
      </table>


  <table class="resultsTable">
    <tr><th colspan="4" class="header passed">Passed Tests</th></tr>
          <tr>
        <td colspan="4" class="group">FptShop.FptShopTests</td>
      </tr> 
            
<tr>

  <td class="method">
    <a href="javascript:void(0)" onclick="clickHandler(this);" title="Click to expand/collapse">
                  <span class="description" title="TC 001b: Verify ShopBooking An Item By Search Suggestion Successfully">TC001b_Order_By_Search_Suggestion</span>
         </a>
  </td>
  
  <td class="TMDes">TC 001b: Verify ShopBooking An Item By Search Suggestion Successfully</td>

  <td class="duration">
    265.980s
  </td>
  <td class="result">
        
               

     <div id=TC001b_Order_By_Search_Suggestion class="testOutput" style="display: none;">
                           &lt;a href=&apos;/Users/ddinnguyeenx/eclipse-fptshop/QTiumFramework/src/Selenium-TestNG/failure-screenshots/06_08_2018 /safari/06_08_2018_09_10_45_TC001b_Order_By_Search_Suggestion.png&apos;&gt; &lt;img src=&apos;/Users/ddinnguyeenx/eclipse-fptshop/QTiumFramework/src/Selenium-TestNG/failure-screenshots/06_08_2018 /safari/06_08_2018_09_10_45_TC001b_Order_By_Search_Suggestion.png&apos; height=&apos;100&apos; width=&apos;100&apos;/&gt; &lt;/a&gt;<br />
                     </div>
     


        <a href="javascript:toggleElement('exception-11', 'block')" title="Click to expand/collapse"><b>java.lang.AssertionError: expected [true] but found [false]</b></a><br />
    <div class="stackTrace" id="exception-11">
              org.testng.Assert.fail(Assert.java:94)<br />
              org.testng.Assert.failNotEquals(Assert.java:496)<br />
              org.testng.Assert.assertTrue(Assert.java:42)<br />
              org.testng.Assert.assertTrue(Assert.java:52)<br />
              com.logigear.selenium.QTiumAssert.verifyTrue(QTiumAssert.java:14)<br />
              com.logigear.selenium.QTiumAssert.verifyTrue(QTiumAssert.java:27)<br />
              FptShop.OrderResultPage.checkOrderResult(OrderResultPage.java:37)<br />
              FptShop.FptShopTests.TC001b_Order_By_Search_Suggestion(FptShopTests.java:656)<br />
              sun.reflect.NativeMethodAccessorImpl.invoke0(Native Method)<br />
              sun.reflect.NativeMethodAccessorImpl.invoke(NativeMethodAccessorImpl.java:62)<br />
              sun.reflect.DelegatingMethodAccessorImpl.invoke(DelegatingMethodAccessorImpl.java:43)<br />
              java.lang.reflect.Method.invoke(Method.java:498)<br />
              org.testng.internal.MethodInvocationHelper.invokeMethod(MethodInvocationHelper.java:85)<br />
              org.testng.internal.Invoker.invokeMethod(Invoker.java:639)<br />
              org.testng.internal.Invoker.invokeTestMethod(Invoker.java:816)<br />
              org.testng.internal.Invoker.invokeTestMethods(Invoker.java:1124)<br />
              org.testng.internal.TestMethodWorker.invokeTestMethods(TestMethodWorker.java:125)<br />
              org.testng.internal.TestMethodWorker.run(TestMethodWorker.java:108)<br />
              org.testng.TestRunner.privateRun(TestRunner.java:774)<br />
              org.testng.TestRunner.run(TestRunner.java:624)<br />
              org.testng.SuiteRunner.runTest(SuiteRunner.java:359)<br />
              org.testng.SuiteRunner.runSequentially(SuiteRunner.java:354)<br />
              org.testng.SuiteRunner.privateRun(SuiteRunner.java:312)<br />
              org.testng.SuiteRunner.run(SuiteRunner.java:261)<br />
              org.testng.SuiteRunnerWorker.runSuite(SuiteRunnerWorker.java:52)<br />
              org.testng.SuiteRunnerWorker.run(SuiteRunnerWorker.java:86)<br />
              org.testng.TestNG.runSuitesSequentially(TestNG.java:1215)<br />
              org.testng.TestNG.runSuitesLocally(TestNG.java:1140)<br />
              org.testng.TestNG.run(TestNG.java:1048)<br />
              org.testng.remote.AbstractRemoteTestNG.run(AbstractRemoteTestNG.java:114)<br />
              org.testng.remote.RemoteTestNG.initAndRun(RemoteTestNG.java:251)<br />
              org.testng.remote.RemoteTestNG.main(RemoteTestNG.java:77)<br />
                </div>
      </td>
</tr>
<tr>

  <td class="method">
    <a href="javascript:void(0)" onclick="clickHandler(this);" title="Click to expand/collapse">
                  <span class="description" title="TC 001c: Verify Installment Buying An Item By Search Suggestion Successfully">TC001c_Installment_Buying_By_Search_Suggestion</span>
         </a>
  </td>
  
  <td class="TMDes">TC 001c: Verify Installment Buying An Item By Search Suggestion Successfully</td>

  <td class="duration">
    173.448s
  </td>
  <td class="result">
        
            


      </td>
</tr>
<tr>

  <td class="method">
    <a href="javascript:void(0)" onclick="clickHandler(this);" title="Click to expand/collapse">
                  <span class="description" title="TC 002a: Verify Order An Item By Advanced Searching Successfully">TC002a_Order_By_Advanced_Searching</span>
         </a>
  </td>
  
  <td class="TMDes">TC 002a: Verify Order An Item By Advanced Searching Successfully</td>

  <td class="duration">
    266.440s
  </td>
  <td class="result">
        
               

     <div id=TC002a_Order_By_Advanced_Searching class="testOutput" style="display: none;">
                           &lt;a href=&apos;/Users/ddinnguyeenx/eclipse-fptshop/QTiumFramework/src/Selenium-TestNG/failure-screenshots/06_08_2018 /safari/06_08_2018_09_18_05_TC002a_Order_By_Advanced_Searching.png&apos;&gt; &lt;img src=&apos;/Users/ddinnguyeenx/eclipse-fptshop/QTiumFramework/src/Selenium-TestNG/failure-screenshots/06_08_2018 /safari/06_08_2018_09_18_05_TC002a_Order_By_Advanced_Searching.png&apos; height=&apos;100&apos; width=&apos;100&apos;/&gt; &lt;/a&gt;<br />
                     </div>
     


        <a href="javascript:toggleElement('exception-13', 'block')" title="Click to expand/collapse"><b>java.lang.AssertionError: expected [true] but found [false]</b></a><br />
    <div class="stackTrace" id="exception-13">
              org.testng.Assert.fail(Assert.java:94)<br />
              org.testng.Assert.failNotEquals(Assert.java:496)<br />
              org.testng.Assert.assertTrue(Assert.java:42)<br />
              org.testng.Assert.assertTrue(Assert.java:52)<br />
              com.logigear.selenium.QTiumAssert.verifyTrue(QTiumAssert.java:14)<br />
              com.logigear.selenium.QTiumAssert.verifyTrue(QTiumAssert.java:27)<br />
              FptShop.OrderResultPage.checkOrderResult(OrderResultPage.java:37)<br />
              FptShop.FptShopTests.TC002a_Order_By_Advanced_Searching(FptShopTests.java:618)<br />
              sun.reflect.NativeMethodAccessorImpl.invoke0(Native Method)<br />
              sun.reflect.NativeMethodAccessorImpl.invoke(NativeMethodAccessorImpl.java:62)<br />
              sun.reflect.DelegatingMethodAccessorImpl.invoke(DelegatingMethodAccessorImpl.java:43)<br />
              java.lang.reflect.Method.invoke(Method.java:498)<br />
              org.testng.internal.MethodInvocationHelper.invokeMethod(MethodInvocationHelper.java:85)<br />
              org.testng.internal.Invoker.invokeMethod(Invoker.java:639)<br />
              org.testng.internal.Invoker.invokeTestMethod(Invoker.java:816)<br />
              org.testng.internal.Invoker.invokeTestMethods(Invoker.java:1124)<br />
              org.testng.internal.TestMethodWorker.invokeTestMethods(TestMethodWorker.java:125)<br />
              org.testng.internal.TestMethodWorker.run(TestMethodWorker.java:108)<br />
              org.testng.TestRunner.privateRun(TestRunner.java:774)<br />
              org.testng.TestRunner.run(TestRunner.java:624)<br />
              org.testng.SuiteRunner.runTest(SuiteRunner.java:359)<br />
              org.testng.SuiteRunner.runSequentially(SuiteRunner.java:354)<br />
              org.testng.SuiteRunner.privateRun(SuiteRunner.java:312)<br />
              org.testng.SuiteRunner.run(SuiteRunner.java:261)<br />
              org.testng.SuiteRunnerWorker.runSuite(SuiteRunnerWorker.java:52)<br />
              org.testng.SuiteRunnerWorker.run(SuiteRunnerWorker.java:86)<br />
              org.testng.TestNG.runSuitesSequentially(TestNG.java:1215)<br />
              org.testng.TestNG.runSuitesLocally(TestNG.java:1140)<br />
              org.testng.TestNG.run(TestNG.java:1048)<br />
              org.testng.remote.AbstractRemoteTestNG.run(AbstractRemoteTestNG.java:114)<br />
              org.testng.remote.RemoteTestNG.initAndRun(RemoteTestNG.java:251)<br />
              org.testng.remote.RemoteTestNG.main(RemoteTestNG.java:77)<br />
                </div>
      </td>
</tr>
<tr>

  <td class="method">
    <a href="javascript:void(0)" onclick="clickHandler(this);" title="Click to expand/collapse">
                  <span class="description" title="TC 002c: Verify Installment Buying An Item By Advanced Searching Successfully">TC002c_Installment_Buying_By_Advanced_Searching</span>
         </a>
  </td>
  
  <td class="TMDes">TC 002c: Verify Installment Buying An Item By Advanced Searching Successfully</td>

  <td class="duration">
    147.645s
  </td>
  <td class="result">
        
            


      </td>
</tr>
<tr>

  <td class="method">
    <a href="javascript:void(0)" onclick="clickHandler(this);" title="Click to expand/collapse">
                  <span class="description" title="TC 003a: Verify Order An Item By BuyNowButton After Selecting Item At HomePage Successfully">TC003a_Order_By_Selecting_Item_At_HomePage</span>
         </a>
  </td>
  
  <td class="TMDes">TC 003a: Verify Order An Item By BuyNowButton After Selecting Item At HomePage Successfully</td>

  <td class="duration">
    279.773s
  </td>
  <td class="result">
        
               

     <div id=TC003a_Order_By_Selecting_Item_At_HomePage class="testOutput" style="display: none;">
                           &lt;a href=&apos;/Users/ddinnguyeenx/eclipse-fptshop/QTiumFramework/src/Selenium-TestNG/failure-screenshots/06_08_2018 /safari/06_08_2018_09_28_42_TC003a_Order_By_Selecting_Item_At_HomePage.png&apos;&gt; &lt;img src=&apos;/Users/ddinnguyeenx/eclipse-fptshop/QTiumFramework/src/Selenium-TestNG/failure-screenshots/06_08_2018 /safari/06_08_2018_09_28_42_TC003a_Order_By_Selecting_Item_At_HomePage.png&apos; height=&apos;100&apos; width=&apos;100&apos;/&gt; &lt;/a&gt;<br />
                     </div>
     


        <a href="javascript:toggleElement('exception-15', 'block')" title="Click to expand/collapse"><b>java.lang.AssertionError: expected [true] but found [false]</b></a><br />
    <div class="stackTrace" id="exception-15">
              org.testng.Assert.fail(Assert.java:94)<br />
              org.testng.Assert.failNotEquals(Assert.java:496)<br />
              org.testng.Assert.assertTrue(Assert.java:42)<br />
              org.testng.Assert.assertTrue(Assert.java:52)<br />
              com.logigear.selenium.QTiumAssert.verifyTrue(QTiumAssert.java:14)<br />
              com.logigear.selenium.QTiumAssert.verifyTrue(QTiumAssert.java:27)<br />
              FptShop.OrderResultPage.checkOrderResult(OrderResultPage.java:37)<br />
              FptShop.FptShopTests.TC003a_Order_By_Selecting_Item_At_HomePage(FptShopTests.java:555)<br />
              sun.reflect.NativeMethodAccessorImpl.invoke0(Native Method)<br />
              sun.reflect.NativeMethodAccessorImpl.invoke(NativeMethodAccessorImpl.java:62)<br />
              sun.reflect.DelegatingMethodAccessorImpl.invoke(DelegatingMethodAccessorImpl.java:43)<br />
              java.lang.reflect.Method.invoke(Method.java:498)<br />
              org.testng.internal.MethodInvocationHelper.invokeMethod(MethodInvocationHelper.java:85)<br />
              org.testng.internal.Invoker.invokeMethod(Invoker.java:639)<br />
              org.testng.internal.Invoker.invokeTestMethod(Invoker.java:816)<br />
              org.testng.internal.Invoker.invokeTestMethods(Invoker.java:1124)<br />
              org.testng.internal.TestMethodWorker.invokeTestMethods(TestMethodWorker.java:125)<br />
              org.testng.internal.TestMethodWorker.run(TestMethodWorker.java:108)<br />
              org.testng.TestRunner.privateRun(TestRunner.java:774)<br />
              org.testng.TestRunner.run(TestRunner.java:624)<br />
              org.testng.SuiteRunner.runTest(SuiteRunner.java:359)<br />
              org.testng.SuiteRunner.runSequentially(SuiteRunner.java:354)<br />
              org.testng.SuiteRunner.privateRun(SuiteRunner.java:312)<br />
              org.testng.SuiteRunner.run(SuiteRunner.java:261)<br />
              org.testng.SuiteRunnerWorker.runSuite(SuiteRunnerWorker.java:52)<br />
              org.testng.SuiteRunnerWorker.run(SuiteRunnerWorker.java:86)<br />
              org.testng.TestNG.runSuitesSequentially(TestNG.java:1215)<br />
              org.testng.TestNG.runSuitesLocally(TestNG.java:1140)<br />
              org.testng.TestNG.run(TestNG.java:1048)<br />
              org.testng.remote.AbstractRemoteTestNG.run(AbstractRemoteTestNG.java:114)<br />
              org.testng.remote.RemoteTestNG.initAndRun(RemoteTestNG.java:251)<br />
              org.testng.remote.RemoteTestNG.main(RemoteTestNG.java:77)<br />
                </div>
      </td>
</tr>
<tr>

  <td class="method">
    <a href="javascript:void(0)" onclick="clickHandler(this);" title="Click to expand/collapse">
                  <span class="description" title="TC 003b: Verify Order An Item By ShopBookingLink After Selecting Item At HomePage Successfully">TC003b_Order_By_Selecting_Item_At_HomePage</span>
         </a>
  </td>
  
  <td class="TMDes">TC 003b: Verify Order An Item By ShopBookingLink After Selecting Item At HomePage Successfully</td>

  <td class="duration">
    275.445s
  </td>
  <td class="result">
        
               

     <div id=TC003b_Order_By_Selecting_Item_At_HomePage class="testOutput" style="display: none;">
                           &lt;a href=&apos;/Users/ddinnguyeenx/eclipse-fptshop/QTiumFramework/src/Selenium-TestNG/failure-screenshots/06_08_2018 /safari/06_08_2018_09_33_17_TC003b_Order_By_Selecting_Item_At_HomePage.png&apos;&gt; &lt;img src=&apos;/Users/ddinnguyeenx/eclipse-fptshop/QTiumFramework/src/Selenium-TestNG/failure-screenshots/06_08_2018 /safari/06_08_2018_09_33_17_TC003b_Order_By_Selecting_Item_At_HomePage.png&apos; height=&apos;100&apos; width=&apos;100&apos;/&gt; &lt;/a&gt;<br />
                     </div>
     


        <a href="javascript:toggleElement('exception-16', 'block')" title="Click to expand/collapse"><b>java.lang.AssertionError: expected [true] but found [false]</b></a><br />
    <div class="stackTrace" id="exception-16">
              org.testng.Assert.fail(Assert.java:94)<br />
              org.testng.Assert.failNotEquals(Assert.java:496)<br />
              org.testng.Assert.assertTrue(Assert.java:42)<br />
              org.testng.Assert.assertTrue(Assert.java:52)<br />
              com.logigear.selenium.QTiumAssert.verifyTrue(QTiumAssert.java:14)<br />
              com.logigear.selenium.QTiumAssert.verifyTrue(QTiumAssert.java:27)<br />
              FptShop.OrderResultPage.checkOrderResult(OrderResultPage.java:37)<br />
              FptShop.FptShopTests.TC003b_Order_By_Selecting_Item_At_HomePage(FptShopTests.java:536)<br />
              sun.reflect.NativeMethodAccessorImpl.invoke0(Native Method)<br />
              sun.reflect.NativeMethodAccessorImpl.invoke(NativeMethodAccessorImpl.java:62)<br />
              sun.reflect.DelegatingMethodAccessorImpl.invoke(DelegatingMethodAccessorImpl.java:43)<br />
              java.lang.reflect.Method.invoke(Method.java:498)<br />
              org.testng.internal.MethodInvocationHelper.invokeMethod(MethodInvocationHelper.java:85)<br />
              org.testng.internal.Invoker.invokeMethod(Invoker.java:639)<br />
              org.testng.internal.Invoker.invokeTestMethod(Invoker.java:816)<br />
              org.testng.internal.Invoker.invokeTestMethods(Invoker.java:1124)<br />
              org.testng.internal.TestMethodWorker.invokeTestMethods(TestMethodWorker.java:125)<br />
              org.testng.internal.TestMethodWorker.run(TestMethodWorker.java:108)<br />
              org.testng.TestRunner.privateRun(TestRunner.java:774)<br />
              org.testng.TestRunner.run(TestRunner.java:624)<br />
              org.testng.SuiteRunner.runTest(SuiteRunner.java:359)<br />
              org.testng.SuiteRunner.runSequentially(SuiteRunner.java:354)<br />
              org.testng.SuiteRunner.privateRun(SuiteRunner.java:312)<br />
              org.testng.SuiteRunner.run(SuiteRunner.java:261)<br />
              org.testng.SuiteRunnerWorker.runSuite(SuiteRunnerWorker.java:52)<br />
              org.testng.SuiteRunnerWorker.run(SuiteRunnerWorker.java:86)<br />
              org.testng.TestNG.runSuitesSequentially(TestNG.java:1215)<br />
              org.testng.TestNG.runSuitesLocally(TestNG.java:1140)<br />
              org.testng.TestNG.run(TestNG.java:1048)<br />
              org.testng.remote.AbstractRemoteTestNG.run(AbstractRemoteTestNG.java:114)<br />
              org.testng.remote.RemoteTestNG.initAndRun(RemoteTestNG.java:251)<br />
              org.testng.remote.RemoteTestNG.main(RemoteTestNG.java:77)<br />
                </div>
      </td>
</tr>
<tr>

  <td class="method">
    <a href="javascript:void(0)" onclick="clickHandler(this);" title="Click to expand/collapse">
                  <span class="description" title="TC 003c: Verify Installment Buying An Item After Selecting Item At HomePage Successfully">TC003c_Instalment_Buying_By_Selecting_Item_At_HomePage</span>
         </a>
  </td>
  
  <td class="TMDes">TC 003c: Verify Installment Buying An Item After Selecting Item At HomePage Successfully</td>

  <td class="duration">
    155.979s
  </td>
  <td class="result">
        
            


      </td>
</tr>
<tr>

  <td class="method">
    <a href="javascript:void(0)" onclick="clickHandler(this);" title="Click to expand/collapse">
                  <span class="description" title="TC 004a: Verify Order An Item By BuyNowButton Through Category Successfully">TC004a_Order_Item_By_Category</span>
         </a>
  </td>
  
  <td class="TMDes">TC 004a: Verify Order An Item By BuyNowButton Through Category Successfully</td>

  <td class="duration">
    389.822s
  </td>
  <td class="result">
        
            


      </td>
</tr>
<tr>

  <td class="method">
    <a href="javascript:void(0)" onclick="clickHandler(this);" title="Click to expand/collapse">
                  <span class="description" title="TC 004b: Verify Order An Item By ShopBookingLink Through Category Successfully">TC004b_Order_Item_By_Category</span>
         </a>
  </td>
  
  <td class="TMDes">TC 004b: Verify Order An Item By ShopBookingLink Through Category Successfully</td>

  <td class="duration">
    343.302s
  </td>
  <td class="result">
        
               

     <div id=TC004b_Order_Item_By_Category class="testOutput" style="display: none;">
                           &lt;a href=&apos;/Users/ddinnguyeenx/eclipse-fptshop/QTiumFramework/src/Selenium-TestNG/failure-screenshots/06_08_2018 /safari/06_08_2018_09_48_07_TC004b_Order_Item_By_Category.png&apos;&gt; &lt;img src=&apos;/Users/ddinnguyeenx/eclipse-fptshop/QTiumFramework/src/Selenium-TestNG/failure-screenshots/06_08_2018 /safari/06_08_2018_09_48_07_TC004b_Order_Item_By_Category.png&apos; height=&apos;100&apos; width=&apos;100&apos;/&gt; &lt;/a&gt;<br />
                     </div>
     


        <a href="javascript:toggleElement('exception-19', 'block')" title="Click to expand/collapse"><b>java.lang.AssertionError: expected [true] but found [false]</b></a><br />
    <div class="stackTrace" id="exception-19">
              org.testng.Assert.fail(Assert.java:94)<br />
              org.testng.Assert.failNotEquals(Assert.java:496)<br />
              org.testng.Assert.assertTrue(Assert.java:42)<br />
              org.testng.Assert.assertTrue(Assert.java:52)<br />
              com.logigear.selenium.QTiumAssert.verifyTrue(QTiumAssert.java:14)<br />
              com.logigear.selenium.QTiumAssert.verifyTrue(QTiumAssert.java:27)<br />
              FptShop.OrderResultPage.checkOrderResult(OrderResultPage.java:37)<br />
              FptShop.FptShopTests.TC004b_Order_Item_By_Category(FptShopTests.java:477)<br />
              sun.reflect.NativeMethodAccessorImpl.invoke0(Native Method)<br />
              sun.reflect.NativeMethodAccessorImpl.invoke(NativeMethodAccessorImpl.java:62)<br />
              sun.reflect.DelegatingMethodAccessorImpl.invoke(DelegatingMethodAccessorImpl.java:43)<br />
              java.lang.reflect.Method.invoke(Method.java:498)<br />
              org.testng.internal.MethodInvocationHelper.invokeMethod(MethodInvocationHelper.java:85)<br />
              org.testng.internal.Invoker.invokeMethod(Invoker.java:639)<br />
              org.testng.internal.Invoker.invokeTestMethod(Invoker.java:816)<br />
              org.testng.internal.Invoker.invokeTestMethods(Invoker.java:1124)<br />
              org.testng.internal.TestMethodWorker.invokeTestMethods(TestMethodWorker.java:125)<br />
              org.testng.internal.TestMethodWorker.run(TestMethodWorker.java:108)<br />
              org.testng.TestRunner.privateRun(TestRunner.java:774)<br />
              org.testng.TestRunner.run(TestRunner.java:624)<br />
              org.testng.SuiteRunner.runTest(SuiteRunner.java:359)<br />
              org.testng.SuiteRunner.runSequentially(SuiteRunner.java:354)<br />
              org.testng.SuiteRunner.privateRun(SuiteRunner.java:312)<br />
              org.testng.SuiteRunner.run(SuiteRunner.java:261)<br />
              org.testng.SuiteRunnerWorker.runSuite(SuiteRunnerWorker.java:52)<br />
              org.testng.SuiteRunnerWorker.run(SuiteRunnerWorker.java:86)<br />
              org.testng.TestNG.runSuitesSequentially(TestNG.java:1215)<br />
              org.testng.TestNG.runSuitesLocally(TestNG.java:1140)<br />
              org.testng.TestNG.run(TestNG.java:1048)<br />
              org.testng.remote.AbstractRemoteTestNG.run(AbstractRemoteTestNG.java:114)<br />
              org.testng.remote.RemoteTestNG.initAndRun(RemoteTestNG.java:251)<br />
              org.testng.remote.RemoteTestNG.main(RemoteTestNG.java:77)<br />
                </div>
      </td>
</tr>
<tr>

  <td class="method">
    <a href="javascript:void(0)" onclick="clickHandler(this);" title="Click to expand/collapse">
                  <span class="description" title="TC 004c: Verify Installment Buying An Item Through Category Successfully">TC004c_Installment_Buying_By_Category</span>
         </a>
  </td>
  
  <td class="TMDes">TC 004c: Verify Installment Buying An Item Through Category Successfully</td>

  <td class="duration">
    179.839s
  </td>
  <td class="result">
        
            


      </td>
</tr>
<tr>

  <td class="method">
    <a href="javascript:void(0)" onclick="clickHandler(this);" title="Click to expand/collapse">
                  <span class="description" title="TC 005a: Verify Order Best Buy Item By BuyNowButton Through Category Successfully">TC005a_Order_Best_Buy_Item_By_Category</span>
         </a>
  </td>
  
  <td class="TMDes">TC 005a: Verify Order Best Buy Item By BuyNowButton Through Category Successfully</td>

  <td class="duration">
    275.474s
  </td>
  <td class="result">
        
               

     <div id=TC005a_Order_Best_Buy_Item_By_Category class="testOutput" style="display: none;">
                           &lt;a href=&apos;/Users/ddinnguyeenx/eclipse-fptshop/QTiumFramework/src/Selenium-TestNG/failure-screenshots/06_08_2018 /safari/06_08_2018_09_55_42_TC005a_Order_Best_Buy_Item_By_Category.png&apos;&gt; &lt;img src=&apos;/Users/ddinnguyeenx/eclipse-fptshop/QTiumFramework/src/Selenium-TestNG/failure-screenshots/06_08_2018 /safari/06_08_2018_09_55_42_TC005a_Order_Best_Buy_Item_By_Category.png&apos; height=&apos;100&apos; width=&apos;100&apos;/&gt; &lt;/a&gt;<br />
                     </div>
     


        <a href="javascript:toggleElement('exception-21', 'block')" title="Click to expand/collapse"><b>java.lang.AssertionError: expected [true] but found [false]</b></a><br />
    <div class="stackTrace" id="exception-21">
              org.testng.Assert.fail(Assert.java:94)<br />
              org.testng.Assert.failNotEquals(Assert.java:496)<br />
              org.testng.Assert.assertTrue(Assert.java:42)<br />
              org.testng.Assert.assertTrue(Assert.java:52)<br />
              com.logigear.selenium.QTiumAssert.verifyTrue(QTiumAssert.java:14)<br />
              com.logigear.selenium.QTiumAssert.verifyTrue(QTiumAssert.java:27)<br />
              FptShop.OrderResultPage.checkOrderResult(OrderResultPage.java:37)<br />
              FptShop.FptShopTests.TC005a_Order_Best_Buy_Item_By_Category(FptShopTests.java:435)<br />
              sun.reflect.NativeMethodAccessorImpl.invoke0(Native Method)<br />
              sun.reflect.NativeMethodAccessorImpl.invoke(NativeMethodAccessorImpl.java:62)<br />
              sun.reflect.DelegatingMethodAccessorImpl.invoke(DelegatingMethodAccessorImpl.java:43)<br />
              java.lang.reflect.Method.invoke(Method.java:498)<br />
              org.testng.internal.MethodInvocationHelper.invokeMethod(MethodInvocationHelper.java:85)<br />
              org.testng.internal.Invoker.invokeMethod(Invoker.java:639)<br />
              org.testng.internal.Invoker.invokeTestMethod(Invoker.java:816)<br />
              org.testng.internal.Invoker.invokeTestMethods(Invoker.java:1124)<br />
              org.testng.internal.TestMethodWorker.invokeTestMethods(TestMethodWorker.java:125)<br />
              org.testng.internal.TestMethodWorker.run(TestMethodWorker.java:108)<br />
              org.testng.TestRunner.privateRun(TestRunner.java:774)<br />
              org.testng.TestRunner.run(TestRunner.java:624)<br />
              org.testng.SuiteRunner.runTest(SuiteRunner.java:359)<br />
              org.testng.SuiteRunner.runSequentially(SuiteRunner.java:354)<br />
              org.testng.SuiteRunner.privateRun(SuiteRunner.java:312)<br />
              org.testng.SuiteRunner.run(SuiteRunner.java:261)<br />
              org.testng.SuiteRunnerWorker.runSuite(SuiteRunnerWorker.java:52)<br />
              org.testng.SuiteRunnerWorker.run(SuiteRunnerWorker.java:86)<br />
              org.testng.TestNG.runSuitesSequentially(TestNG.java:1215)<br />
              org.testng.TestNG.runSuitesLocally(TestNG.java:1140)<br />
              org.testng.TestNG.run(TestNG.java:1048)<br />
              org.testng.remote.AbstractRemoteTestNG.run(AbstractRemoteTestNG.java:114)<br />
              org.testng.remote.RemoteTestNG.initAndRun(RemoteTestNG.java:251)<br />
              org.testng.remote.RemoteTestNG.main(RemoteTestNG.java:77)<br />
                </div>
      </td>
</tr>
<tr>

  <td class="method">
    <a href="javascript:void(0)" onclick="clickHandler(this);" title="Click to expand/collapse">
                  <span class="description" title="TC 005b: Verify Order Best Buy Item By ShopBookingLink Through Category Successfully">TC005b_Order_Best_Buy_Item_By_Category</span>
         </a>
  </td>
  
  <td class="TMDes">TC 005b: Verify Order Best Buy Item By ShopBookingLink Through Category Successfully</td>

  <td class="duration">
    275.524s
  </td>
  <td class="result">
        
               

     <div id=TC005b_Order_Best_Buy_Item_By_Category class="testOutput" style="display: none;">
                           &lt;a href=&apos;/Users/ddinnguyeenx/eclipse-fptshop/QTiumFramework/src/Selenium-TestNG/failure-screenshots/06_08_2018 /safari/06_08_2018_10_00_18_TC005b_Order_Best_Buy_Item_By_Category.png&apos;&gt; &lt;img src=&apos;/Users/ddinnguyeenx/eclipse-fptshop/QTiumFramework/src/Selenium-TestNG/failure-screenshots/06_08_2018 /safari/06_08_2018_10_00_18_TC005b_Order_Best_Buy_Item_By_Category.png&apos; height=&apos;100&apos; width=&apos;100&apos;/&gt; &lt;/a&gt;<br />
                     </div>
     


        <a href="javascript:toggleElement('exception-22', 'block')" title="Click to expand/collapse"><b>java.lang.AssertionError: expected [true] but found [false]</b></a><br />
    <div class="stackTrace" id="exception-22">
              org.testng.Assert.fail(Assert.java:94)<br />
              org.testng.Assert.failNotEquals(Assert.java:496)<br />
              org.testng.Assert.assertTrue(Assert.java:42)<br />
              org.testng.Assert.assertTrue(Assert.java:52)<br />
              com.logigear.selenium.QTiumAssert.verifyTrue(QTiumAssert.java:14)<br />
              com.logigear.selenium.QTiumAssert.verifyTrue(QTiumAssert.java:27)<br />
              FptShop.OrderResultPage.checkOrderResult(OrderResultPage.java:37)<br />
              FptShop.FptShopTests.TC005b_Order_Best_Buy_Item_By_Category(FptShopTests.java:416)<br />
              sun.reflect.NativeMethodAccessorImpl.invoke0(Native Method)<br />
              sun.reflect.NativeMethodAccessorImpl.invoke(NativeMethodAccessorImpl.java:62)<br />
              sun.reflect.DelegatingMethodAccessorImpl.invoke(DelegatingMethodAccessorImpl.java:43)<br />
              java.lang.reflect.Method.invoke(Method.java:498)<br />
              org.testng.internal.MethodInvocationHelper.invokeMethod(MethodInvocationHelper.java:85)<br />
              org.testng.internal.Invoker.invokeMethod(Invoker.java:639)<br />
              org.testng.internal.Invoker.invokeTestMethod(Invoker.java:816)<br />
              org.testng.internal.Invoker.invokeTestMethods(Invoker.java:1124)<br />
              org.testng.internal.TestMethodWorker.invokeTestMethods(TestMethodWorker.java:125)<br />
              org.testng.internal.TestMethodWorker.run(TestMethodWorker.java:108)<br />
              org.testng.TestRunner.privateRun(TestRunner.java:774)<br />
              org.testng.TestRunner.run(TestRunner.java:624)<br />
              org.testng.SuiteRunner.runTest(SuiteRunner.java:359)<br />
              org.testng.SuiteRunner.runSequentially(SuiteRunner.java:354)<br />
              org.testng.SuiteRunner.privateRun(SuiteRunner.java:312)<br />
              org.testng.SuiteRunner.run(SuiteRunner.java:261)<br />
              org.testng.SuiteRunnerWorker.runSuite(SuiteRunnerWorker.java:52)<br />
              org.testng.SuiteRunnerWorker.run(SuiteRunnerWorker.java:86)<br />
              org.testng.TestNG.runSuitesSequentially(TestNG.java:1215)<br />
              org.testng.TestNG.runSuitesLocally(TestNG.java:1140)<br />
              org.testng.TestNG.run(TestNG.java:1048)<br />
              org.testng.remote.AbstractRemoteTestNG.run(AbstractRemoteTestNG.java:114)<br />
              org.testng.remote.RemoteTestNG.initAndRun(RemoteTestNG.java:251)<br />
              org.testng.remote.RemoteTestNG.main(RemoteTestNG.java:77)<br />
                </div>
      </td>
</tr>
<tr>

  <td class="method">
    <a href="javascript:void(0)" onclick="clickHandler(this);" title="Click to expand/collapse">
                  <span class="description" title="TC 005c: Verify Installment Buying An Item Through Category Successfully">TC005c_Installment_Buying_Item_By_Category</span>
         </a>
  </td>
  
  <td class="TMDes">TC 005c: Verify Installment Buying An Item Through Category Successfully</td>

  <td class="duration">
    207.006s
  </td>
  <td class="result">
        
            


      </td>
</tr>
<tr>

  <td class="method">
    <a href="javascript:void(0)" onclick="clickHandler(this);" title="Click to expand/collapse">
                  <span class="description" title="TC 006b: Verify Order By Select An Item At Ranking Page Successfully">TC006b_Order_Item_Through_Ranking_Page</span>
         </a>
  </td>
  
  <td class="TMDes">TC 006b: Verify Order By Select An Item At Ranking Page Successfully</td>

  <td class="duration">
    291.226s
  </td>
  <td class="result">
        
               

     <div id=TC006b_Order_Item_Through_Ranking_Page class="testOutput" style="display: none;">
                           &lt;a href=&apos;/Users/ddinnguyeenx/eclipse-fptshop/QTiumFramework/src/Selenium-TestNG/failure-screenshots/06_08_2018 /safari/06_08_2018_10_10_14_TC006b_Order_Item_Through_Ranking_Page.png&apos;&gt; &lt;img src=&apos;/Users/ddinnguyeenx/eclipse-fptshop/QTiumFramework/src/Selenium-TestNG/failure-screenshots/06_08_2018 /safari/06_08_2018_10_10_14_TC006b_Order_Item_Through_Ranking_Page.png&apos; height=&apos;100&apos; width=&apos;100&apos;/&gt; &lt;/a&gt;<br />
                     </div>
     


        <a href="javascript:toggleElement('exception-24', 'block')" title="Click to expand/collapse"><b>java.lang.AssertionError: expected [true] but found [false]</b></a><br />
    <div class="stackTrace" id="exception-24">
              org.testng.Assert.fail(Assert.java:94)<br />
              org.testng.Assert.failNotEquals(Assert.java:496)<br />
              org.testng.Assert.assertTrue(Assert.java:42)<br />
              org.testng.Assert.assertTrue(Assert.java:52)<br />
              com.logigear.selenium.QTiumAssert.verifyTrue(QTiumAssert.java:14)<br />
              com.logigear.selenium.QTiumAssert.verifyTrue(QTiumAssert.java:27)<br />
              FptShop.OrderResultPage.checkOrderResult(OrderResultPage.java:37)<br />
              FptShop.FptShopTests.TC006b_Order_Item_Through_Ranking_Page(FptShopTests.java:366)<br />
              sun.reflect.NativeMethodAccessorImpl.invoke0(Native Method)<br />
              sun.reflect.NativeMethodAccessorImpl.invoke(NativeMethodAccessorImpl.java:62)<br />
              sun.reflect.DelegatingMethodAccessorImpl.invoke(DelegatingMethodAccessorImpl.java:43)<br />
              java.lang.reflect.Method.invoke(Method.java:498)<br />
              org.testng.internal.MethodInvocationHelper.invokeMethod(MethodInvocationHelper.java:85)<br />
              org.testng.internal.Invoker.invokeMethod(Invoker.java:639)<br />
              org.testng.internal.Invoker.invokeTestMethod(Invoker.java:816)<br />
              org.testng.internal.Invoker.invokeTestMethods(Invoker.java:1124)<br />
              org.testng.internal.TestMethodWorker.invokeTestMethods(TestMethodWorker.java:125)<br />
              org.testng.internal.TestMethodWorker.run(TestMethodWorker.java:108)<br />
              org.testng.TestRunner.privateRun(TestRunner.java:774)<br />
              org.testng.TestRunner.run(TestRunner.java:624)<br />
              org.testng.SuiteRunner.runTest(SuiteRunner.java:359)<br />
              org.testng.SuiteRunner.runSequentially(SuiteRunner.java:354)<br />
              org.testng.SuiteRunner.privateRun(SuiteRunner.java:312)<br />
              org.testng.SuiteRunner.run(SuiteRunner.java:261)<br />
              org.testng.SuiteRunnerWorker.runSuite(SuiteRunnerWorker.java:52)<br />
              org.testng.SuiteRunnerWorker.run(SuiteRunnerWorker.java:86)<br />
              org.testng.TestNG.runSuitesSequentially(TestNG.java:1215)<br />
              org.testng.TestNG.runSuitesLocally(TestNG.java:1140)<br />
              org.testng.TestNG.run(TestNG.java:1048)<br />
              org.testng.remote.AbstractRemoteTestNG.run(AbstractRemoteTestNG.java:114)<br />
              org.testng.remote.RemoteTestNG.initAndRun(RemoteTestNG.java:251)<br />
              org.testng.remote.RemoteTestNG.main(RemoteTestNG.java:77)<br />
                </div>
      </td>
</tr>
<tr>

  <td class="method">
    <a href="javascript:void(0)" onclick="clickHandler(this);" title="Click to expand/collapse">
                  <span class="description" title="TC 006d: Verify Installment Buying By Select An Item At Ranking Page Successfully">TC006d_Installment_Buying_Through_Ranking_Page</span>
         </a>
  </td>
  
  <td class="TMDes">TC 006d: Verify Installment Buying By Select An Item At Ranking Page Successfully</td>

  <td class="duration">
    175.529s
  </td>
  <td class="result">
        
            


      </td>
</tr>
<tr>

  <td class="method">
    <a href="javascript:void(0)" onclick="clickHandler(this);" title="Click to expand/collapse">
                  <span class="description" title="TC 007a: Verify Order An Item By Select Price Range At Category Page Successfully">TC007a_Order_By_Select_Price_Range_At_Category_Page</span>
         </a>
  </td>
  
  <td class="TMDes">TC 007a: Verify Order An Item By Select Price Range At Category Page Successfully</td>

  <td class="duration">
    280.820s
  </td>
  <td class="result">
        
               

     <div id=TC007a_Order_By_Select_Price_Range_At_Category_Page class="testOutput" style="display: none;">
                           &lt;a href=&apos;/Users/ddinnguyeenx/eclipse-fptshop/QTiumFramework/src/Selenium-TestNG/failure-screenshots/06_08_2018 /safari/06_08_2018_10_22_14_TC007a_Order_By_Select_Price_Range_At_Category_Page.png&apos;&gt; &lt;img src=&apos;/Users/ddinnguyeenx/eclipse-fptshop/QTiumFramework/src/Selenium-TestNG/failure-screenshots/06_08_2018 /safari/06_08_2018_10_22_14_TC007a_Order_By_Select_Price_Range_At_Category_Page.png&apos; height=&apos;100&apos; width=&apos;100&apos;/&gt; &lt;/a&gt;<br />
                     </div>
     


        <a href="javascript:toggleElement('exception-26', 'block')" title="Click to expand/collapse"><b>java.lang.AssertionError: expected [true] but found [false]</b></a><br />
    <div class="stackTrace" id="exception-26">
              org.testng.Assert.fail(Assert.java:94)<br />
              org.testng.Assert.failNotEquals(Assert.java:496)<br />
              org.testng.Assert.assertTrue(Assert.java:42)<br />
              org.testng.Assert.assertTrue(Assert.java:52)<br />
              com.logigear.selenium.QTiumAssert.verifyTrue(QTiumAssert.java:14)<br />
              com.logigear.selenium.QTiumAssert.verifyTrue(QTiumAssert.java:27)<br />
              FptShop.OrderResultPage.checkOrderResult(OrderResultPage.java:37)<br />
              FptShop.FptShopTests.TC007a_Order_By_Select_Price_Range_At_Category_Page(FptShopTests.java:303)<br />
              sun.reflect.NativeMethodAccessorImpl.invoke0(Native Method)<br />
              sun.reflect.NativeMethodAccessorImpl.invoke(NativeMethodAccessorImpl.java:62)<br />
              sun.reflect.DelegatingMethodAccessorImpl.invoke(DelegatingMethodAccessorImpl.java:43)<br />
              java.lang.reflect.Method.invoke(Method.java:498)<br />
              org.testng.internal.MethodInvocationHelper.invokeMethod(MethodInvocationHelper.java:85)<br />
              org.testng.internal.Invoker.invokeMethod(Invoker.java:639)<br />
              org.testng.internal.Invoker.invokeTestMethod(Invoker.java:816)<br />
              org.testng.internal.Invoker.invokeTestMethods(Invoker.java:1124)<br />
              org.testng.internal.TestMethodWorker.invokeTestMethods(TestMethodWorker.java:125)<br />
              org.testng.internal.TestMethodWorker.run(TestMethodWorker.java:108)<br />
              org.testng.TestRunner.privateRun(TestRunner.java:774)<br />
              org.testng.TestRunner.run(TestRunner.java:624)<br />
              org.testng.SuiteRunner.runTest(SuiteRunner.java:359)<br />
              org.testng.SuiteRunner.runSequentially(SuiteRunner.java:354)<br />
              org.testng.SuiteRunner.privateRun(SuiteRunner.java:312)<br />
              org.testng.SuiteRunner.run(SuiteRunner.java:261)<br />
              org.testng.SuiteRunnerWorker.runSuite(SuiteRunnerWorker.java:52)<br />
              org.testng.SuiteRunnerWorker.run(SuiteRunnerWorker.java:86)<br />
              org.testng.TestNG.runSuitesSequentially(TestNG.java:1215)<br />
              org.testng.TestNG.runSuitesLocally(TestNG.java:1140)<br />
              org.testng.TestNG.run(TestNG.java:1048)<br />
              org.testng.remote.AbstractRemoteTestNG.run(AbstractRemoteTestNG.java:114)<br />
              org.testng.remote.RemoteTestNG.initAndRun(RemoteTestNG.java:251)<br />
              org.testng.remote.RemoteTestNG.main(RemoteTestNG.java:77)<br />
                </div>
      </td>
</tr>
<tr>

  <td class="method">
    <a href="javascript:void(0)" onclick="clickHandler(this);" title="Click to expand/collapse">
                  <span class="description" title="TC 007c: Verify Installment Buying An Item By Select Price Range At Category Page Successfully">TC007c_Installment_Buying_By_Select_Price_Range_At_Category_Page</span>
         </a>
  </td>
  
  <td class="TMDes">TC 007c: Verify Installment Buying An Item By Select Price Range At Category Page Successfully</td>

  <td class="duration">
    188.468s
  </td>
  <td class="result">
        
            


      </td>
</tr>
<tr>

  <td class="method">
    <a href="javascript:void(0)" onclick="clickHandler(this);" title="Click to expand/collapse">
                  <span class="description" title="TC 008c: Verify Installment Buying An Item By Select Brand At Category Page Successfully">TC008c_Installment_Buying_By_Select_Brand_At_Category_Page</span>
         </a>
  </td>
  
  <td class="TMDes">TC 008c: Verify Installment Buying An Item By Select Brand At Category Page Successfully</td>

  <td class="duration">
    182.550s
  </td>
  <td class="result">
        
            


      </td>
</tr>
<tr>

  <td class="method">
    <a href="javascript:void(0)" onclick="clickHandler(this);" title="Click to expand/collapse">
                  <span class="description" title="TC 009a: Verify Order An Item By Select Item At Category Page Successfully">TC009a_Order_By_Select_Item_At_Category_Page</span>
         </a>
  </td>
  
  <td class="TMDes">TC 009a: Verify Order An Item By Select Item At Category Page Successfully</td>

  <td class="duration">
    279.872s
  </td>
  <td class="result">
        
               

     <div id=TC009a_Order_By_Select_Item_At_Category_Page class="testOutput" style="display: none;">
                           &lt;a href=&apos;/Users/ddinnguyeenx/eclipse-fptshop/QTiumFramework/src/Selenium-TestNG/failure-screenshots/06_08_2018 /safari/06_08_2018_10_52_59_TC009a_Order_By_Select_Item_At_Category_Page.png&apos;&gt; &lt;img src=&apos;/Users/ddinnguyeenx/eclipse-fptshop/QTiumFramework/src/Selenium-TestNG/failure-screenshots/06_08_2018 /safari/06_08_2018_10_52_59_TC009a_Order_By_Select_Item_At_Category_Page.png&apos; height=&apos;100&apos; width=&apos;100&apos;/&gt; &lt;/a&gt;<br />
                     </div>
     


        <a href="javascript:toggleElement('exception-29', 'block')" title="Click to expand/collapse"><b>java.lang.AssertionError: expected [true] but found [false]</b></a><br />
    <div class="stackTrace" id="exception-29">
              org.testng.Assert.fail(Assert.java:94)<br />
              org.testng.Assert.failNotEquals(Assert.java:496)<br />
              org.testng.Assert.assertTrue(Assert.java:42)<br />
              org.testng.Assert.assertTrue(Assert.java:52)<br />
              com.logigear.selenium.QTiumAssert.verifyTrue(QTiumAssert.java:14)<br />
              com.logigear.selenium.QTiumAssert.verifyTrue(QTiumAssert.java:27)<br />
              FptShop.OrderResultPage.checkOrderResult(OrderResultPage.java:37)<br />
              FptShop.FptShopTests.TC009a_Order_By_Select_Item_At_Category_Page(FptShopTests.java:165)<br />
              sun.reflect.NativeMethodAccessorImpl.invoke0(Native Method)<br />
              sun.reflect.NativeMethodAccessorImpl.invoke(NativeMethodAccessorImpl.java:62)<br />
              sun.reflect.DelegatingMethodAccessorImpl.invoke(DelegatingMethodAccessorImpl.java:43)<br />
              java.lang.reflect.Method.invoke(Method.java:498)<br />
              org.testng.internal.MethodInvocationHelper.invokeMethod(MethodInvocationHelper.java:85)<br />
              org.testng.internal.Invoker.invokeMethod(Invoker.java:639)<br />
              org.testng.internal.Invoker.invokeTestMethod(Invoker.java:816)<br />
              org.testng.internal.Invoker.invokeTestMethods(Invoker.java:1124)<br />
              org.testng.internal.TestMethodWorker.invokeTestMethods(TestMethodWorker.java:125)<br />
              org.testng.internal.TestMethodWorker.run(TestMethodWorker.java:108)<br />
              org.testng.TestRunner.privateRun(TestRunner.java:774)<br />
              org.testng.TestRunner.run(TestRunner.java:624)<br />
              org.testng.SuiteRunner.runTest(SuiteRunner.java:359)<br />
              org.testng.SuiteRunner.runSequentially(SuiteRunner.java:354)<br />
              org.testng.SuiteRunner.privateRun(SuiteRunner.java:312)<br />
              org.testng.SuiteRunner.run(SuiteRunner.java:261)<br />
              org.testng.SuiteRunnerWorker.runSuite(SuiteRunnerWorker.java:52)<br />
              org.testng.SuiteRunnerWorker.run(SuiteRunnerWorker.java:86)<br />
              org.testng.TestNG.runSuitesSequentially(TestNG.java:1215)<br />
              org.testng.TestNG.runSuitesLocally(TestNG.java:1140)<br />
              org.testng.TestNG.run(TestNG.java:1048)<br />
              org.testng.remote.AbstractRemoteTestNG.run(AbstractRemoteTestNG.java:114)<br />
              org.testng.remote.RemoteTestNG.initAndRun(RemoteTestNG.java:251)<br />
              org.testng.remote.RemoteTestNG.main(RemoteTestNG.java:77)<br />
                </div>
      </td>
</tr>
<tr>

  <td class="method">
    <a href="javascript:void(0)" onclick="clickHandler(this);" title="Click to expand/collapse">
                  <span class="description" title="TC 009b: Verify ShopBooking An Item By Select Item At Category Page Successfully">TC009b_Order_By_Select_Item_At_Category_Page</span>
         </a>
  </td>
  
  <td class="TMDes">TC 009b: Verify ShopBooking An Item By Select Item At Category Page Successfully</td>

  <td class="duration">
    280.675s
  </td>
  <td class="result">
        
               

     <div id=TC009b_Order_By_Select_Item_At_Category_Page class="testOutput" style="display: none;">
                           &lt;a href=&apos;/Users/ddinnguyeenx/eclipse-fptshop/QTiumFramework/src/Selenium-TestNG/failure-screenshots/06_08_2018 /safari/06_08_2018_10_57_40_TC009b_Order_By_Select_Item_At_Category_Page.png&apos;&gt; &lt;img src=&apos;/Users/ddinnguyeenx/eclipse-fptshop/QTiumFramework/src/Selenium-TestNG/failure-screenshots/06_08_2018 /safari/06_08_2018_10_57_40_TC009b_Order_By_Select_Item_At_Category_Page.png&apos; height=&apos;100&apos; width=&apos;100&apos;/&gt; &lt;/a&gt;<br />
                     </div>
     


        <a href="javascript:toggleElement('exception-30', 'block')" title="Click to expand/collapse"><b>java.lang.AssertionError: expected [true] but found [false]</b></a><br />
    <div class="stackTrace" id="exception-30">
              org.testng.Assert.fail(Assert.java:94)<br />
              org.testng.Assert.failNotEquals(Assert.java:496)<br />
              org.testng.Assert.assertTrue(Assert.java:42)<br />
              org.testng.Assert.assertTrue(Assert.java:52)<br />
              com.logigear.selenium.QTiumAssert.verifyTrue(QTiumAssert.java:14)<br />
              com.logigear.selenium.QTiumAssert.verifyTrue(QTiumAssert.java:27)<br />
              FptShop.OrderResultPage.checkOrderResult(OrderResultPage.java:37)<br />
              FptShop.FptShopTests.TC009b_Order_By_Select_Item_At_Category_Page(FptShopTests.java:144)<br />
              sun.reflect.NativeMethodAccessorImpl.invoke0(Native Method)<br />
              sun.reflect.NativeMethodAccessorImpl.invoke(NativeMethodAccessorImpl.java:62)<br />
              sun.reflect.DelegatingMethodAccessorImpl.invoke(DelegatingMethodAccessorImpl.java:43)<br />
              java.lang.reflect.Method.invoke(Method.java:498)<br />
              org.testng.internal.MethodInvocationHelper.invokeMethod(MethodInvocationHelper.java:85)<br />
              org.testng.internal.Invoker.invokeMethod(Invoker.java:639)<br />
              org.testng.internal.Invoker.invokeTestMethod(Invoker.java:816)<br />
              org.testng.internal.Invoker.invokeTestMethods(Invoker.java:1124)<br />
              org.testng.internal.TestMethodWorker.invokeTestMethods(TestMethodWorker.java:125)<br />
              org.testng.internal.TestMethodWorker.run(TestMethodWorker.java:108)<br />
              org.testng.TestRunner.privateRun(TestRunner.java:774)<br />
              org.testng.TestRunner.run(TestRunner.java:624)<br />
              org.testng.SuiteRunner.runTest(SuiteRunner.java:359)<br />
              org.testng.SuiteRunner.runSequentially(SuiteRunner.java:354)<br />
              org.testng.SuiteRunner.privateRun(SuiteRunner.java:312)<br />
              org.testng.SuiteRunner.run(SuiteRunner.java:261)<br />
              org.testng.SuiteRunnerWorker.runSuite(SuiteRunnerWorker.java:52)<br />
              org.testng.SuiteRunnerWorker.run(SuiteRunnerWorker.java:86)<br />
              org.testng.TestNG.runSuitesSequentially(TestNG.java:1215)<br />
              org.testng.TestNG.runSuitesLocally(TestNG.java:1140)<br />
              org.testng.TestNG.run(TestNG.java:1048)<br />
              org.testng.remote.AbstractRemoteTestNG.run(AbstractRemoteTestNG.java:114)<br />
              org.testng.remote.RemoteTestNG.initAndRun(RemoteTestNG.java:251)<br />
              org.testng.remote.RemoteTestNG.main(RemoteTestNG.java:77)<br />
                </div>
      </td>
</tr>
<tr>

  <td class="method">
    <a href="javascript:void(0)" onclick="clickHandler(this);" title="Click to expand/collapse">
                  <span class="description" title="TC 011a: Verify Order An Item At News Page Successfully">TC011a_Order_By_Select_Item_At_News_Page</span>
         </a>
  </td>
  
  <td class="TMDes">TC 011a: Verify Order An Item At News Page Successfully</td>

  <td class="duration">
    76.386s
  </td>
  <td class="result">
        
            


      </td>
</tr>
<tr>

  <td class="method">
    <a href="javascript:void(0)" onclick="clickHandler(this);" title="Click to expand/collapse">
                  <span class="description" title="TC 011b: Verify Installment Buying An Item By Select Item At News Page Successfully">TC011b_Installment_Buying_By_Select_Item_At_News_Page</span>
         </a>
  </td>
  
  <td class="TMDes">TC 011b: Verify Installment Buying An Item By Select Item At News Page Successfully</td>

  <td class="duration">
    77.322s
  </td>
  <td class="result">
        
            


      </td>
</tr>
      </table>
  
</body>
</html>
