<!DOCTYPE html PUBLIC "-//W3C//DTD HTML 4.01 Transitional//EN" "http://www.w3.org/TR/html4/loose.dtd">
<html>
<head>
<title>Test Results Report</title>
<meta http-equiv="Content-Type" content="text/html;charset=utf-8" />
<meta name="description" content="Test results report" />
<script type="text/javascript" src="reportng.js"></script>
<script langauge="JavaScript" type="text/javascript">
function clickHandler(e) {
 trElement = e.parentNode.parentNode;
 obj = trElement.getElementsByTagName('div').item(0); 
 if (obj.style.display=="none") {
  obj.style.display="block";
 }
 else {
  obj.style.display="none";
 }
}
</script>
<style type="text/css">
* {
	padding: 0;
	margin: 0;
}

a {
	color: #006699;
}

a:visited {
	color: #003366;
}

body {
	font-family: Lucida Sans Unicode, Lucida Grande, sans-serif;
	line-height: 1.8em;
	font-size: 62.5%;
	margin: 1.8em 1em;
}

h1 {
	font-family: Arial, Helvetica, sans-serif;
	font-weight: bold;
	font-size: 2.7em;
	margin-bottom: 0.6667em;
}

h2 {
	font-family: Arial, Helvetica, sans-serif;
	font-weight: bold;
	font-size: 1.8em;
	margin-bottom: 0;
	margin-top: 2em;
}

p {
	font-size: 1.3em;
}

td {
	font-size: 1.3em;
}

.header {
	font-size: 1.4em;
	font-weight: bold;
	text-align: left;
}

.passed {
	background-color: #44aa44;
}

.skipped {
	background-color: #ffaa00;
}

.failed {
	background-color: #ff4444;
}

.failedConfig {
	background-color: #800000;
	color: #ffffff
}

.skippedConfig {
	background-color: #cc6600;
	color: #ffffff
}

.totalLabel {
	font-weight: bold;
	background-color: #ffffff;
}

.suite {
	background-color: #ccc;
	font-weight: bold;
}

.test {
	background-color: #eeeeee;
	padding-left: 2em;
}

.test .passed {
	background-color: #88ee88;
}

.test .skipped {
	background-color: #ffff77;
}

.test .failed {
	background-color: #ff8888;
}

.group {
	background-color: #cccccc;
	color: #000000;
	font-weight: bold;
}

.suiteLinks {
	float: right;
	font-weight: normal;
	vertical-align: middle;
}

.suiteLinks a {
	color: #ffffff;
	margin-left: .5em;
}

.passRate {
	font-weight: bold;
	text-align: right;
}

.duration {
	text-align: right;
}

.thread {
	white-space: nowrap;
}

.resultsTable .TMDes {
	width: 40em;
	text-align: left;
}

.resultsTable {
	border: 0;
	width: 100%;
	margin-top: 1.8em;
	line-height: 1.7em;
	border-spacing: 0.1em;
}

.resultsTable .method {
	width: 10em;
}

.resultsTable .duration {
	width: 6em;
}

.resultsTable td {
	vertical-align: top;
	padding: 0 1em;
}

.resultsTable th {
	padding: 0 .5em;
}

.number {
	text-align: right;
}

.zero {
	font-weight: normal;
}

.columnHeadings {
	font-size: 1em;
}

.columnHeadings th {
	font-weight: normal;
}

.configTable {
	border: 1px solid #800000;
	color: #800000;
	margin-bottom: 1.5em;
}

#sidebarHeader {
	padding: 1.8em 1em;
	margin: 0 -1em 1.8em -1em;
}

#suites {
	line-height: 1.7em;
	border-spacing: 0.1em;
	width: 100%;
}

.tests {
	display: table-row-group;
}

.header.suite {
	cursor: pointer;
	clear: right;
	height: 1.214em;
	margin-top: 1px;
}

div.test {
	margin-top: 0.1em;
	clear: right;
	font-size: 1.3em;
}

/* The +/- toggle used in the navigation frame. */
.toggle {
	font-family: monospace;
	font-weight: bold;
	padding-left: 2px;
	padding-right: 5px;
	color: #777777;
}

.successIndicator {
	float: right;
	font-family: monospace;
	font-weight: bold;
	padding-right: 2px;
	color: #44aa44;
}

.skipIndicator {
	float: right;
	font-family: monospace;
	font-weight: bold;
	padding-right: 2px;
	color: #ffaa00;
}

.failureIndicator {
	float: right;
	font-family: monospace;
	font-weight: bold;
	padding-right: 2px;
	color: #ff4444;
}

/* These classes are for information about an individual test result. */
.result {
	font-size: 1.1em;
	vertical-align: middle;
}

.dependency {
	font-family: Lucida Console, Monaco, Courier New, monospace;
	font-weight: bold;
}

.arguments {
	font-family: Lucida Console, Monaco, Courier New, monospace;
	font-weight: bold;
}

.testOutput {
	font-family: Lucida Console, Monaco, Courier New, monospace;
	color: #666666;
}

.stackTrace {
	font-size: 0.9em;
	line-height: 1.2em;
	margin-left: 2em;
	display: none;
}

.stackTrace .stackTrace {
	font-size: inherit;
}

.description {
	border-bottom: 1px dotted #006699;
}

#meta {
	font-size: 1em;
	text-align: right;
	float: right;
}

#systemInfo {
	color: #666666;
}

/* Reporter log output (individual test ouput is style by "testOutput" above). */
#log {
	font-family: Lucida Console, Monaco, Courier New, monospace;
	font-size: 1.3em;
	margin-top: 1.8em;
}

.overviewTable {
	width: 100%;
	margin-top: 1.8em;
	line-height: 1.7em;
	border-spacing: 0.1em;
}

.overviewTable td {
	padding: 0 1em;
}

.overviewTable th {
	padding: 0 .5em;
}

.overviewTable .duration {
	width: 6em;
}

.overviewTable .passRate {
	width: 6em;
}

.overviewTable .number {
	width: 5em;
}

.overviewTable tr {
	height: 1.6em;
}
</style>
</head>
<body>

<script language="javascript" type="text/javascript">
function toggle(elementID){
var target1 = document.getElementById(elementID)
if (target1.style.display == 'none') {
target1.style.display = 'block'
} else {
target1.style.display = 'none'
}
}
</script>


	<div id="meta">
		Generated by <a href="http://www.testng.org" target="_top">TestNG</a> with <a href="http://reportng.dev.java.net" target="_top">ReportNG</a>
  		at 10:49 ICT on Thursday 23 August 2018
  		<br /><span id="systemInfo">ddinnguyeenx@ddins-MacBook-Air.local&nbsp;/&nbsp;Java 1.8.0_172 (Oracle Corporation)&nbsp;/&nbsp;Mac OS X 10.12 (x86_64)</span>
	</div>

	<h1>Test Results Report</h1>
	<div></div>

		<table class="overviewTable">
	  	  <tr>
	    <th colspan="8" class="header suite">
	      FptShop Daily Automaiton Tests
	    </th>
	  </tr>
	  <tr class="columnHeadings">
	    <td>Test</td>
	    <th>Duration</th>
	    <th>Passed</th>
	    <th>Skipped</th>
	    <th>Failed</th>
	    <th>Pass Rate</th>
	  </tr>
	  	
	  <tr class="test">
	    <td class="test">
	      <a href="#1">Selenium - TestNG - Safari on Mac</a>
	    </td>
	    <td class="duration">
	      200.573s
	    </td>
	
	    	    <td class="zero number">0</td>
	    	
	    	    <td class="zero number">0</td>
	    	
	    	    <td class="failed number">2</td>
	    	
	    <td class="passRate">
	      	      0%
	      	    </td>
	    
	    <td></td>
			
		<td></td>
	  </tr>
	  	
	  <tr class="suite">
	    <td class="totalLabel">Total</td>
	    
	    <td class="duration"></td>
	
	    	    <td class="zero number">0</td>
	    	
	    	    <td class="zero number">0</td>
	    	
	    	    <td class="failed number">2</td>
	    	
	    <td class="passRate suite">
	      	      0%
	      	    </td>
	    
	   	<td></td>
			
		<td></td>
	
	  </tr>
	</table>
	

	<a id="{#$velocityCount}"></a>
<h2>Selenium - TestNG - Safari on Mac</h2>
<p>
  Test duration: 200.573s
</p>
<script type="text/javascript" src="reportng.js"></script>


  <table class="resultsTable">
    <tr><th colspan="4" class="header failed">Failed Tests</th></tr>
          <tr>
        <td colspan="4" class="group">FptShop.FptShopTests</td>
      </tr>
            
<tr>

  <td class="method">
    <a href="javascript:void(0)" onclick="clickHandler(this);" title="Click to expand/collapse">
                  <span class="description" title="TC 010a: Verify Installment Buying At Installment Buying Category Page Successfully">TC010a_Installment_Buying_Through_Installment_Buying_Category_Page</span>
         </a>
  </td>
  
  <td class="TMDes">TC 010a: Verify Installment Buying At Installment Buying Category Page Successfully</td>

  <td class="duration">
    25.178s
  </td>
  <td class="result">
        
               

     <div id=TC010a_Installment_Buying_Through_Installment_Buying_Category_Page class="testOutput" style="display: none;">
                           &lt;a href=&apos;/Users/ddinnguyeenx/eclipse-fptshop/QTiumFramework/src/Selenium-TestNG/failure-screenshots/23_08_2018 /safari/23_08_2018_10_49_59_TC010a_Installment_Buying_Through_Installment_Buying_Category_Page.png&apos;&gt; &lt;img src=&apos;/Users/ddinnguyeenx/eclipse-fptshop/QTiumFramework/src/Selenium-TestNG/failure-screenshots/23_08_2018 /safari/23_08_2018_10_49_59_TC010a_Installment_Buying_Through_Installment_Buying_Category_Page.png&apos; height=&apos;100&apos; width=&apos;100&apos;/&gt; &lt;/a&gt;<br />
                     </div>
     


        <a href="javascript:toggleElement('exception-0', 'block')" title="Click to expand/collapse"><b>java.lang.IndexOutOfBoundsException: Index: 0, Size: 0</b></a><br />
    <div class="stackTrace" id="exception-0">
              java.util.ArrayList.rangeCheck(ArrayList.java:657)<br />
              java.util.ArrayList.get(ArrayList.java:433)<br />
              com.logigear.selenium.QTiumAutomation.switchTab(QTiumAutomation.java:184)<br />
              FptShop.InstallmentBuyingCategoryPage.installmentBuying(InstallmentBuyingCategoryPage.java:33)<br />
              FptShop.FptShopTests.TC010a_Installment_Buying_Through_Installment_Buying_Category_Page(FptShopTests.java:105)<br />
              sun.reflect.NativeMethodAccessorImpl.invoke0(Native Method)<br />
              sun.reflect.NativeMethodAccessorImpl.invoke(NativeMethodAccessorImpl.java:62)<br />
              sun.reflect.DelegatingMethodAccessorImpl.invoke(DelegatingMethodAccessorImpl.java:43)<br />
              java.lang.reflect.Method.invoke(Method.java:498)<br />
              org.testng.internal.MethodInvocationHelper.invokeMethod(MethodInvocationHelper.java:85)<br />
              org.testng.internal.Invoker.invokeMethod(Invoker.java:639)<br />
              org.testng.internal.Invoker.invokeTestMethod(Invoker.java:816)<br />
              org.testng.internal.Invoker.invokeTestMethods(Invoker.java:1124)<br />
              org.testng.internal.TestMethodWorker.invokeTestMethods(TestMethodWorker.java:125)<br />
              org.testng.internal.TestMethodWorker.run(TestMethodWorker.java:108)<br />
              org.testng.TestRunner.privateRun(TestRunner.java:774)<br />
              org.testng.TestRunner.run(TestRunner.java:624)<br />
              org.testng.SuiteRunner.runTest(SuiteRunner.java:359)<br />
              org.testng.SuiteRunner.runSequentially(SuiteRunner.java:354)<br />
              org.testng.SuiteRunner.privateRun(SuiteRunner.java:312)<br />
              org.testng.SuiteRunner.run(SuiteRunner.java:261)<br />
              org.testng.SuiteRunnerWorker.runSuite(SuiteRunnerWorker.java:52)<br />
              org.testng.SuiteRunnerWorker.run(SuiteRunnerWorker.java:86)<br />
              org.testng.TestNG.runSuitesSequentially(TestNG.java:1215)<br />
              org.testng.TestNG.runSuitesLocally(TestNG.java:1140)<br />
              org.testng.TestNG.run(TestNG.java:1048)<br />
              org.testng.remote.AbstractRemoteTestNG.run(AbstractRemoteTestNG.java:114)<br />
              org.testng.remote.RemoteTestNG.initAndRun(RemoteTestNG.java:251)<br />
              org.testng.remote.RemoteTestNG.main(RemoteTestNG.java:77)<br />
                </div>
      </td>
</tr>
<tr>

  <td class="method">
    <a href="javascript:void(0)" onclick="clickHandler(this);" title="Click to expand/collapse">
                  <span class="description" title="TC 010b: Verify Installment Buying Through Installment Buying Category Page Successfully">TC010b_Installment_Buying_Through_Installment_Buying_Category_Page</span>
         </a>
  </td>
  
  <td class="TMDes">TC 010b: Verify Installment Buying Through Installment Buying Category Page Successfully</td>

  <td class="duration">
    175.178s
  </td>
  <td class="result">
        
               

     <div id=TC010b_Installment_Buying_Through_Installment_Buying_Category_Page class="testOutput" style="display: none;">
                           &lt;a href=&apos;/Users/ddinnguyeenx/eclipse-fptshop/QTiumFramework/src/Selenium-TestNG/failure-screenshots/23_08_2018 /safari/23_08_2018_10_53_15_TC010b_Installment_Buying_Through_Installment_Buying_Category_Page.png&apos;&gt; &lt;img src=&apos;/Users/ddinnguyeenx/eclipse-fptshop/QTiumFramework/src/Selenium-TestNG/failure-screenshots/23_08_2018 /safari/23_08_2018_10_53_15_TC010b_Installment_Buying_Through_Installment_Buying_Category_Page.png&apos; height=&apos;100&apos; width=&apos;100&apos;/&gt; &lt;/a&gt;<br />
                     </div>
     


        <a href="javascript:toggleElement('exception-1', 'block')" title="Click to expand/collapse"><b>org.openqa.selenium.TimeoutException: Timed out after 30 seconds waiting for presence of element located by: By.xpath: //a[@class=&apos;fs-dti-tgop btn-ntc-ttd&apos;]<br/>
Build info: version: &apos;2.53.1&apos;, revision: &apos;a36b8b1&apos;, time: &apos;2016-06-30 17:32:46&apos;<br/>
System info: host: &apos;ddins-MacBook-Air.local&apos;, ip: &apos;192.168.0.108&apos;, os.name: &apos;Mac OS X&apos;, os.arch: &apos;x86_64&apos;, os.version: &apos;10.12&apos;, java.version: &apos;1.8.0_172&apos;<br/>
Driver info: org.openqa.selenium.safari.SafariDriver<br/>
Capabilities [{browserName=safari, takesScreenshot=true, javascriptEnabled=true, version=10.0, cssSelectorsEnabled=true, platform=MAC, secureSsl=true}]<br/>
Session ID: null</b></a><br />
    <div class="stackTrace" id="exception-1">
              org.openqa.selenium.support.ui.WebDriverWait.timeoutException(WebDriverWait.java:80)<br />
              org.openqa.selenium.support.ui.FluentWait.until(FluentWait.java:261)<br />
              com.logigear.selenium.QTiumAutomation.findElement(QTiumAutomation.java:243)<br />
              com.logigear.selenium.QTiumAutomation.scrollPageToElementJS(QTiumAutomation.java:487)<br />
              com.logigear.selenium.QTiumAutomation.scrollPageToElement(QTiumAutomation.java:481)<br />
              com.logigear.selenium.QTiumAutomation.scrollPageToElementAndClick(QTiumAutomation.java:461)<br />
              FptShop.ItemDetailPage.installmentBuying(ItemDetailPage.java:76)<br />
              FptShop.FptShopTests.TC010b_Installment_Buying_Through_Installment_Buying_Category_Page(FptShopTests.java:90)<br />
              sun.reflect.NativeMethodAccessorImpl.invoke0(Native Method)<br />
              sun.reflect.NativeMethodAccessorImpl.invoke(NativeMethodAccessorImpl.java:62)<br />
              sun.reflect.DelegatingMethodAccessorImpl.invoke(DelegatingMethodAccessorImpl.java:43)<br />
              java.lang.reflect.Method.invoke(Method.java:498)<br />
              org.testng.internal.MethodInvocationHelper.invokeMethod(MethodInvocationHelper.java:85)<br />
              org.testng.internal.Invoker.invokeMethod(Invoker.java:639)<br />
              org.testng.internal.Invoker.invokeTestMethod(Invoker.java:816)<br />
              org.testng.internal.Invoker.invokeTestMethods(Invoker.java:1124)<br />
              org.testng.internal.TestMethodWorker.invokeTestMethods(TestMethodWorker.java:125)<br />
              org.testng.internal.TestMethodWorker.run(TestMethodWorker.java:108)<br />
              org.testng.TestRunner.privateRun(TestRunner.java:774)<br />
              org.testng.TestRunner.run(TestRunner.java:624)<br />
              org.testng.SuiteRunner.runTest(SuiteRunner.java:359)<br />
              org.testng.SuiteRunner.runSequentially(SuiteRunner.java:354)<br />
              org.testng.SuiteRunner.privateRun(SuiteRunner.java:312)<br />
              org.testng.SuiteRunner.run(SuiteRunner.java:261)<br />
              org.testng.SuiteRunnerWorker.runSuite(SuiteRunnerWorker.java:52)<br />
              org.testng.SuiteRunnerWorker.run(SuiteRunnerWorker.java:86)<br />
              org.testng.TestNG.runSuitesSequentially(TestNG.java:1215)<br />
              org.testng.TestNG.runSuitesLocally(TestNG.java:1140)<br />
              org.testng.TestNG.run(TestNG.java:1048)<br />
              org.testng.remote.AbstractRemoteTestNG.run(AbstractRemoteTestNG.java:114)<br />
              org.testng.remote.RemoteTestNG.initAndRun(RemoteTestNG.java:251)<br />
              org.testng.remote.RemoteTestNG.main(RemoteTestNG.java:77)<br />
                    <b>Caused by: </b> <a href="javascript:toggleElement('exception-2', 'block')" title="Click to expand/collapse">org.openqa.selenium.NoSuchElementException: Could not find element: {&quot;using&quot;:&quot;xpath&quot;,&quot;value&quot;:&quot;//a[@class=&apos;fs-dti-tgop btn-ntc-ttd&apos;]&quot;} (WARNING: The server did not provide any stacktrace information)<br/>
Command duration or timeout: 30.09 seconds<br/>
For documentation on this error, please visit: http://seleniumhq.org/exceptions/no_such_element.html<br/>
Build info: version: &apos;2.53.1&apos;, revision: &apos;a36b8b1&apos;, time: &apos;2016-06-30 17:32:46&apos;<br/>
System info: host: &apos;ddins-MacBook-Air.local&apos;, ip: &apos;192.168.0.108&apos;, os.name: &apos;Mac OS X&apos;, os.arch: &apos;x86_64&apos;, os.version: &apos;10.12&apos;, java.version: &apos;1.8.0_172&apos;<br/>
Driver info: org.openqa.selenium.safari.SafariDriver<br/>
Capabilities [{browserName=safari, takesScreenshot=true, javascriptEnabled=true, version=10.0, cssSelectorsEnabled=true, platform=MAC, secureSsl=true}]<br/>
Session ID: null<br/>
*** Element info: {Using=xpath, value=//a[@class=&apos;fs-dti-tgop btn-ntc-ttd&apos;]}</a><br />
        <div class="stackTrace" id="exception-2">
                      sun.reflect.NativeConstructorAccessorImpl.newInstance0(Native Method)<br />
                      sun.reflect.NativeConstructorAccessorImpl.newInstance(NativeConstructorAccessorImpl.java:62)<br />
                      sun.reflect.DelegatingConstructorAccessorImpl.newInstance(DelegatingConstructorAccessorImpl.java:45)<br />
                      java.lang.reflect.Constructor.newInstance(Constructor.java:423)<br />
                      org.openqa.selenium.remote.ErrorHandler.createThrowable(ErrorHandler.java:206)<br />
                      org.openqa.selenium.remote.ErrorHandler.throwIfResponseFailed(ErrorHandler.java:158)<br />
                      org.openqa.selenium.remote.RemoteWebDriver.execute(RemoteWebDriver.java:678)<br />
                      org.openqa.selenium.remote.RemoteWebDriver.findElement(RemoteWebDriver.java:363)<br />
                      org.openqa.selenium.remote.RemoteWebDriver.findElementByXPath(RemoteWebDriver.java:500)<br />
                      org.openqa.selenium.By$ByXPath.findElement(By.java:361)<br />
                      org.openqa.selenium.remote.RemoteWebDriver.findElement(RemoteWebDriver.java:355)<br />
                      org.openqa.selenium.support.ui.ExpectedConditions.findElement(ExpectedConditions.java:899)<br />
                      org.openqa.selenium.support.ui.ExpectedConditions.access$0(ExpectedConditions.java:897)<br />
                      org.openqa.selenium.support.ui.ExpectedConditions$6.apply(ExpectedConditions.java:181)<br />
                      org.openqa.selenium.support.ui.ExpectedConditions$6.apply(ExpectedConditions.java:1)<br />
                      org.openqa.selenium.support.ui.FluentWait.until(FluentWait.java:238)<br />
                      com.logigear.selenium.QTiumAutomation.findElement(QTiumAutomation.java:243)<br />
                      com.logigear.selenium.QTiumAutomation.scrollPageToElementJS(QTiumAutomation.java:487)<br />
                      com.logigear.selenium.QTiumAutomation.scrollPageToElement(QTiumAutomation.java:481)<br />
                      com.logigear.selenium.QTiumAutomation.scrollPageToElementAndClick(QTiumAutomation.java:461)<br />
                      FptShop.ItemDetailPage.installmentBuying(ItemDetailPage.java:76)<br />
                      FptShop.FptShopTests.TC010b_Installment_Buying_Through_Installment_Buying_Category_Page(FptShopTests.java:90)<br />
                      sun.reflect.NativeMethodAccessorImpl.invoke0(Native Method)<br />
                      sun.reflect.NativeMethodAccessorImpl.invoke(NativeMethodAccessorImpl.java:62)<br />
                      sun.reflect.DelegatingMethodAccessorImpl.invoke(DelegatingMethodAccessorImpl.java:43)<br />
                      java.lang.reflect.Method.invoke(Method.java:498)<br />
                      org.testng.internal.MethodInvocationHelper.invokeMethod(MethodInvocationHelper.java:85)<br />
                      org.testng.internal.Invoker.invokeMethod(Invoker.java:639)<br />
                      org.testng.internal.Invoker.invokeTestMethod(Invoker.java:816)<br />
                      org.testng.internal.Invoker.invokeTestMethods(Invoker.java:1124)<br />
                      org.testng.internal.TestMethodWorker.invokeTestMethods(TestMethodWorker.java:125)<br />
                      org.testng.internal.TestMethodWorker.run(TestMethodWorker.java:108)<br />
                      org.testng.TestRunner.privateRun(TestRunner.java:774)<br />
                      org.testng.TestRunner.run(TestRunner.java:624)<br />
                      org.testng.SuiteRunner.runTest(SuiteRunner.java:359)<br />
                      org.testng.SuiteRunner.runSequentially(SuiteRunner.java:354)<br />
                      org.testng.SuiteRunner.privateRun(SuiteRunner.java:312)<br />
                      org.testng.SuiteRunner.run(SuiteRunner.java:261)<br />
                      org.testng.SuiteRunnerWorker.runSuite(SuiteRunnerWorker.java:52)<br />
                      org.testng.SuiteRunnerWorker.run(SuiteRunnerWorker.java:86)<br />
                      org.testng.TestNG.runSuitesSequentially(TestNG.java:1215)<br />
                      org.testng.TestNG.runSuitesLocally(TestNG.java:1140)<br />
                      org.testng.TestNG.run(TestNG.java:1048)<br />
                      org.testng.remote.AbstractRemoteTestNG.run(AbstractRemoteTestNG.java:114)<br />
                      org.testng.remote.RemoteTestNG.initAndRun(RemoteTestNG.java:251)<br />
                      org.testng.remote.RemoteTestNG.main(RemoteTestNG.java:77)<br />
                  </div>
          </div>
      </td>
</tr>
      </table>




	<!-- @author: vu.anh.nguyen@logigear.com 13 Oct, 2011 -->
	<!-- @author: truong.pham@logigear.com 26 Step, 2013 -->	
	
</body>
</html>